Log file open, 12/14/18 13:04:02
LogWindows: Failed to load 'aqProf.dll' (GetLastError=126)
LogWindows: File 'aqProf.dll' does not exist
LogWindows: Failed to load 'VtuneApi.dll' (GetLastError=126)
LogWindows: File 'VtuneApi.dll' does not exist
LogWindows: Failed to load 'VtuneApi32e.dll' (GetLastError=126)
LogWindows: File 'VtuneApi32e.dll' does not exist
LogConsoleResponse: Display: Failed to find resolution value strings in scalability ini. Falling back to default.
LogInit: Display: Running engine for game: BuildingEscape
LogPakFile: Registered encryption key '00000000000000000000000000000000': 0 pak files mounted, 0 remain pending
LogPlatformFile: Not using cached read wrapper
LogTaskGraph: Started task graph with 5 named threads and 11 total threads with 3 sets of task threads.
LogStats: Stats thread started at 0.159756
LogD3D11RHI: Loaded GFSDK_Aftermath_Lib.x64.dll
LogICUInternationalization: ICU TimeZone Detection - Raw Offset: +3:00, Platform Override: ''
LogPluginManager: Mounting plugin Paper2D
LogPluginManager: Mounting plugin AISupport
LogPluginManager: Mounting plugin LightPropagationVolume
LogPluginManager: Mounting plugin ActorLayerUtilities
LogPluginManager: Mounting plugin CLionSourceCodeAccess
LogPluginManager: Mounting plugin CodeLiteSourceCodeAccess
LogPluginManager: Mounting plugin GitSourceControl
LogPluginManager: Mounting plugin KDevelopSourceCodeAccess
LogPluginManager: Mounting plugin NullSourceCodeAccess
LogPluginManager: Mounting plugin PerforceSourceControl
LogPluginManager: Mounting plugin SubversionSourceControl
LogPluginManager: Mounting plugin UObjectPlugin
LogPluginManager: Mounting plugin VisualStudioCodeSourceCodeAccess
LogPluginManager: Mounting plugin VisualStudioSourceCodeAccess
LogPluginManager: Mounting plugin XCodeSourceCodeAccess
LogPluginManager: Mounting plugin AssetManagerEditor
LogPluginManager: Mounting plugin CryptoKeys
LogPluginManager: Mounting plugin DataValidation
LogPluginManager: Mounting plugin EditorScriptingUtilities
LogPluginManager: Mounting plugin FacialAnimation
LogPluginManager: Mounting plugin GameplayTagsEditor
LogPluginManager: Mounting plugin MacGraphicsSwitching
LogPluginManager: Mounting plugin MeshEditor
LogPluginManager: Mounting plugin MobileLauncherProfileWizard
LogPluginManager: Mounting plugin PluginBrowser
LogPluginManager: Mounting plugin SpeedTreeImporter
LogPluginManager: Mounting plugin DatasmithContent
LogPluginManager: Mounting plugin VariantManagerContent
LogPluginManager: Mounting plugin AlembicImporter
LogPluginManager: Mounting plugin AppleImageUtils
LogPluginManager: Mounting plugin AppleVision
LogPluginManager: Mounting plugin BackChannel
LogPluginManager: Mounting plugin CharacterAI
LogPluginManager: Mounting plugin GeometryCache
LogPluginManager: Mounting plugin HTML5Networking
LogPluginManager: Mounting plugin ProxyLODPlugin
LogPluginManager: Mounting plugin MagicLeap
LogPluginManager: Mounting plugin MagicLeapMedia
LogPluginManager: Mounting plugin AndroidMedia
LogPluginManager: Mounting plugin AvfMedia
LogPluginManager: Mounting plugin ImgMedia
LogPluginManager: Mounting plugin LinearTimecode
LogPluginManager: Mounting plugin MediaCompositing
LogPluginManager: Mounting plugin MediaPlayerEditor
LogPluginManager: Mounting plugin WebMMedia
LogPluginManager: Mounting plugin WmfMedia
LogPluginManager: Mounting plugin TcpMessaging
LogPluginManager: Mounting plugin UdpMessaging
LogPluginManager: Mounting plugin ActorSequence
LogPluginManager: Mounting plugin LevelSequenceEditor
LogPluginManager: Mounting plugin MatineeToLevelSequence
LogPluginManager: Mounting plugin NetcodeUnitTest
LogPluginManager: Mounting plugin NUTUnrealEngine4
LogPluginManager: Mounting plugin OnlineSubsystemGooglePlay
LogPluginManager: Mounting plugin OnlineSubsystemIOS
LogPluginManager: Mounting plugin OnlineSubsystem
LogPluginManager: Mounting plugin OnlineSubsystemNull
LogPluginManager: Mounting plugin OnlineSubsystemUtils
LogPluginManager: Mounting plugin LauncherChunkInstaller
LogPluginManager: Mounting plugin AndroidDeviceProfileSelector
LogPluginManager: Mounting plugin AndroidMoviePlayer
LogPluginManager: Mounting plugin AndroidPermission
LogPluginManager: Mounting plugin AppleMoviePlayer
LogPluginManager: Mounting plugin ArchVisCharacter
LogPluginManager: Mounting plugin AudioCapture
LogPluginManager: Mounting plugin CableComponent
LogPluginManager: Mounting plugin CustomMeshComponent
LogPluginManager: Mounting plugin EditableMesh
LogPluginManager: Mounting plugin ExampleDeviceProfileSelector
LogPluginManager: Mounting plugin Firebase
LogPluginManager: Mounting plugin GoogleCloudMessaging
LogPluginManager: Mounting plugin IOSDeviceProfileSelector
LogPluginManager: Mounting plugin LinuxDeviceProfileSelector
LogPluginManager: Mounting plugin LocationServicesBPLibrary
LogPluginManager: Mounting plugin MobilePatchingUtils
LogPluginManager: Mounting plugin OculusVR
LogPluginManager: Mounting plugin PhysXVehicles
LogPluginManager: Mounting plugin ProceduralMeshComponent
LogPluginManager: Mounting plugin RuntimePhysXCooking
LogPluginManager: Mounting plugin SteamVR
LogPluginManager: Mounting plugin WebMMoviePlayer
LogPluginManager: Mounting plugin WindowsMoviePlayer
LogPluginManager: Mounting plugin DatasmithCADImporter
LogPluginManager: Mounting plugin DatasmithFBXImporter
LogPluginManager: Mounting plugin DatasmithImporter
LogPluginManager: Mounting plugin MDLImporter
LogPluginManager: Mounting plugin StaticMeshEditorExtension
LogPluginManager: Mounting plugin VariantManager
LogStreaming: Display: Took  0.148s to configure plugins.
LogInit: Using libcurl 7.55.1-DEV
LogInit:  - built for x86_64-pc-win32
LogInit:  - supports SSL with OpenSSL/1.0.2h
LogInit:  - supports HTTP deflate (compression) using libz 1.2.8
LogInit:  - other features:
LogInit:      CURL_VERSION_SSL
LogInit:      CURL_VERSION_LIBZ
LogInit:      CURL_VERSION_IPV6
LogInit:      CURL_VERSION_ASYNCHDNS
LogInit:      CURL_VERSION_LARGEFILE
LogInit:      CURL_VERSION_IDN
LogInit:  CurlRequestOptions (configurable via config and command line):
LogInit:  - bVerifyPeer = true  - Libcurl will verify peer certificate
LogInit:  - bUseHttpProxy = false  - Libcurl will NOT use HTTP proxy
LogInit:  - bDontReuseConnections = false  - Libcurl will reuse connections
LogInit:  - MaxHostConnections = 16  - Libcurl will limit the number of connections to a host
LogInit:  - LocalHostAddr = Default
LogInit:  - BufferSize = 65536
LogInit: WinSock: version 1.1 (2.2), MaxSocks=32767, MaxUdp=65467
LogInit: Build: ++UE4+Release-4.21-CL-4541578
LogInit: Engine Version: 4.21.0-4541578+++UE4+Release-4.21
LogInit: Compatible Engine Version: 4.21.0-4541578+++UE4+Release-4.21
LogInit: Net CL: 4541578
LogInit: OS: Windows 10 (), CPU: Intel(R) Core(TM) i7-7600U CPU @ 2.80GHz, GPU: Intel(R) HD Graphics 620
LogInit: Compiled (64-bit): Nov  6 2018 02:04:24
LogInit: Compiled with Visual C++: 19.13.26129.00
LogInit: Build Configuration: Development
LogInit: Branch Name: ++UE4+Release-4.21
LogInit: Command Line:  -EpicPortal -epicusername=yauheni.dasko -epicuserid=4028069c601940f586943140cc16a6f7 -epiclocale=en-US
LogInit: Base Directory: C:/Program Files/Epic Games/UE_4.21/Engine/Binaries/Win64/
LogInit: Installed Engine Build: 1
LogDevObjectVersion: Number of dev versions registered: 22
LogDevObjectVersion:   Dev-Blueprints (B0D832E4-1F89-4F0D-ACCF-7EB736FD4AA2): 10
LogDevObjectVersion:   Dev-Build (E1C64328-A22C-4D53-A36C-8E866417BD8C): 0
LogDevObjectVersion:   Dev-Core (375EC13C-06E4-48FB-B500-84F0262A717E): 2
LogDevObjectVersion:   Dev-Editor (E4B068ED-F494-42E9-A231-DA0B2E46BB41): 26
LogDevObjectVersion:   Dev-Framework (CFFC743F-43B0-4480-9391-14DF171D2073): 34
LogDevObjectVersion:   Dev-Mobile (B02B49B5-BB20-44E9-A304-32B752E40360): 2
LogDevObjectVersion:   Dev-Networking (A4E4105C-59A1-49B5-A7C5-40C4547EDFEE): 0
LogDevObjectVersion:   Dev-Online (39C831C9-5AE6-47DC-9A44-9C173E1C8E7C): 0
LogDevObjectVersion:   Dev-Physics (78F01B33-EBEA-4F98-B9B4-84EACCB95AA2): 0
LogDevObjectVersion:   Dev-Platform (6631380F-2D4D-43E0-8009-CF276956A95A): 0
LogDevObjectVersion:   Dev-Rendering (12F88B9F-8875-4AFC-A67C-D90C383ABD29): 27
LogDevObjectVersion:   Dev-Sequencer (7B5AE74C-D270-4C10-A958-57980B212A5A): 9
LogDevObjectVersion:   Dev-VR (D7296918-1DD6-4BDD-9DE2-64A83CC13884): 2
LogDevObjectVersion:   Dev-LoadTimes (C2A15278-BFE7-4AFE-6C17-90FF531DF755): 1
LogDevObjectVersion:   Private-Geometry (6EACA3D4-40EC-4CC1-B786-8BED09428FC5): 3
LogDevObjectVersion:   Dev-AnimPhys (29E575DD-E0A3-4627-9D10-D276232CDCEA): 17
LogDevObjectVersion:   Dev-Anim (AF43A65D-7FD3-4947-9873-3E8ED9C1BB05): 2
LogDevObjectVersion:   Dev-ReflectionCapture (6B266CEC-1EC7-4B8F-A30B-E4D90942FC07): 1
LogDevObjectVersion:   Dev-Automation (0DF73D61-A23F-47EA-B727-89E90C41499A): 1
LogDevObjectVersion:   FortniteMain (601D1886-AC64-4F84-AA16-D3DE0DEAC7D6): 17
LogDevObjectVersion:   Dev-Enterprise (9DFFBCD6-494F-0158-E221-12823C92A888): 4
LogDevObjectVersion:   Dev-Niagara (F2AED0AC-9AFE-416F-8664-AA7FFA26D6FC): 1
LogStreaming: Display: Took  0.002s to delete old logs.
LogInit: Presizing for max 8388607 objects, including 0 objects not considered by GC, pre-allocating 0 bytes for permanent pool.
LogInit: Object subsystem initialized
LogConfig: Setting CVar [[con.DebugEarlyDefault:1]]
LogConfig: Setting CVar [[r.setres:1280x720]]
[2018.12.14-10.04.02:395][  0]LogConfig: Setting CVar [[r.VSync:0]]
[2018.12.14-10.04.02:395][  0]LogConfig: Setting CVar [[r.RHICmdBypass:0]]
[2018.12.14-10.04.02:395][  0]LogConfig: Applying CVar settings from Section [/Script/Engine.RendererSettings] File [C:/Users/Yauheni_Dasko/source/repos/Building_Escape/BuildingEscape/Saved/Config/Windows/Engine.ini]
[2018.12.14-10.04.02:395][  0]LogConfig: Setting CVar [[r.GPUCrashDebugging:0]]
[2018.12.14-10.04.02:395][  0]LogConfig: Applying CVar settings from Section [/Script/Engine.RendererOverrideSettings] File [C:/Users/Yauheni_Dasko/source/repos/Building_Escape/BuildingEscape/Saved/Config/Windows/Engine.ini]
[2018.12.14-10.04.02:395][  0]LogConfig: Applying CVar settings from Section [/Script/Engine.StreamingSettings] File [C:/Users/Yauheni_Dasko/source/repos/Building_Escape/BuildingEscape/Saved/Config/Windows/Engine.ini]
[2018.12.14-10.04.02:395][  0]LogConfig: Setting CVar [[s.MinBulkDataSizeForAsyncLoading:131072]]
[2018.12.14-10.04.02:395][  0]LogConfig: Setting CVar [[s.AsyncLoadingThreadEnabled:0]]
[2018.12.14-10.04.02:395][  0]LogConfig: Setting CVar [[s.EventDrivenLoaderEnabled:1]]
[2018.12.14-10.04.02:395][  0]LogConfig: Setting CVar [[s.WarnIfTimeLimitExceeded:0]]
[2018.12.14-10.04.02:395][  0]LogConfig: Setting CVar [[s.TimeLimitExceededMultiplier:1.5]]
[2018.12.14-10.04.02:395][  0]LogConfig: Setting CVar [[s.TimeLimitExceededMinTime:0.005]]
[2018.12.14-10.04.02:395][  0]LogConfig: Setting CVar [[s.UseBackgroundLevelStreaming:1]]
[2018.12.14-10.04.02:395][  0]LogConfig: Setting CVar [[s.PriorityAsyncLoadingExtraTime:15.0]]
[2018.12.14-10.04.02:395][  0]LogConfig: Setting CVar [[s.LevelStreamingActorsUpdateTimeLimit:5.0]]
[2018.12.14-10.04.02:395][  0]LogConfig: Setting CVar [[s.PriorityLevelStreamingActorsUpdateExtraTime:5.0]]
[2018.12.14-10.04.02:395][  0]LogConfig: Setting CVar [[s.LevelStreamingComponentsRegistrationGranularity:10]]
[2018.12.14-10.04.02:395][  0]LogConfig: Setting CVar [[s.UnregisterComponentsTimeLimit:1.0]]
[2018.12.14-10.04.02:395][  0]LogConfig: Setting CVar [[s.LevelStreamingComponentsUnregistrationGranularity:5]]
[2018.12.14-10.04.02:395][  0]LogConfig: Applying CVar settings from Section [/Script/Engine.GarbageCollectionSettings] File [C:/Users/Yauheni_Dasko/source/repos/Building_Escape/BuildingEscape/Saved/Config/Windows/Engine.ini]
[2018.12.14-10.04.02:395][  0]LogConfig: Setting CVar [[gc.MaxObjectsNotConsideredByGC:1]]
[2018.12.14-10.04.02:395][  0]LogConfig: Setting CVar [[gc.SizeOfPermanentObjectPool:0]]
[2018.12.14-10.04.02:395][  0]LogConfig: Setting CVar [[gc.FlushStreamingOnGC:0]]
[2018.12.14-10.04.02:395][  0]LogConfig: Setting CVar [[gc.NumRetriesBeforeForcingGC:10]]
[2018.12.14-10.04.02:395][  0]LogConfig: Setting CVar [[gc.AllowParallelGC:1]]
[2018.12.14-10.04.02:395][  0]LogConfig: Setting CVar [[gc.TimeBetweenPurgingPendingKillObjects:61.1]]
[2018.12.14-10.04.02:395][  0]LogConfig: Setting CVar [[gc.MaxObjectsInEditor:8388607]]
[2018.12.14-10.04.02:395][  0]LogConfig: Setting CVar [[gc.IncrementalBeginDestroyEnabled:1]]
[2018.12.14-10.04.02:395][  0]LogConfig: Setting CVar [[gc.CreateGCClusters:1]]
[2018.12.14-10.04.02:395][  0]LogConfig: Setting CVar [[gc.MergeGCClusters:0]]
[2018.12.14-10.04.02:395][  0]LogConfig: Setting CVar [[gc.MinGCClusterSize:5]]
[2018.12.14-10.04.02:395][  0]LogConfig: Setting CVar [[gc.ActorClusteringEnabled:0]]
[2018.12.14-10.04.02:395][  0]LogConfig: Setting CVar [[gc.BlueprintClusteringEnabled:0]]
[2018.12.14-10.04.02:395][  0]LogConfig: Setting CVar [[gc.UseDisregardForGCOnDedicatedServers:0]]
[2018.12.14-10.04.02:395][  0]LogConfig: Applying CVar settings from Section [/Script/Engine.NetworkSettings] File [C:/Users/Yauheni_Dasko/source/repos/Building_Escape/BuildingEscape/Saved/Config/Windows/Engine.ini]
[2018.12.14-10.04.02:395][  0]LogConfig: Applying CVar settings from Section [/Script/UnrealEd.CookerSettings] File [C:/Users/Yauheni_Dasko/source/repos/Building_Escape/BuildingEscape/Saved/Config/Windows/Engine.ini]
[2018.12.14-10.04.02:398][  0]LogConfig: Applying CVar settings from Section [ViewDistanceQuality@3] File [C:/Users/Yauheni_Dasko/source/repos/Building_Escape/BuildingEscape/Saved/Config/Windows/Scalability.ini]
[2018.12.14-10.04.02:398][  0]LogConfig: Setting CVar [[r.SkeletalMeshLODBias:0]]
[2018.12.14-10.04.02:398][  0]LogConfig: Setting CVar [[r.ViewDistanceScale:1.0]]
[2018.12.14-10.04.02:398][  0]LogConfig: Applying CVar settings from Section [AntiAliasingQuality@3] File [C:/Users/Yauheni_Dasko/source/repos/Building_Escape/BuildingEscape/Saved/Config/Windows/Scalability.ini]
[2018.12.14-10.04.02:398][  0]LogConfig: Setting CVar [[r.PostProcessAAQuality:4]]
[2018.12.14-10.04.02:398][  0]LogConfig: Applying CVar settings from Section [ShadowQuality@3] File [C:/Users/Yauheni_Dasko/source/repos/Building_Escape/BuildingEscape/Saved/Config/Windows/Scalability.ini]
[2018.12.14-10.04.02:398][  0]LogConfig: Setting CVar [[r.LightFunctionQuality:1]]
[2018.12.14-10.04.02:398][  0]LogConfig: Setting CVar [[r.ShadowQuality:5]]
[2018.12.14-10.04.02:398][  0]LogConfig: Setting CVar [[r.Shadow.CSM.MaxCascades:10]]
[2018.12.14-10.04.02:398][  0]LogConfig: Setting CVar [[r.Shadow.MaxResolution:2048]]
[2018.12.14-10.04.02:398][  0]LogConfig: Setting CVar [[r.Shadow.MaxCSMResolution:2048]]
[2018.12.14-10.04.02:398][  0]LogConfig: Setting CVar [[r.Shadow.RadiusThreshold:0.01]]
[2018.12.14-10.04.02:398][  0]LogConfig: Setting CVar [[r.Shadow.DistanceScale:1.0]]
[2018.12.14-10.04.02:398][  0]LogConfig: Setting CVar [[r.Shadow.CSM.TransitionScale:1.0]]
[2018.12.14-10.04.02:398][  0]LogConfig: Setting CVar [[r.Shadow.PreShadowResolutionFactor:1.0]]
[2018.12.14-10.04.02:398][  0]LogConfig: Setting CVar [[r.DistanceFieldShadowing:1]]
[2018.12.14-10.04.02:398][  0]LogConfig: Setting CVar [[r.DistanceFieldAO:1]]
[2018.12.14-10.04.02:398][  0]LogConfig: Setting CVar [[r.AOQuality:2]]
[2018.12.14-10.04.02:398][  0]LogConfig: Setting CVar [[r.VolumetricFog:1]]
[2018.12.14-10.04.02:398][  0]LogConfig: Setting CVar [[r.VolumetricFog.GridPixelSize:8]]
[2018.12.14-10.04.02:398][  0]LogConfig: Setting CVar [[r.VolumetricFog.GridSizeZ:128]]
[2018.12.14-10.04.02:398][  0]LogConfig: Setting CVar [[r.VolumetricFog.HistoryMissSupersampleCount:4]]
[2018.12.14-10.04.02:398][  0]LogConfig: Setting CVar [[r.LightMaxDrawDistanceScale:1]]
[2018.12.14-10.04.02:398][  0]LogConfig: Setting CVar [[r.CapsuleShadows:1]]
[2018.12.14-10.04.02:398][  0]LogConfig: Applying CVar settings from Section [PostProcessQuality@3] File [C:/Users/Yauheni_Dasko/source/repos/Building_Escape/BuildingEscape/Saved/Config/Windows/Scalability.ini]
[2018.12.14-10.04.02:398][  0]LogConfig: Setting CVar [[r.MotionBlurQuality:4]]
[2018.12.14-10.04.02:398][  0]LogConfig: Setting CVar [[r.AmbientOcclusionMipLevelFactor:0.4]]
[2018.12.14-10.04.02:398][  0]LogConfig: Setting CVar [[r.AmbientOcclusionMaxQuality:100]]
[2018.12.14-10.04.02:398][  0]LogConfig: Setting CVar [[r.AmbientOcclusionLevels:-1]]
[2018.12.14-10.04.02:398][  0]LogConfig: Setting CVar [[r.AmbientOcclusionRadiusScale:1.0]]
[2018.12.14-10.04.02:398][  0]LogConfig: Setting CVar [[r.DepthOfFieldQuality:2]]
[2018.12.14-10.04.02:398][  0]LogConfig: Setting CVar [[r.RenderTargetPoolMin:400]]
[2018.12.14-10.04.02:398][  0]LogConfig: Setting CVar [[r.LensFlareQuality:2]]
[2018.12.14-10.04.02:398][  0]LogConfig: Setting CVar [[r.SceneColorFringeQuality:1]]
[2018.12.14-10.04.02:398][  0]LogConfig: Setting CVar [[r.EyeAdaptationQuality:2]]
[2018.12.14-10.04.02:398][  0]LogConfig: Setting CVar [[r.BloomQuality:5]]
[2018.12.14-10.04.02:398][  0]LogConfig: Setting CVar [[r.FastBlurThreshold:100]]
[2018.12.14-10.04.02:398][  0]LogConfig: Setting CVar [[r.Upscale.Quality:3]]
[2018.12.14-10.04.02:398][  0]LogConfig: Setting CVar [[r.Tonemapper.GrainQuantization:1]]
[2018.12.14-10.04.02:398][  0]LogConfig: Setting CVar [[r.LightShaftQuality:1]]
[2018.12.14-10.04.02:398][  0]LogConfig: Setting CVar [[r.Filter.SizeScale:1]]
[2018.12.14-10.04.02:398][  0]LogConfig: Setting CVar [[r.Tonemapper.Quality:5]]
[2018.12.14-10.04.02:398][  0]LogConfig: Setting CVar [[r.DOF.Gather.AccumulatorQuality:1        ; higher gathering accumulator quality]]
[2018.12.14-10.04.02:398][  0]LogConfig: Setting CVar [[r.DOF.Gather.PostfilterMethod:1          ; Median3x3 postfilering method]]
[2018.12.14-10.04.02:398][  0]LogConfig: Setting CVar [[r.DOF.Gather.EnableBokehSettings:0       ; no bokeh simulation when gathering]]
[2018.12.14-10.04.02:398][  0]LogConfig: Setting CVar [[r.DOF.Gather.RingCount:4                 ; medium number of samples when gathering]]
[2018.12.14-10.04.02:398][  0]LogConfig: Setting CVar [[r.DOF.Scatter.ForegroundCompositing:1    ; additive foreground scattering]]
[2018.12.14-10.04.02:398][  0]LogConfig: Setting CVar [[r.DOF.Scatter.BackgroundCompositing:2    ; additive background scattering]]
[2018.12.14-10.04.02:398][  0]LogConfig: Setting CVar [[r.DOF.Scatter.EnableBokehSettings:1      ; bokeh simulation when scattering]]
[2018.12.14-10.04.02:398][  0]LogConfig: Setting CVar [[r.DOF.Scatter.MaxSpriteRatio:0.1         ; only a maximum of 10% of scattered bokeh]]
[2018.12.14-10.04.02:398][  0]LogConfig: Setting CVar [[r.DOF.Recombine.Quality:1                ; cheap slight out of focus]]
[2018.12.14-10.04.02:398][  0]LogConfig: Setting CVar [[r.DOF.Recombine.EnableBokehSettings:0    ; no bokeh simulation on slight out of focus]]
[2018.12.14-10.04.02:398][  0]LogConfig: Setting CVar [[r.DOF.TemporalAAQuality:1                ; more stable temporal accumulation]]
[2018.12.14-10.04.02:398][  0]LogConfig: Setting CVar [[r.DOF.Kernel.MaxForegroundRadius:0.025]]
[2018.12.14-10.04.02:398][  0]LogConfig: Setting CVar [[r.DOF.Kernel.MaxBackgroundRadius:0.025]]
[2018.12.14-10.04.02:398][  0]LogConfig: Applying CVar settings from Section [TextureQuality@3] File [C:/Users/Yauheni_Dasko/source/repos/Building_Escape/BuildingEscape/Saved/Config/Windows/Scalability.ini]
[2018.12.14-10.04.02:398][  0]LogConfig: Setting CVar [[r.Streaming.MipBias:0]]
[2018.12.14-10.04.02:398][  0]LogConfig: Setting CVar [[r.Streaming.AmortizeCPUToGPUCopy:0]]
[2018.12.14-10.04.02:398][  0]LogConfig: Setting CVar [[r.Streaming.MaxNumTexturesToStreamPerFrame:0]]
[2018.12.14-10.04.02:398][  0]LogConfig: Setting CVar [[r.Streaming.Boost:1]]
[2018.12.14-10.04.02:399][  0]LogConfig: Setting CVar [[r.MaxAnisotropy:8]]
[2018.12.14-10.04.02:399][  0]LogConfig: Setting CVar [[r.Streaming.LimitPoolSizeToVRAM:0]]
[2018.12.14-10.04.02:399][  0]LogConfig: Setting CVar [[r.Streaming.PoolSize:1000]]
[2018.12.14-10.04.02:399][  0]LogConfig: Setting CVar [[r.Streaming.MaxEffectiveScreenSize:0]]
[2018.12.14-10.04.02:399][  0]LogConfig: Applying CVar settings from Section [EffectsQuality@3] File [C:/Users/Yauheni_Dasko/source/repos/Building_Escape/BuildingEscape/Saved/Config/Windows/Scalability.ini]
[2018.12.14-10.04.02:399][  0]LogConfig: Setting CVar [[r.TranslucencyLightingVolumeDim:64]]
[2018.12.14-10.04.02:399][  0]LogConfig: Setting CVar [[r.RefractionQuality:2]]
[2018.12.14-10.04.02:399][  0]LogConfig: Setting CVar [[r.SSR.Quality:3]]
[2018.12.14-10.04.02:399][  0]LogConfig: Setting CVar [[r.SceneColorFormat:4]]
[2018.12.14-10.04.02:399][  0]LogConfig: Setting CVar [[r.DetailMode:2]]
[2018.12.14-10.04.02:399][  0]LogConfig: Setting CVar [[r.TranslucencyVolumeBlur:1]]
[2018.12.14-10.04.02:399][  0]LogConfig: Setting CVar [[r.MaterialQualityLevel:1 ; High quality]]
[2018.12.14-10.04.02:399][  0]LogConfig: Setting CVar [[r.SSS.Scale:1]]
[2018.12.14-10.04.02:399][  0]LogConfig: Setting CVar [[r.SSS.SampleSet:2]]
[2018.12.14-10.04.02:399][  0]LogConfig: Setting CVar [[r.SSS.Quality:1]]
[2018.12.14-10.04.02:399][  0]LogConfig: Setting CVar [[r.SSS.HalfRes:1]]
[2018.12.14-10.04.02:399][  0]LogConfig: Setting CVar [[r.EmitterSpawnRateScale:1.0]]
[2018.12.14-10.04.02:399][  0]LogConfig: Setting CVar [[r.ParticleLightQuality:2]]
[2018.12.14-10.04.02:399][  0]LogConfig: Applying CVar settings from Section [FoliageQuality@3] File [C:/Users/Yauheni_Dasko/source/repos/Building_Escape/BuildingEscape/Saved/Config/Windows/Scalability.ini]
[2018.12.14-10.04.02:399][  0]LogConfig: Setting CVar [[foliage.DensityScale:1.0]]
[2018.12.14-10.04.02:399][  0]LogConfig: Setting CVar [[grass.DensityScale:1.0]]
[2018.12.14-10.04.02:399][  0]LogInit: Selected Device Profile: [Windows]
[2018.12.14-10.04.02:399][  0]LogInit: Applying CVar settings loaded from the selected device profile: [Windows]
[2018.12.14-10.04.02:408][  0]LogHAL: Display: Platform has ~ 16 GB [17053196288 / 17179869184 / 16], which maps to Larger [LargestMinGB=32, LargerMinGB=12, DefaultMinGB=8, SmallerMinGB=6, SmallestMinGB=0)
[2018.12.14-10.04.02:408][  0]LogConfig: Setting CVar [[r.Vulkan.UseRealUBs:1]]
[2018.12.14-10.04.02:408][  0]LogInit: Going up to parent DeviceProfile []
[2018.12.14-10.04.02:408][  0]LogConfig: Applying CVar settings from Section [ViewDistanceQuality@3] File [C:/Users/Yauheni_Dasko/source/repos/Building_Escape/BuildingEscape/Saved/Config/Windows/Scalability.ini]
[2018.12.14-10.04.02:408][  0]LogConfig: Setting CVar [[r.SkeletalMeshLODBias:0]]
[2018.12.14-10.04.02:408][  0]LogConfig: Setting CVar [[r.ViewDistanceScale:1.0]]
[2018.12.14-10.04.02:408][  0]LogConfig: Applying CVar settings from Section [AntiAliasingQuality@3] File [C:/Users/Yauheni_Dasko/source/repos/Building_Escape/BuildingEscape/Saved/Config/Windows/Scalability.ini]
[2018.12.14-10.04.02:408][  0]LogConfig: Setting CVar [[r.PostProcessAAQuality:4]]
[2018.12.14-10.04.02:408][  0]LogConfig: Applying CVar settings from Section [ShadowQuality@3] File [C:/Users/Yauheni_Dasko/source/repos/Building_Escape/BuildingEscape/Saved/Config/Windows/Scalability.ini]
[2018.12.14-10.04.02:408][  0]LogConfig: Setting CVar [[r.LightFunctionQuality:1]]
[2018.12.14-10.04.02:408][  0]LogConfig: Setting CVar [[r.ShadowQuality:5]]
[2018.12.14-10.04.02:408][  0]LogConfig: Setting CVar [[r.Shadow.CSM.MaxCascades:10]]
[2018.12.14-10.04.02:408][  0]LogConfig: Setting CVar [[r.Shadow.MaxResolution:2048]]
[2018.12.14-10.04.02:408][  0]LogConfig: Setting CVar [[r.Shadow.MaxCSMResolution:2048]]
[2018.12.14-10.04.02:408][  0]LogConfig: Setting CVar [[r.Shadow.RadiusThreshold:0.01]]
[2018.12.14-10.04.02:408][  0]LogConfig: Setting CVar [[r.Shadow.DistanceScale:1.0]]
[2018.12.14-10.04.02:408][  0]LogConfig: Setting CVar [[r.Shadow.CSM.TransitionScale:1.0]]
[2018.12.14-10.04.02:408][  0]LogConfig: Setting CVar [[r.Shadow.PreShadowResolutionFactor:1.0]]
[2018.12.14-10.04.02:408][  0]LogConfig: Setting CVar [[r.DistanceFieldShadowing:1]]
[2018.12.14-10.04.02:408][  0]LogConfig: Setting CVar [[r.DistanceFieldAO:1]]
[2018.12.14-10.04.02:408][  0]LogConfig: Setting CVar [[r.AOQuality:2]]
[2018.12.14-10.04.02:408][  0]LogConfig: Setting CVar [[r.VolumetricFog:1]]
[2018.12.14-10.04.02:408][  0]LogConfig: Setting CVar [[r.VolumetricFog.GridPixelSize:8]]
[2018.12.14-10.04.02:408][  0]LogConfig: Setting CVar [[r.VolumetricFog.GridSizeZ:128]]
[2018.12.14-10.04.02:408][  0]LogConfig: Setting CVar [[r.VolumetricFog.HistoryMissSupersampleCount:4]]
[2018.12.14-10.04.02:408][  0]LogConfig: Setting CVar [[r.LightMaxDrawDistanceScale:1]]
[2018.12.14-10.04.02:408][  0]LogConfig: Setting CVar [[r.CapsuleShadows:1]]
[2018.12.14-10.04.02:409][  0]LogConfig: Applying CVar settings from Section [PostProcessQuality@3] File [C:/Users/Yauheni_Dasko/source/repos/Building_Escape/BuildingEscape/Saved/Config/Windows/Scalability.ini]
[2018.12.14-10.04.02:409][  0]LogConfig: Setting CVar [[r.MotionBlurQuality:4]]
[2018.12.14-10.04.02:409][  0]LogConfig: Setting CVar [[r.AmbientOcclusionMipLevelFactor:0.4]]
[2018.12.14-10.04.02:409][  0]LogConfig: Setting CVar [[r.AmbientOcclusionMaxQuality:100]]
[2018.12.14-10.04.02:409][  0]LogConfig: Setting CVar [[r.AmbientOcclusionLevels:-1]]
[2018.12.14-10.04.02:409][  0]LogConfig: Setting CVar [[r.AmbientOcclusionRadiusScale:1.0]]
[2018.12.14-10.04.02:409][  0]LogConfig: Setting CVar [[r.DepthOfFieldQuality:2]]
[2018.12.14-10.04.02:409][  0]LogConfig: Setting CVar [[r.RenderTargetPoolMin:400]]
[2018.12.14-10.04.02:409][  0]LogConfig: Setting CVar [[r.LensFlareQuality:2]]
[2018.12.14-10.04.02:409][  0]LogConfig: Setting CVar [[r.SceneColorFringeQuality:1]]
[2018.12.14-10.04.02:409][  0]LogConfig: Setting CVar [[r.EyeAdaptationQuality:2]]
[2018.12.14-10.04.02:409][  0]LogConfig: Setting CVar [[r.BloomQuality:5]]
[2018.12.14-10.04.02:409][  0]LogConfig: Setting CVar [[r.FastBlurThreshold:100]]
[2018.12.14-10.04.02:409][  0]LogConfig: Setting CVar [[r.Upscale.Quality:3]]
[2018.12.14-10.04.02:409][  0]LogConfig: Setting CVar [[r.Tonemapper.GrainQuantization:1]]
[2018.12.14-10.04.02:409][  0]LogConfig: Setting CVar [[r.LightShaftQuality:1]]
[2018.12.14-10.04.02:409][  0]LogConfig: Setting CVar [[r.Filter.SizeScale:1]]
[2018.12.14-10.04.02:409][  0]LogConfig: Setting CVar [[r.Tonemapper.Quality:5]]
[2018.12.14-10.04.02:409][  0]LogConfig: Setting CVar [[r.DOF.Gather.AccumulatorQuality:1        ; higher gathering accumulator quality]]
[2018.12.14-10.04.02:409][  0]LogConfig: Setting CVar [[r.DOF.Gather.PostfilterMethod:1          ; Median3x3 postfilering method]]
[2018.12.14-10.04.02:409][  0]LogConfig: Setting CVar [[r.DOF.Gather.EnableBokehSettings:0       ; no bokeh simulation when gathering]]
[2018.12.14-10.04.02:409][  0]LogConfig: Setting CVar [[r.DOF.Gather.RingCount:4                 ; medium number of samples when gathering]]
[2018.12.14-10.04.02:409][  0]LogConfig: Setting CVar [[r.DOF.Scatter.ForegroundCompositing:1    ; additive foreground scattering]]
[2018.12.14-10.04.02:409][  0]LogConfig: Setting CVar [[r.DOF.Scatter.BackgroundCompositing:2    ; additive background scattering]]
[2018.12.14-10.04.02:409][  0]LogConfig: Setting CVar [[r.DOF.Scatter.EnableBokehSettings:1      ; bokeh simulation when scattering]]
[2018.12.14-10.04.02:409][  0]LogConfig: Setting CVar [[r.DOF.Scatter.MaxSpriteRatio:0.1         ; only a maximum of 10% of scattered bokeh]]
[2018.12.14-10.04.02:409][  0]LogConfig: Setting CVar [[r.DOF.Recombine.Quality:1                ; cheap slight out of focus]]
[2018.12.14-10.04.02:409][  0]LogConfig: Setting CVar [[r.DOF.Recombine.EnableBokehSettings:0    ; no bokeh simulation on slight out of focus]]
[2018.12.14-10.04.02:409][  0]LogConfig: Setting CVar [[r.DOF.TemporalAAQuality:1                ; more stable temporal accumulation]]
[2018.12.14-10.04.02:409][  0]LogConfig: Setting CVar [[r.DOF.Kernel.MaxForegroundRadius:0.025]]
[2018.12.14-10.04.02:409][  0]LogConfig: Setting CVar [[r.DOF.Kernel.MaxBackgroundRadius:0.025]]
[2018.12.14-10.04.02:409][  0]LogConfig: Applying CVar settings from Section [TextureQuality@3] File [C:/Users/Yauheni_Dasko/source/repos/Building_Escape/BuildingEscape/Saved/Config/Windows/Scalability.ini]
[2018.12.14-10.04.02:409][  0]LogConfig: Setting CVar [[r.Streaming.MipBias:0]]
[2018.12.14-10.04.02:409][  0]LogConfig: Setting CVar [[r.Streaming.AmortizeCPUToGPUCopy:0]]
[2018.12.14-10.04.02:409][  0]LogConfig: Setting CVar [[r.Streaming.MaxNumTexturesToStreamPerFrame:0]]
[2018.12.14-10.04.02:409][  0]LogConfig: Setting CVar [[r.Streaming.Boost:1]]
[2018.12.14-10.04.02:409][  0]LogConfig: Setting CVar [[r.MaxAnisotropy:8]]
[2018.12.14-10.04.02:409][  0]LogConfig: Setting CVar [[r.Streaming.LimitPoolSizeToVRAM:0]]
[2018.12.14-10.04.02:409][  0]LogConfig: Setting CVar [[r.Streaming.PoolSize:1000]]
[2018.12.14-10.04.02:409][  0]LogConfig: Setting CVar [[r.Streaming.MaxEffectiveScreenSize:0]]
[2018.12.14-10.04.02:409][  0]LogConfig: Applying CVar settings from Section [EffectsQuality@3] File [C:/Users/Yauheni_Dasko/source/repos/Building_Escape/BuildingEscape/Saved/Config/Windows/Scalability.ini]
[2018.12.14-10.04.02:409][  0]LogConfig: Setting CVar [[r.TranslucencyLightingVolumeDim:64]]
[2018.12.14-10.04.02:409][  0]LogConfig: Setting CVar [[r.RefractionQuality:2]]
[2018.12.14-10.04.02:409][  0]LogConfig: Setting CVar [[r.SSR.Quality:3]]
[2018.12.14-10.04.02:409][  0]LogConfig: Setting CVar [[r.SceneColorFormat:4]]
[2018.12.14-10.04.02:409][  0]LogConfig: Setting CVar [[r.DetailMode:2]]
[2018.12.14-10.04.02:409][  0]LogConfig: Setting CVar [[r.TranslucencyVolumeBlur:1]]
[2018.12.14-10.04.02:409][  0]LogConfig: Setting CVar [[r.MaterialQualityLevel:1 ; High quality]]
[2018.12.14-10.04.02:409][  0]LogConfig: Setting CVar [[r.SSS.Scale:1]]
[2018.12.14-10.04.02:409][  0]LogConfig: Setting CVar [[r.SSS.SampleSet:2]]
[2018.12.14-10.04.02:409][  0]LogConfig: Setting CVar [[r.SSS.Quality:1]]
[2018.12.14-10.04.02:409][  0]LogConfig: Setting CVar [[r.SSS.HalfRes:1]]
[2018.12.14-10.04.02:409][  0]LogConfig: Setting CVar [[r.EmitterSpawnRateScale:1.0]]
[2018.12.14-10.04.02:409][  0]LogConfig: Setting CVar [[r.ParticleLightQuality:2]]
[2018.12.14-10.04.02:409][  0]LogConfig: Applying CVar settings from Section [FoliageQuality@3] File [C:/Users/Yauheni_Dasko/source/repos/Building_Escape/BuildingEscape/Saved/Config/Windows/Scalability.ini]
[2018.12.14-10.04.02:409][  0]LogConfig: Setting CVar [[foliage.DensityScale:1.0]]
[2018.12.14-10.04.02:409][  0]LogConfig: Setting CVar [[grass.DensityScale:1.0]]
[2018.12.14-10.04.02:409][  0]LogConfig: Applying CVar settings from Section [Startup] File [../../../Engine/Config/ConsoleVariables.ini]
[2018.12.14-10.04.02:409][  0]LogConfig: Setting CVar [[net.UseAdaptiveNetUpdateFrequency:0]]
[2018.12.14-10.04.02:410][  0]LogConfig: Applying CVar settings from Section [ConsoleVariables] File [C:/Users/Yauheni_Dasko/source/repos/Building_Escape/BuildingEscape/Saved/Config/Windows/Engine.ini]
[2018.12.14-10.04.02:410][  0]LogInit: Computer: EPBYMINW1694
[2018.12.14-10.04.02:410][  0]LogInit: User: YauheniDasko
[2018.12.14-10.04.02:410][  0]LogInit: CPU Page size=4096, Cores=2
[2018.12.14-10.04.02:410][  0]LogInit: High frequency timer resolution =2.835942 MHz
[2018.12.14-10.04.02:410][  0]LogMemory: Memory total: Physical=15.9GB (16GB approx)
[2018.12.14-10.04.02:410][  0]LogMemory: Platform Memory Stats for Windows
[2018.12.14-10.04.02:410][  0]LogMemory: Process Physical Memory: 102.75 MB used, 102.75 MB peak
[2018.12.14-10.04.02:410][  0]LogMemory: Process Virtual Memory: 84.55 MB used, 84.55 MB peak
[2018.12.14-10.04.02:410][  0]LogMemory: Physical Memory: 7777.00 MB used,  8486.20 MB free, 16263.20 MB total
[2018.12.14-10.04.02:410][  0]LogMemory: Virtual Memory: 4624.69 MB used,  134213104.00 MB free, 134217728.00 MB total
[2018.12.14-10.04.02:429][  0]LogInit: Using OS detected language (en-US).
[2018.12.14-10.04.02:429][  0]LogInit: Using OS detected locale (en-US).
[2018.12.14-10.04.02:430][  0]LogTextLocalizationManager: No specific localization for 'en-US' exists, so the 'en' localization will be used.
[2018.12.14-10.04.02:817][  0]LogStreaming: Display: Took  0.387s to InitEngineTextLocalization.
[2018.12.14-10.04.02:817][  0]LogInit: Setting process to per monitor DPI aware
[2018.12.14-10.04.02:841][  0]LogSlate: New Slate User Created.  User Index 0, Is Virtual User: 0
[2018.12.14-10.04.02:841][  0]LogSlate: Slate User Registered.  User Index 0, Is Virtual User: 0
[2018.12.14-10.04.03:067][  0]LogHMD: Failed to initialize OpenVR with code 110
[2018.12.14-10.04.03:067][  0]LogD3D11RHI: D3D11 adapters:
[2018.12.14-10.04.03:077][  0]LogD3D11RHI:    0. 'Intel(R) HD Graphics 620' (Feature Level 11_0)
[2018.12.14-10.04.03:077][  0]LogD3D11RHI:       128/0/8131 MB DedicatedVideo/DedicatedSystem/SharedSystem, Outputs:2, VendorId:0x8086
[2018.12.14-10.04.03:080][  0]LogD3D11RHI:    1. 'Microsoft Basic Render Driver' (Feature Level 11_0)
[2018.12.14-10.04.03:080][  0]LogD3D11RHI:       0/0/8131 MB DedicatedVideo/DedicatedSystem/SharedSystem, Outputs:0, VendorId:0x1414
[2018.12.14-10.04.03:080][  0]LogD3D11RHI: Chosen D3D11 Adapter: 0
[2018.12.14-10.04.03:087][  0]LogD3D11RHI: Creating new Direct3DDevice
[2018.12.14-10.04.03:087][  0]LogD3D11RHI:     GPU DeviceId: 0x5916 (for the marketing name, search the web for "GPU Device Id")
[2018.12.14-10.04.03:087][  0]LogWindows: EnumDisplayDevices:
[2018.12.14-10.04.03:087][  0]LogWindows:    0. 'Intel(R) HD Graphics 620' (P:1 D:1)
[2018.12.14-10.04.03:087][  0]LogWindows:    1. 'Intel(R) HD Graphics 620' (P:0 D:1)
[2018.12.14-10.04.03:088][  0]LogWindows:    2. 'Intel(R) HD Graphics 620' (P:0 D:0)
[2018.12.14-10.04.03:088][  0]LogWindows: DebugString: FoundDriverCount:3 
[2018.12.14-10.04.03:088][  0]LogD3D11RHI:     Adapter Name: Intel(R) HD Graphics 620
[2018.12.14-10.04.03:088][  0]LogD3D11RHI:   Driver Version: 21.20.16.4590 (internal:21.20.16.4590, unified:21.20.16.4590)
[2018.12.14-10.04.03:088][  0]LogD3D11RHI:      Driver Date: 1-18-2017
[2018.12.14-10.04.03:088][  0]LogRHI: Texture pool is 1523 MB (70% of 2176 MB)
[2018.12.14-10.04.03:109][  0]LogD3D11RHI: [IntelMetricsDiscovery] Started
[2018.12.14-10.04.03:109][  0]LogD3D11RHI: Async texture creation enabled
[2018.12.14-10.04.03:114][  0]LogD3D11RHI: GPU Timing Frequency: 12.000000 (Debug: 2 0)
[2018.12.14-10.04.03:514][  0]LogTemp: Display: Loaded TP AllDesktopTargetPlatform
[2018.12.14-10.04.03:526][  0]LogTemp: Display: Loaded TP MacClientTargetPlatform
[2018.12.14-10.04.03:538][  0]LogTemp: Display: Loaded TP MacNoEditorTargetPlatform
[2018.12.14-10.04.03:550][  0]LogTemp: Display: Loaded TP MacServerTargetPlatform
[2018.12.14-10.04.03:563][  0]LogTemp: Display: Loaded TP MacTargetPlatform
[2018.12.14-10.04.03:576][  0]LogTemp: Display: Loaded TP WindowsClientTargetPlatform
[2018.12.14-10.04.03:589][  0]LogTemp: Display: Loaded TP WindowsNoEditorTargetPlatform
[2018.12.14-10.04.03:601][  0]LogTemp: Display: Loaded TP WindowsServerTargetPlatform
[2018.12.14-10.04.03:608][  0]LogTemp: Display: Loaded TP WindowsTargetPlatform
[2018.12.14-10.04.03:685][  0]LogTemp: Display: Loaded TP AndroidTargetPlatform
[2018.12.14-10.04.03:685][  0]LogTemp: Display: Loaded TP AndroidTargetPlatform
[2018.12.14-10.04.03:685][  0]LogTemp: Display: Loaded TP AndroidTargetPlatform
[2018.12.14-10.04.03:685][  0]LogTemp: Display: Loaded TP AndroidTargetPlatform
[2018.12.14-10.04.03:685][  0]LogTemp: Display: Loaded TP AndroidTargetPlatform
[2018.12.14-10.04.03:685][  0]LogTemp: Display: Loaded TP AndroidTargetPlatform
[2018.12.14-10.04.03:685][  0]LogTemp: Display: Loaded TP AndroidTargetPlatform
[2018.12.14-10.04.03:685][  0]LogTemp: Display: Loaded TP AndroidTargetPlatform
[2018.12.14-10.04.03:685][  0]LogTemp: Display: Loaded TP AndroidTargetPlatform
[2018.12.14-10.04.03:685][  0]LogTemp: Display: Loaded TP AndroidTargetPlatform
[2018.12.14-10.04.03:685][  0]LogTemp: Display: Loaded TP AndroidTargetPlatform
[2018.12.14-10.04.03:685][  0]LogTemp: Display: Loaded TP AndroidTargetPlatform
[2018.12.14-10.04.03:685][  0]LogTemp: Display: Loaded TP AndroidTargetPlatform
[2018.12.14-10.04.03:685][  0]LogTemp: Display: Loaded TP AndroidTargetPlatform
[2018.12.14-10.04.03:685][  0]LogTemp: Display: Loaded TP AndroidTargetPlatform
[2018.12.14-10.04.03:685][  0]LogTemp: Display: Loaded TP AndroidTargetPlatform
[2018.12.14-10.04.03:685][  0]LogTemp: Display: Loaded TP AndroidTargetPlatform
[2018.12.14-10.04.03:685][  0]LogTemp: Display: Loaded TP AndroidTargetPlatform
[2018.12.14-10.04.03:686][  0]LogTemp: Display: Loaded TP HTML5TargetPlatform
[2018.12.14-10.04.03:760][  0]LogTemp: Display: Loaded TP IOSTargetPlatform
[2018.12.14-10.04.03:760][  0]LogTemp: Display: Loaded TP IOSTargetPlatform
[2018.12.14-10.04.03:792][  0]LogTemp: Display: Loaded TP TVOSTargetPlatform
[2018.12.14-10.04.03:792][  0]LogTemp: Display: Loaded TP TVOSTargetPlatform
[2018.12.14-10.04.03:803][  0]LogTemp: Display: Loaded TP LinuxClientTargetPlatform
[2018.12.14-10.04.03:815][  0]LogTemp: Display: Loaded TP LinuxNoEditorTargetPlatform
[2018.12.14-10.04.03:827][  0]LogTemp: Display: Loaded TP LinuxServerTargetPlatform
[2018.12.14-10.04.03:839][  0]LogTemp: Display: Loaded TP LinuxTargetPlatform
[2018.12.14-10.04.03:881][  0]LogTemp: Display: Loaded TP LuminTargetPlatform
[2018.12.14-10.04.03:881][  0]LogTemp: Display: Loaded TP LuminTargetPlatform
[2018.12.14-10.04.03:881][  0]LogTargetPlatformManager: Display: Building Assets For Windows
[2018.12.14-10.04.03:944][  0]LogShaderCompilers: Guid format shader working directory is -28 characters bigger than the processId version (../../../../../../Users/Yauheni_Dasko/source/repos/Building_Escape/BuildingEscape/Intermediate/Shaders/WorkingDirectory/14444/).
[2018.12.14-10.04.03:945][  0]LogShaderCompilers: Cleaned the shader compiler working directory 'C:/Users/Yauheni_Dasko/AppData/Local/Temp/UnrealShaderWorkingDir/3326828444D5F025829F46B200520EA5/'.
[2018.12.14-10.04.03:948][  0]LogXGEController: Cannot use XGE Controller as Incredibuild is not installed on this machine.
[2018.12.14-10.04.03:948][  0]LogShaderCompilers: Cannot use XGE Shader Compiler as Incredibuild is not installed on this machine.
[2018.12.14-10.04.03:948][  0]LogShaderCompilers: Display: Using Local Shader Compiler.
[2018.12.14-10.04.04:432][  0]LogDerivedDataCache: Display: Max Cache Size: 512 MB
[2018.12.14-10.04.04:488][  0]LogDerivedDataCache: Loaded boot cache 0.06s 71MB C:/Users/Yauheni_Dasko/AppData/Local/UnrealEngine/4.21/DerivedDataCache/Boot.ddc.
[2018.12.14-10.04.04:488][  0]LogDerivedDataCache: Display: Loaded Boot cache: C:/Users/Yauheni_Dasko/AppData/Local/UnrealEngine/4.21/DerivedDataCache/Boot.ddc
[2018.12.14-10.04.04:488][  0]LogDerivedDataCache: FDerivedDataBackendGraph:  Pak pak cache file ../../../../../../Users/Yauheni_Dasko/source/repos/Building_Escape/BuildingEscape/DerivedDataCache/DDC.ddp not found, will not use a pak cache.
[2018.12.14-10.04.04:488][  0]LogDerivedDataCache: Unable to find inner node Pak for hierarchical cache Hierarchy.
[2018.12.14-10.04.04:488][  0]LogDerivedDataCache: FDerivedDataBackendGraph:  CompressedPak pak cache file ../../../../../../Users/Yauheni_Dasko/source/repos/Building_Escape/BuildingEscape/DerivedDataCache/Compressed.ddp not found, will not use a pak cache.
[2018.12.14-10.04.04:488][  0]LogDerivedDataCache: Unable to find inner node CompressedPak for hierarchical cache Hierarchy.
[2018.12.14-10.04.04:500][  0]LogDerivedDataCache: Display: Pak cache opened for reading ../../../Engine/DerivedDataCache/Compressed.ddp.
[2018.12.14-10.04.04:503][  0]LogDerivedDataCache: Display: Pak cache opened for reading ../../../Enterprise/DerivedDataCache/Compressed.ddp.
[2018.12.14-10.04.04:518][  0]LogDerivedDataCache: Using Local data cache path C:/Users/Yauheni_Dasko/AppData/Local/UnrealEngine/Common/DerivedDataCache: Writable
[2018.12.14-10.04.04:518][  0]LogDerivedDataCache: Shared data cache path not found in *engine.ini, will not use an Shared cache.
[2018.12.14-10.04.04:518][  0]LogDerivedDataCache: Unable to find inner node Shared for hierarchical cache Hierarchy.
[2018.12.14-10.04.04:551][  0]LogMaterial: Verifying Global Shaders for PCD3D_SM5
[2018.12.14-10.04.04:553][  0]LogSlate: Using FreeType 2.6.0
[2018.12.14-10.04.04:554][  0]LogSlate: SlateFontServices - WITH_FREETYPE: 1, WITH_HARFBUZZ: 1
[2018.12.14-10.04.04:649][  0]LogAssetRegistry: FAssetRegistry took 0.0326 seconds to start up
[2018.12.14-10.04.04:959][  0]LogInit: Selected Device Profile: [Windows]
[2018.12.14-10.04.05:104][  0]LogSimplygon: Simplygon DLL not present - disabling.
[2018.12.14-10.04.05:108][  0]LogMeshReduction: Using SimplygonSwarm for distributed automatic mesh merging
[2018.12.14-10.04.05:109][  0]LogMeshReduction: Using ProxyLODMeshReduction for automatic mesh merging
[2018.12.14-10.04.05:109][  0]LogMeshReduction: Using QuadricMeshReduction for automatic static mesh reduction
[2018.12.14-10.04.05:109][  0]LogMeshReduction: No automatic skeletal mesh reduction module available
[2018.12.14-10.04.05:124][  0]LogNetVersion: BuildingEscape 1.0.0, NetCL: 4541578, EngineNetVer: 5, GameNetVer: 0 (Checksum: 3852057107)
[2018.12.14-10.04.05:767][  0]LogPackageLocalizationCache: Processed 14 localized package path(s) for 2 prioritized culture(s) in 0.133623 seconds
[2018.12.14-10.04.05:774][  0]LogUObjectArray: 39775 objects as part of root set at end of initial load.
[2018.12.14-10.04.05:774][  0]LogUObjectAllocator: 6914664 out of 0 bytes used by permanent object pool.
[2018.12.14-10.04.05:774][  0]LogUObjectArray: CloseDisregardForGC: 0/0 objects in disregard for GC pool
[2018.12.14-10.04.06:746][  0]LogTcpMessaging: Initializing TcpMessaging bridge
[2018.12.14-10.04.06:759][  0]LogUdpMessaging: Initializing bridge on interface 0.0.0.0:0 to multicast group 230.0.0.1:6666.
[2018.12.14-10.04.07:578][  0]SourceControl: Source control is disabled
[2018.12.14-10.04.07:578][  0]SourceControl: Source control is disabled
[2018.12.14-10.04.07:580][  0]SourceControl: Source control is disabled
[2018.12.14-10.04.07:582][  0]SourceControl: Source control is disabled
[2018.12.14-10.04.07:848][  0]LogAndroidPermission: UAndroidPermissionCallbackProxy::GetInstance
[2018.12.14-10.04.07:948][  0]LogOcInput: OculusInput pre-init called
[2018.12.14-10.04.09:774][  0]LogEngine: Initializing Engine...
[2018.12.14-10.04.09:775][  0]LogHMD: Failed to initialize OpenVR with code 110
[2018.12.14-10.04.09:777][  0]LogStats: UGameplayTagsManager::ConstructGameplayTagTree: ImportINI prefixes -  0.000 s
[2018.12.14-10.04.09:777][  0]LogStats: UGameplayTagsManager::ConstructGameplayTagTree: Construct from data asset -  0.000 s
[2018.12.14-10.04.09:777][  0]LogStats: UGameplayTagsManager::ConstructGameplayTagTree: ImportINI -  0.000 s
[2018.12.14-10.04.09:777][  0]LogStats: UGameplayTagsManager::ConstructGameplayTagTree: GameplayTagTreeChangedEvent.Broadcast -  0.000 s
[2018.12.14-10.04.10:016][  0]LogInit: Initializing FReadOnlyCVARCache
[2018.12.14-10.04.10:027][  0]LogAIModule: Creating AISystem for world Untitled
[2018.12.14-10.04.10:037][  0]LogInit: XAudio2 using 'Headset Earphone (Plantronics C320-M)' : 2 channels at 48 kHz using 16 bits per sample (channel mask 0x3)
[2018.12.14-10.04.10:059][  0]LogInit: FAudioDevice initialized.
[2018.12.14-10.04.10:059][  0]LogNetVersion: Set ProjectVersion to 1.0.0.0. Version Checksum will be recalculated on next use.
[2018.12.14-10.04.10:139][  0]LogDerivedDataCache: Saved boot cache 0.08s 71MB C:/Users/Yauheni_Dasko/AppData/Local/UnrealEngine/4.21/DerivedDataCache/Boot.ddc.
[2018.12.14-10.04.10:147][  0]LogInit: Texture streaming: Enabled
[2018.12.14-10.04.10:168][  0]LogEngineSessionManager: EngineSessionManager initialized
[2018.12.14-10.04.10:180][  0]LogInit: Transaction tracking system initialized
[2018.12.14-10.04.10:206][  0]BlueprintLog: New page: Editor Load
[2018.12.14-10.04.10:286][  0]LocalizationService: Localization service is disabled
[2018.12.14-10.04.10:766][  0]LogFileCache: Scanning file cache for directory 'C:/Users/Yauheni_Dasko/source/repos/Building_Escape/BuildingEscape/Content/' took 0.02s
[2018.12.14-10.04.10:766][  0]LogCook: Display: Max memory allowance for cook 16384mb min free memory 0mb
[2018.12.14-10.04.10:766][  0]LogCook: Display: Mobile HDR setting 1
[2018.12.14-10.04.10:766][  0]LogGameplayTags: Display: UGameplayTagsManager::DoneAddingNativeTags. DelegateIsBound: 0
[2018.12.14-10.04.10:766][  0]LogStats: UGameplayTagsManager::ConstructGameplayTagTree: ImportINI prefixes -  0.000 s
[2018.12.14-10.04.10:766][  0]LogStats: UGameplayTagsManager::ConstructGameplayTagTree: Construct from data asset -  0.000 s
[2018.12.14-10.04.10:767][  0]LogStats: UGameplayTagsManager::ConstructGameplayTagTree: ImportINI -  0.000 s
[2018.12.14-10.04.10:767][  0]LogStats: UGameplayTagsManager::ConstructGameplayTagTree: GameplayTagTreeChangedEvent.Broadcast -  0.000 s
[2018.12.14-10.04.12:137][  0]SourceControl: Source control is disabled
[2018.12.14-10.04.12:218][  0]LogSlate: Took 0.000303 seconds to synchronously load lazily loaded font '../../../Engine/Content/Slate/Fonts/Roboto-Regular.ttf' (155K)
[2018.12.14-10.04.19:580][  0]LogSlate: Window 'Restore Packages' being destroyed
[2018.12.14-10.04.19:580][  0]LogWindowsTextInputMethodSystem: Display: IME system now deactivated.
[2018.12.14-10.04.19:597][  0]LogWindowsTextInputMethodSystem: Display: IME system now deactivated.
[2018.12.14-10.04.20:730][  0]LogSlate: Window 'Unable to Check Out From Source Control!' being destroyed
[2018.12.14-10.04.20:731][  0]LogWindowsTextInputMethodSystem: Display: IME system now deactivated.
[2018.12.14-10.04.20:748][  0]LogWindowsTextInputMethodSystem: Display: IME system now deactivated.
[2018.12.14-10.04.20:749][  0]Cmd: MAP LOAD FILE="../../../../../../Users/Yauheni_Dasko/source/repos/Building_Escape/BuildingEscape/Content/NewMap.umap" TEMPLATE=0 SHOWPROGRESS=1 FEATURELEVEL=3
[2018.12.14-10.04.20:749][  0]LightingResults: New page: Lighting Build
[2018.12.14-10.04.20:754][  0]MapCheck: New page: Map Check
[2018.12.14-10.04.20:754][  0]LightingResults: New page: Lighting Build
[2018.12.14-10.04.21:142][  0]LogTexture: Display: Building textures: HQ_Lightmap1_2 (AutoDXT, 64X64)
[2018.12.14-10.04.21:142][  0]LogTexture: Display: Building textures: HQ_Lightmap1_1 (AutoDXT, 1024X1024)
[2018.12.14-10.04.21:142][  0]LogTexture: Display: Building textures: LQ_Lightmap_1_1 (DXT1, 1024X1024)
[2018.12.14-10.04.21:331][  0]LogTexture: Display: Building textures: LQ_Lightmap_1_2 (DXT1, 64X64)
[2018.12.14-10.04.21:331][  0]LogAIModule: Creating AISystem for world NewMap
[2018.12.14-10.04.21:341][  0]LogEditorServer: Finished looking for orphan Actors (0.000 secs)
[2018.12.14-10.04.21:403][  0]Cmd: MAP CHECKDEP NOCLEARLOG
[2018.12.14-10.04.21:403][  0]MapCheck: Map check complete: 0 Error(s), 0 Warning(s), took 0.233ms to complete.
[2018.12.14-10.04.21:403][  0]LogFileHelpers: Loading map 'NewMap' took 0.655
[2018.12.14-10.04.21:467][  0]LogSlate: Updating window title bar state: overlay mode, drag disabled, window buttons hidden, title bar hidden
[2018.12.14-10.04.21:474][  0]LogSlate: Updating window title bar state: overlay mode, drag disabled, window buttons hidden, title bar hidden
[2018.12.14-10.04.21:481][  0]LogSlate: Updating window title bar state: overlay mode, drag disabled, window buttons hidden, title bar hidden
[2018.12.14-10.04.21:487][  0]LogSlate: Updating window title bar state: overlay mode, drag disabled, window buttons hidden, title bar hidden
[2018.12.14-10.04.21:495][  0]LogCollectionManager: Loaded 0 collections in 0.001608 seconds
[2018.12.14-10.04.21:560][  0]LogFileCache: Scanning file cache for directory 'C:/Users/Yauheni_Dasko/source/repos/Building_Escape/BuildingEscape/Saved/Collections/' took 0.01s
[2018.12.14-10.04.21:560][  0]LogFileCache: Scanning file cache for directory 'C:/Users/Yauheni_Dasko/source/repos/Building_Escape/BuildingEscape/Content/Developers/YauheniDasko/Collections/' took 0.01s
[2018.12.14-10.04.21:560][  0]LogFileCache: Scanning file cache for directory 'C:/Users/Yauheni_Dasko/source/repos/Building_Escape/BuildingEscape/Content/Collections/' took 0.01s
[2018.12.14-10.04.21:560][  0]LogCollectionManager: Rebuilt the GUID cache for 0 collections in 0.000001 seconds
[2018.12.14-10.04.21:590][  0]LogContentBrowser: Native class hierarchy populated in 0.0302 seconds. Added 2712 classes and 655 folders.
[2018.12.14-10.04.21:605][  0]LogContentBrowser: Native class hierarchy updated for 'WidgetCarousel' in 0.0010 seconds. Added 0 classes and 0 folders.
[2018.12.14-10.04.21:612][  0]LogPakFile: Registered encryption key '00000000000000000000000000000000': 0 pak files mounted, 0 remain pending
[2018.12.14-10.04.21:613][  0]LogPakFile: Registered encryption key '00000000000000000000000000000000': 0 pak files mounted, 0 remain pending
[2018.12.14-10.04.21:614][  0]LogPakFile: Registered encryption key '00000000000000000000000000000000': 0 pak files mounted, 0 remain pending
[2018.12.14-10.04.21:615][  0]LogPakFile: Registered encryption key '00000000000000000000000000000000': 0 pak files mounted, 0 remain pending
[2018.12.14-10.04.21:616][  0]LogPakFile: Registered encryption key '00000000000000000000000000000000': 0 pak files mounted, 0 remain pending
[2018.12.14-10.04.21:616][  0]LogPakFile: Registered encryption key '00000000000000000000000000000000': 0 pak files mounted, 0 remain pending
[2018.12.14-10.04.21:617][  0]LogPakFile: Registered encryption key '00000000000000000000000000000000': 0 pak files mounted, 0 remain pending
[2018.12.14-10.04.21:618][  0]LogPakFile: Registered encryption key '00000000000000000000000000000000': 0 pak files mounted, 0 remain pending
[2018.12.14-10.04.21:619][  0]LogPakFile: Registered encryption key '00000000000000000000000000000000': 0 pak files mounted, 0 remain pending
[2018.12.14-10.04.21:620][  0]LogPakFile: Registered encryption key '00000000000000000000000000000000': 0 pak files mounted, 0 remain pending
[2018.12.14-10.04.21:621][  0]LogPakFile: Registered encryption key '00000000000000000000000000000000': 0 pak files mounted, 0 remain pending
[2018.12.14-10.04.21:622][  0]LogPakFile: Registered encryption key '00000000000000000000000000000000': 0 pak files mounted, 0 remain pending
[2018.12.14-10.04.21:623][  0]LogPakFile: Registered encryption key '00000000000000000000000000000000': 0 pak files mounted, 0 remain pending
[2018.12.14-10.04.21:624][  0]LogPakFile: Registered encryption key '00000000000000000000000000000000': 0 pak files mounted, 0 remain pending
[2018.12.14-10.04.21:625][  0]LogPakFile: Registered encryption key '00000000000000000000000000000000': 0 pak files mounted, 0 remain pending
[2018.12.14-10.04.21:626][  0]LogPakFile: Registered encryption key '00000000000000000000000000000000': 0 pak files mounted, 0 remain pending
[2018.12.14-10.04.21:627][  0]LogPakFile: Registered encryption key '00000000000000000000000000000000': 0 pak files mounted, 0 remain pending
[2018.12.14-10.04.21:628][  0]LogPakFile: Registered encryption key '00000000000000000000000000000000': 0 pak files mounted, 0 remain pending
[2018.12.14-10.04.21:629][  0]LogPakFile: Registered encryption key '00000000000000000000000000000000': 0 pak files mounted, 0 remain pending
[2018.12.14-10.04.21:630][  0]LogPakFile: Registered encryption key '00000000000000000000000000000000': 0 pak files mounted, 0 remain pending
[2018.12.14-10.04.21:631][  0]LogPakFile: Registered encryption key '00000000000000000000000000000000': 0 pak files mounted, 0 remain pending
[2018.12.14-10.04.21:631][  0]LogPakFile: Registered encryption key '00000000000000000000000000000000': 0 pak files mounted, 0 remain pending
[2018.12.14-10.04.21:632][  0]LogPakFile: Registered encryption key '00000000000000000000000000000000': 0 pak files mounted, 0 remain pending
[2018.12.14-10.04.21:633][  0]LogPakFile: Registered encryption key '00000000000000000000000000000000': 0 pak files mounted, 0 remain pending
[2018.12.14-10.04.21:634][  0]LogPakFile: Registered encryption key '00000000000000000000000000000000': 0 pak files mounted, 0 remain pending
[2018.12.14-10.04.21:635][  0]LogPakFile: Registered encryption key '00000000000000000000000000000000': 0 pak files mounted, 0 remain pending
[2018.12.14-10.04.21:636][  0]LogPakFile: Registered encryption key '00000000000000000000000000000000': 0 pak files mounted, 0 remain pending
[2018.12.14-10.04.21:637][  0]LogPakFile: Registered encryption key '00000000000000000000000000000000': 0 pak files mounted, 0 remain pending
[2018.12.14-10.04.21:678][  0]LogContentBrowser: Native class hierarchy updated for 'AddContentDialog' in 0.0003 seconds. Added 0 classes and 0 folders.
[2018.12.14-10.04.21:684][  0]LogContentBrowser: Native class hierarchy updated for 'SceneOutliner' in 0.0004 seconds. Added 1 classes and 2 folders.
[2018.12.14-10.04.21:697][  0]LogSlate: Took 0.000260 seconds to synchronously load lazily loaded font '../../../Engine/Content/Slate/Fonts/Roboto-Bold.ttf' (160K)
[2018.12.14-10.04.21:704][  0]LogSlate: Took 0.000376 seconds to synchronously load lazily loaded font '../../../Engine/Content/Editor/Slate/Fonts/FontAwesome.ttf' (139K)
[2018.12.14-10.04.21:765][  0]LogRenderer: Reallocating scene render targets to support 880x512 Format 10 NumSamples 1 (Frame:1).
[2018.12.14-10.04.22:374][  0]LogSlate: Took 0.000214 seconds to synchronously load lazily loaded font '../../../Engine/Content/Slate/Fonts/Roboto-Light.ttf' (167K)
[2018.12.14-10.04.22:448][  0]LogContentBrowser: Native class hierarchy updated for 'HierarchicalLODOutliner' in 0.0003 seconds. Added 0 classes and 0 folders.
[2018.12.14-10.04.22:449][  0]LogLoad: (Engine Initialization) Total time: 21.72 seconds
[2018.12.14-10.04.22:449][  0]LogLoad: (Engine Initialization) Total Blueprint compile time: 0.00 seconds
[2018.12.14-10.04.22:525][  0]LogContentStreaming: Texture pool size now 1000 MB
[2018.12.14-10.04.22:862][  1]LogAssetRegistry: Asset discovery search completed in 18.2366 seconds
[2018.12.14-10.04.22:865][  1]LogCollectionManager: Rebuilt the object cache for 0 collections in 0.000000 seconds (found 0 objects)
[2018.12.14-10.04.22:865][  1]LogCollectionManager: Fixed up redirectors for 0 collections in 0.000125 seconds (updated 0 objects)
[2018.12.14-10.04.38:530][553]LogEditorViewport: Clicking on Actor (LMB): StaticMeshActor (Wall_400x400)
[2018.12.14-10.04.40:041][593]Cmd: DELETE
[2018.12.14-10.04.40:041][593]Cmd: ACTOR DELETE
[2018.12.14-10.04.40:054][593]LogEditorActor: Deleted Actor: StaticMeshActor
[2018.12.14-10.04.40:107][593]LogEditorActor: Deleted 1 Actors (0.065 secs)
[2018.12.14-10.04.40:775][617]LogEditorViewport: Clicking on Actor (LMB): StaticMeshActor (Wall_400x401)
[2018.12.14-10.04.41:613][642]Cmd: DELETE
[2018.12.14-10.04.41:613][642]Cmd: ACTOR DELETE
[2018.12.14-10.04.41:621][642]LogEditorActor: Deleted Actor: StaticMeshActor
[2018.12.14-10.04.41:681][642]LogEditorActor: Deleted 1 Actors (0.067 secs)
[2018.12.14-10.04.45:019][715]LogSlate: FSceneViewport::OnFocusLost() reason 0
[2018.12.14-10.04.57:477][ 20]LogActorFactory: Actor Factory created Wall_Door_400x300
[2018.12.14-10.05.01:208][145]LogActorFactory: Actor Factory created Wall_Door_400x300
[2018.12.14-10.05.02:349][180]LogEditorViewport: Clicking on Actor (LMB): StaticMeshActor (SM_Door)
[2018.12.14-10.05.10:137][433]Cmd: TRANSACTION UNDO
[2018.12.14-10.05.10:137][433]LogEditorTransaction: Undo Snap Actors To Floor
[2018.12.14-10.05.10:183][433]LogSlate: Took 0.000680 seconds to synchronously load lazily loaded font '../../../Engine/Content/Slate/Fonts/Roboto-Light.ttf' (167K)
[2018.12.14-10.05.13:597][568]LogEditorViewport: Clicking on Actor (CTRL LMB): StaticMeshActor (SM_Door)
[2018.12.14-10.05.16:782][672]Cmd: TRANSACTION UNDO
[2018.12.14-10.05.16:782][672]LogEditorTransaction: Undo Snap Actors To Floor
[2018.12.14-10.05.17:236][695]Cmd: TRANSACTION UNDO
[2018.12.14-10.05.17:236][695]LogEditorTransaction: Undo Snap Actors To Floor
[2018.12.14-10.05.22:474][883]Cmd: TRANSACTION UNDO
[2018.12.14-10.05.22:474][883]LogEditorTransaction: Undo Snap Actors To Floor
[2018.12.14-10.05.25:730][  0]LogEditorViewport: Clicking on Actor (LMB): StaticMeshActor (SM_DoorFrame)
[2018.12.14-10.05.30:983][171]Cmd: TRANSACTION UNDO
[2018.12.14-10.05.30:984][171]LogEditorTransaction: Undo Snap Actors To Floor
[2018.12.14-10.05.31:538][200]Cmd: TRANSACTION UNDO
[2018.12.14-10.05.31:538][200]LogEditorTransaction: Undo Snap Actors To Floor
[2018.12.14-10.05.35:750][343]LogEditorViewport: Clicking on Actor (LMB): StaticMeshActor (Wall_Door_400x300)
[2018.12.14-10.05.43:085][578]LogEditorViewport: Clicking on Actor (LMB): StaticMeshActor (Wall_400x410)
[2018.12.14-10.05.54:211][921]Cmd: TRANSACTION UNDO
[2018.12.14-10.05.54:211][921]LogEditorTransaction: Undo Scale Actors
[2018.12.14-10.05.56:181][ 11]LogEditorViewport: Clicking on Actor (LMB): BP_Sky_Sphere_C (Sky Sphere)
[2018.12.14-10.06.08:313][370]LogEditorViewport: Clicking on Actor (LMB): StaticMeshActor (Wall_400x410)
[2018.12.14-10.06.12:688][507]Cmd: DELETE
[2018.12.14-10.06.12:689][507]Cmd: ACTOR DELETE
[2018.12.14-10.06.12:697][507]LogEditorActor: Deleted Actor: StaticMeshActor
[2018.12.14-10.06.12:752][507]LogEditorActor: Deleted 1 Actors (0.063 secs)
[2018.12.14-10.06.14:079][554]LogEditorViewport: Clicking on Actor (LMB): StaticMeshActor (Wall_400x406)
[2018.12.14-10.06.14:311][559]Cmd: DELETE
[2018.12.14-10.06.14:311][559]Cmd: ACTOR DELETE
[2018.12.14-10.06.14:316][559]LogEditorActor: Deleted Actor: StaticMeshActor
[2018.12.14-10.06.14:364][559]LogEditorActor: Deleted 1 Actors (0.052 secs)
[2018.12.14-10.06.15:431][598]LogEditorViewport: Clicking on Actor (LMB): StaticMeshActor (Wall_400x404)
[2018.12.14-10.06.15:680][604]Cmd: DELETE
[2018.12.14-10.06.15:680][604]Cmd: ACTOR DELETE
[2018.12.14-10.06.15:686][604]LogEditorActor: Deleted Actor: StaticMeshActor
[2018.12.14-10.06.15:734][604]LogEditorActor: Deleted 1 Actors (0.054 secs)
[2018.12.14-10.06.22:947][815]LogSlate: FSceneViewport::OnFocusLost() reason 0
[2018.12.14-10.06.23:141][819]LogActorFactory: Actor Factory created Wall_400x300
[2018.12.14-10.06.24:007][848]LogActorFactory: Actor Factory created Wall_400x300
[2018.12.14-10.06.38:133][280]LogEditorViewport: Clicking on Actor (LMB): StaticMeshActor (Wall_400x300)
[2018.12.14-10.06.43:722][460]LogEditorViewport: Clicking on Actor (LMB): StaticMeshActor (Wall_400x300)
[2018.12.14-10.06.43:841][461]LogEditorViewport: Clicking on Component (LMB): StaticMeshComponent (StaticMeshComponent0)
[2018.12.14-10.06.44:561][484]LogEditorViewport: Clicking on Component (LMB): StaticMeshComponent (StaticMeshComponent0)
[2018.12.14-10.06.44:660][485]LogEditorViewport: Clicking on Actor (double click): StaticMeshActor (Wall_400x300)
[2018.12.14-10.06.45:525][511]LogEditorViewport: Clicking on Actor (LMB): StaticMeshActor (Wall_400x300)
[2018.12.14-10.06.46:079][529]LogEditorViewport: Clicking on Actor (LMB): StaticMeshActor (Wall_400x300)
[2018.12.14-10.06.57:579][911]LogEditorViewport: Clicking on Actor (LMB): BP_Sky_Sphere_C (Sky Sphere)
[2018.12.14-10.07.07:700][200]LogEditorViewport: Clicking on Actor (LMB): StaticMeshActor (Wall_400x300)
[2018.12.14-10.07.09:054][239]LogSlate: FSceneViewport::OnFocusLost() reason 0
[2018.12.14-10.07.12:366][357]LogSlate: FSceneViewport::OnFocusLost() reason 2
[2018.12.14-10.07.16:300][501]LogSlate: FSceneViewport::OnFocusLost() reason 2
[2018.12.14-10.07.17:128][548]LogEditorViewport: Clicking Background
[2018.12.14-10.07.23:227][788]LogSlate: FSceneViewport::OnFocusLost() reason 2
[2018.12.14-10.07.23:277][789]LogEditorViewport: Clicking on Actor (LMB): StaticMeshActor (Wall_400x300)
[2018.12.14-10.07.26:489][910]LogSlate: FSceneViewport::OnFocusLost() reason 2
[2018.12.14-10.07.29:256][  4]LogSlate: FSceneViewport::OnFocusLost() reason 2
[2018.12.14-10.07.38:427][370]LogEditorViewport: Clicking on Actor (LMB): BP_Sky_Sphere_C (Sky Sphere)
[2018.12.14-10.07.39:392][405]LogSlate: FSceneViewport::OnFocusLost() reason 2
[2018.12.14-10.07.44:436][595]LogSlate: FSceneViewport::OnFocusLost() reason 2
[2018.12.14-10.07.44:481][596]LogEditorViewport: Clicking on Actor (LMB): StaticMeshActor (Wall_400x300)
[2018.12.14-10.07.50:513][831]LogSlate: FSceneViewport::OnFocusLost() reason 2
[2018.12.14-10.07.52:472][908]LogSlate: FSceneViewport::OnFocusLost() reason 2
[2018.12.14-10.07.52:516][909]LogEditorViewport: Clicking on Actor (LMB): StaticMeshActor (Wall_400x300)
[2018.12.14-10.07.53:736][955]LogSlate: FSceneViewport::OnFocusLost() reason 2
[2018.12.14-10.08.04:558][370]LogEditorViewport: Clicking on Actor (LMB): StaticMeshActor (Wall_400x300)
[2018.12.14-10.08.08:554][530]LogSlate: FSceneViewport::OnFocusLost() reason 2
[2018.12.14-10.08.09:734][600]LogEditorViewport: Clicking Background
[2018.12.14-10.08.10:700][649]LogEditorViewport: Clicking on Actor (LMB): StaticMeshActor (Wall_400x300)
[2018.12.14-10.08.15:730][860]LogSlate: FSceneViewport::OnFocusLost() reason 2
[2018.12.14-10.08.19:151][999]LogEditorViewport: Clicking on Actor (LMB): StaticMeshActor (Floor)
[2018.12.14-10.08.20:867][ 57]LogEditorViewport: Clicking on Actor (LMB): BP_Sky_Sphere_C (Sky Sphere)
[2018.12.14-10.08.28:311][351]LogEditorViewport: Clicking on Actor (LMB): StaticMeshActor (Wall_400x300)
[2018.12.14-10.08.30:558][437]LogSlate: FSceneViewport::OnFocusLost() reason 2
[2018.12.14-10.08.34:924][606]LogSlate: FSceneViewport::OnFocusLost() reason 2
[2018.12.14-10.08.39:600][788]LogSlate: FSceneViewport::OnFocusLost() reason 2
[2018.12.14-10.08.39:668][789]LogEditorViewport: Clicking Background
[2018.12.14-10.08.49:391][162]LogSlate: FSceneViewport::OnFocusLost() reason 2
[2018.12.14-10.08.51:006][227]LogSlate: FSceneViewport::OnFocusLost() reason 2
[2018.12.14-10.08.51:055][228]LogEditorViewport: Clicking on Actor (LMB): StaticMeshActor (Wall_400x300)
[2018.12.14-10.08.53:024][302]LogSlate: FSceneViewport::OnFocusLost() reason 2
[2018.12.14-10.09.01:199][600]LogSlate: FSceneViewport::OnFocusLost() reason 2
[2018.12.14-10.09.06:680][796]LogSlate: FSceneViewport::OnFocusLost() reason 2
[2018.12.14-10.09.06:750][797]LogEditorViewport: Clicking on Actor (LMB): BP_Sky_Sphere_C (Sky Sphere)
[2018.12.14-10.09.07:924][841]LogSlate: FSceneViewport::OnFocusLost() reason 0
[2018.12.14-10.09.11:469][942]LogEditorViewport: Clicking on Actor (LMB): StaticMeshActor (Wall_400x300)
[2018.12.14-10.09.13:790][ 10]LogSlate: FSceneViewport::OnFocusLost() reason 0
[2018.12.14-10.09.20:211][256]LogSlate: FSceneViewport::OnFocusLost() reason 2
[2018.12.14-10.09.26:084][482]LogSlate: FSceneViewport::OnFocusLost() reason 0
[2018.12.14-10.09.29:313][659]LogEditorViewport: Clicking on Actor (LMB): StaticMeshActor (Wall_400x300)
[2018.12.14-10.09.37:770][161]LogEditorViewport: Clicking on Actor (LMB): StaticMeshActor (Wall_400x300)
[2018.12.14-10.09.42:112][416]LogEditorViewport: Clicking Background
[2018.12.14-10.09.42:875][461]LogEditorViewport: Clicking on Actor (LMB): StaticMeshActor (Floor)
[2018.12.14-10.09.47:703][741]LogEditorViewport: Clicking on Actor (LMB): StaticMeshActor (Floor)
[2018.12.14-10.09.47:787][743]LogEditorViewport: Clicking on Component (LMB): StaticMeshComponent (StaticMeshComponent0)
[2018.12.14-10.09.48:471][781]LogEditorViewport: Clicking on Component (LMB): StaticMeshComponent (StaticMeshComponent0)
[2018.12.14-10.09.48:573][786]LogEditorViewport: Clicking on Actor (double click): StaticMeshActor (Floor)
[2018.12.14-10.09.50:380][890]LogEditorViewport: Clicking on Actor (LMB): StaticMeshActor (Wall_400x300)
[2018.12.14-10.10.02:296][597]LogEditorViewport: Clicking on Actor (LMB): StaticMeshActor (Floor)
[2018.12.14-10.10.03:148][644]LogEditorViewport: Clicking on Actor (LMB): StaticMeshActor (Wall_400x300)
[2018.12.14-10.10.10:700][ 92]LogSlate: FSceneViewport::OnFocusLost() reason 0
[2018.12.14-10.10.16:001][403]LogEditorViewport: Clicking on Actor (LMB): StaticMeshActor (Floor)
[2018.12.14-10.10.16:803][447]LogEditorViewport: Clicking on Actor (LMB): StaticMeshActor (Floor)
[2018.12.14-10.10.17:375][480]LogEditorViewport: Clicking Background
[2018.12.14-10.10.17:483][486]LogEditorViewport: Clicking Background
[2018.12.14-10.10.17:932][513]LogEditorViewport: Clicking Background
[2018.12.14-10.10.18:316][536]LogEditorViewport: Clicking Background
[2018.12.14-10.10.18:619][554]LogEditorViewport: Clicking Background
[2018.12.14-10.10.18:836][567]LogEditorViewport: Clicking Background
[2018.12.14-10.10.19:035][579]LogEditorViewport: Clicking Background
[2018.12.14-10.10.19:619][614]LogEditorViewport: Clicking Background
[2018.12.14-10.10.21:397][717]LogEditorViewport: Clicking Background
[2018.12.14-10.10.22:039][755]LogEditorViewport: Clicking Background
[2018.12.14-10.10.22:327][771]LogSlate: FSceneViewport::OnFocusLost() reason 2
[2018.12.14-10.10.22:827][801]LogEditorViewport: Clicking Background
[2018.12.14-10.10.23:211][824]LogEditorViewport: Clicking Background
[2018.12.14-10.10.24:489][900]LogEditorViewport: Clicking Background
[2018.12.14-10.10.24:589][906]LogEditorViewport: Clicking Background
[2018.12.14-10.10.26:494][ 20]LogEditorViewport: Clicking on Actor (LMB): StaticMeshActor (Wall_400x300)
[2018.12.14-10.10.42:623][979]LogEditorViewport: Clicking Background
[2018.12.14-10.10.43:350][ 22]LogEditorViewport: Clicking Background
[2018.12.14-10.10.46:939][237]LogSlate: FSceneViewport::OnFocusLost() reason 0
[2018.12.14-10.11.00:501][ 40]LogEditorViewport: Clicking Background
[2018.12.14-10.11.01:112][ 76]LogEditorViewport: Clicking Background
[2018.12.14-10.11.02:596][165]LogSlate: FSceneViewport::OnFocusLost() reason 0
[2018.12.14-10.11.14:455][792]LogSlate: FSceneViewport::OnFocusLost() reason 0
[2018.12.14-10.11.39:151][682]LogSlate: Took 0.005090 seconds to synchronously load lazily loaded font '../../../Engine/Content/Slate/Fonts/Roboto-Italic.ttf' (157K)
[2018.12.14-10.12.36:527][507]LogSlate: FSceneViewport::OnFocusLost() reason 0
[2018.12.14-10.12.38:560][593]LogSlate: FSceneViewport::OnFocusLost() reason 0
[2018.12.14-10.12.39:883][632]LogEditorViewport: Clicking on Actor (LMB): BP_Sky_Sphere_C (Sky Sphere)
[2018.12.14-10.12.50:420][941]LogSlate: FSceneViewport::OnFocusLost() reason 2
[2018.12.14-10.12.52:856][ 84]LogSlate: FSceneViewport::OnFocusLost() reason 2
[2018.12.14-10.12.52:864][ 84]Cmd: OBJ SAVEPACKAGE PACKAGE="/Game/NewMap" FILE="../../../../../../Users/Yauheni_Dasko/source/repos/Building_Escape/BuildingEscape/Content/NewMap.umap" SILENT=true AUTOSAVING=false KEEPDIRTY=false
[2018.12.14-10.12.52:989][ 84]LogSavePackage: Moving '../../../../../../Users/Yauheni_Dasko/source/repos/Building_Escape/BuildingEscape/Saved/NewMapE001CAE74F1552858274E9A31EBC4172.tmp' to '../../../../../../Users/Yauheni_Dasko/source/repos/Building_Escape/BuildingEscape/Content/NewMap.umap'
[2018.12.14-10.12.53:024][ 84]LogFileHelpers: Saving map 'NewMap' took 0.160
[2018.12.14-10.13.02:940][370]LogSlate: FSceneViewport::OnFocusLost() reason 0
[2018.12.14-10.13.03:241][378]LogActorFactory: Actor Factory created Wall_400x300
[2018.12.14-10.13.06:338][467]LogActorFactory: Actor Factory created Wall_400x300
[2018.12.14-10.13.07:150][491]LogEditorViewport: Clicking on Actor (LMB): BP_Sky_Sphere_C (Sky Sphere)
[2018.12.14-10.13.11:510][599]LogEditorViewport: Clicking on Actor (LMB): StaticMeshActor (Wall_400x301)
[2018.12.14-10.13.18:917][837]LogEditorViewport: Clicking on Actor (LMB): BP_Sky_Sphere_C (Sky Sphere)
[2018.12.14-10.13.20:589][878]LogEditorViewport: Clicking on Actor (LMB): StaticMeshActor (Wall_400x301)
[2018.12.14-10.13.34:338][300]LogEditorViewport: Clicking on Actor (LMB): BP_Sky_Sphere_C (Sky Sphere)
[2018.12.14-10.13.36:953][370]LogEditorViewport: Clicking on Actor (LMB): StaticMeshActor (Wall_400x301)
[2018.12.14-10.13.40:625][479]LogEditorViewport: Clicking on Actor (LMB): BP_Sky_Sphere_C (Sky Sphere)
[2018.12.14-10.13.42:028][511]LogEditorViewport: Clicking on Actor (LMB): StaticMeshActor (Wall_400x301)
[2018.12.14-10.13.46:366][647]LogEditorViewport: Clicking on Actor (LMB): BP_Sky_Sphere_C (Sky Sphere)
[2018.12.14-10.13.47:524][679]LogEditorViewport: Clicking on Actor (LMB): StaticMeshActor (Wall_400x301)
[2018.12.14-10.13.50:310][764]LogSlate: FSceneViewport::OnFocusLost() reason 0
[2018.12.14-10.13.55:678][975]LogSlate: FSceneViewport::OnFocusLost() reason 2
[2018.12.14-10.13.55:748][976]LogEditorViewport: Clicking Background
[2018.12.14-10.13.58:349][ 93]LogSlate: FSceneViewport::OnFocusLost() reason 0
[2018.12.14-10.14.00:869][233]LogSlate: FSceneViewport::OnFocusLost() reason 0
[2018.12.14-10.14.15:431][ 89]LogSlate: FSceneViewport::OnFocusLost() reason 0
[2018.12.14-10.14.34:202][202]LogEditorViewport: Clicking Background
[2018.12.14-10.14.35:733][293]LogEditorViewport: Clicking Background
[2018.12.14-10.14.36:790][356]LogEditorViewport: Clicking Background
[2018.12.14-10.14.37:641][407]LogSlate: FSceneViewport::OnFocusLost() reason 0
[2018.12.14-10.15.00:577][767]LogEditorViewport: Clicking Background
[2018.12.14-10.15.02:255][867]LogSlate: FSceneViewport::OnFocusLost() reason 0
[2018.12.14-10.15.13:899][536]LogSlate: FSceneViewport::OnFocusLost() reason 0
[2018.12.14-10.15.20:469][894]LogEditorViewport: Clicking Background
[2018.12.14-10.15.23:183][ 55]LogEditorViewport: Clicking Background
[2018.12.14-10.15.23:950][101]LogEditorViewport: Clicking Background
[2018.12.14-10.15.25:035][165]LogSlate: FSceneViewport::OnFocusLost() reason 0
[2018.12.14-10.15.59:969][120]LogEditorViewport: Clicking Background
[2018.12.14-10.16.01:775][227]LogEditorViewport: Clicking Background
[2018.12.14-10.16.02:910][295]LogSlate: FSceneViewport::OnFocusLost() reason 0
[2018.12.14-10.16.04:156][344]LogSlate: FSceneViewport::OnFocusLost() reason 2
[2018.12.14-10.16.04:198][345]LogEditorViewport: Clicking on Actor (LMB): StaticMeshActor (Wall_400x301)
[2018.12.14-10.16.05:363][385]LogSlate: FSceneViewport::OnFocusLost() reason 0
[2018.12.14-10.16.06:190][407]LogEditorViewport: Clicking on Actor (LMB): BP_Sky_Sphere_C (Sky Sphere)
[2018.12.14-10.16.07:090][417]LogEditorViewport: Clicking on Actor (LMB): BP_Sky_Sphere_C (Sky Sphere)
[2018.12.14-10.16.09:084][460]LogD3D11RHI: Timed out while waiting for GPU to catch up. (0.5 s)
