Log file open, 01/03/19 18:01:16
LogWindows: Failed to load 'aqProf.dll' (GetLastError=126)
LogWindows: File 'aqProf.dll' does not exist
LogWindows: Failed to load 'VtuneApi.dll' (GetLastError=126)
LogWindows: File 'VtuneApi.dll' does not exist
LogWindows: Failed to load 'VtuneApi32e.dll' (GetLastError=126)
LogWindows: File 'VtuneApi32e.dll' does not exist
LogConsoleResponse: Display: Failed to find resolution value strings in scalability ini. Falling back to default.
LogInit: Display: Running engine for game: BuildingEscape
LogPakFile: Registered encryption key '00000000000000000000000000000000': 0 pak files mounted, 0 remain pending
LogPlatformFile: Not using cached read wrapper
LogTaskGraph: Started task graph with 5 named threads and 11 total threads with 3 sets of task threads.
LogStats: Stats thread started at 0.145121
LogD3D11RHI: Loaded GFSDK_Aftermath_Lib.x64.dll
LogICUInternationalization: ICU TimeZone Detection - Raw Offset: +3:00, Platform Override: ''
LogPluginManager: Mounting plugin Paper2D
LogPluginManager: Mounting plugin AISupport
LogPluginManager: Mounting plugin LightPropagationVolume
LogPluginManager: Mounting plugin ActorLayerUtilities
LogPluginManager: Mounting plugin CLionSourceCodeAccess
LogPluginManager: Mounting plugin CodeLiteSourceCodeAccess
LogPluginManager: Mounting plugin GitSourceControl
LogPluginManager: Mounting plugin KDevelopSourceCodeAccess
LogPluginManager: Mounting plugin NullSourceCodeAccess
LogPluginManager: Mounting plugin PerforceSourceControl
LogPluginManager: Mounting plugin SubversionSourceControl
LogPluginManager: Mounting plugin UObjectPlugin
LogPluginManager: Mounting plugin VisualStudioCodeSourceCodeAccess
LogPluginManager: Mounting plugin VisualStudioSourceCodeAccess
LogPluginManager: Mounting plugin XCodeSourceCodeAccess
LogPluginManager: Mounting plugin AssetManagerEditor
LogPluginManager: Mounting plugin CryptoKeys
LogPluginManager: Mounting plugin DataValidation
LogPluginManager: Mounting plugin EditorScriptingUtilities
LogPluginManager: Mounting plugin FacialAnimation
LogPluginManager: Mounting plugin GameplayTagsEditor
LogPluginManager: Mounting plugin MacGraphicsSwitching
LogPluginManager: Mounting plugin MeshEditor
LogPluginManager: Mounting plugin MobileLauncherProfileWizard
LogPluginManager: Mounting plugin PluginBrowser
LogPluginManager: Mounting plugin SpeedTreeImporter
LogPluginManager: Mounting plugin DatasmithContent
LogPluginManager: Mounting plugin VariantManagerContent
LogPluginManager: Mounting plugin AlembicImporter
LogPluginManager: Mounting plugin AppleImageUtils
LogPluginManager: Mounting plugin AppleVision
LogPluginManager: Mounting plugin BackChannel
LogPluginManager: Mounting plugin CharacterAI
LogPluginManager: Mounting plugin GeometryCache
LogPluginManager: Mounting plugin HTML5Networking
LogPluginManager: Mounting plugin ProxyLODPlugin
LogPluginManager: Mounting plugin MagicLeap
LogPluginManager: Mounting plugin MagicLeapMedia
LogPluginManager: Mounting plugin AndroidMedia
LogPluginManager: Mounting plugin AvfMedia
LogPluginManager: Mounting plugin ImgMedia
LogPluginManager: Mounting plugin LinearTimecode
LogPluginManager: Mounting plugin MediaCompositing
LogPluginManager: Mounting plugin MediaPlayerEditor
LogPluginManager: Mounting plugin WebMMedia
LogPluginManager: Mounting plugin WmfMedia
LogPluginManager: Mounting plugin TcpMessaging
LogPluginManager: Mounting plugin UdpMessaging
LogPluginManager: Mounting plugin ActorSequence
LogPluginManager: Mounting plugin LevelSequenceEditor
LogPluginManager: Mounting plugin MatineeToLevelSequence
LogPluginManager: Mounting plugin NetcodeUnitTest
LogPluginManager: Mounting plugin NUTUnrealEngine4
LogPluginManager: Mounting plugin OnlineSubsystemGooglePlay
LogPluginManager: Mounting plugin OnlineSubsystemIOS
LogPluginManager: Mounting plugin OnlineSubsystem
LogPluginManager: Mounting plugin OnlineSubsystemNull
LogPluginManager: Mounting plugin OnlineSubsystemUtils
LogPluginManager: Mounting plugin LauncherChunkInstaller
LogPluginManager: Mounting plugin AndroidDeviceProfileSelector
LogPluginManager: Mounting plugin AndroidMoviePlayer
LogPluginManager: Mounting plugin AndroidPermission
LogPluginManager: Mounting plugin AppleMoviePlayer
LogPluginManager: Mounting plugin ArchVisCharacter
LogPluginManager: Mounting plugin AudioCapture
LogPluginManager: Mounting plugin CableComponent
LogPluginManager: Mounting plugin CustomMeshComponent
LogPluginManager: Mounting plugin EditableMesh
LogPluginManager: Mounting plugin ExampleDeviceProfileSelector
LogPluginManager: Mounting plugin Firebase
LogPluginManager: Mounting plugin GoogleCloudMessaging
LogPluginManager: Mounting plugin IOSDeviceProfileSelector
LogPluginManager: Mounting plugin LinuxDeviceProfileSelector
LogPluginManager: Mounting plugin LocationServicesBPLibrary
LogPluginManager: Mounting plugin MobilePatchingUtils
LogPluginManager: Mounting plugin OculusVR
LogPluginManager: Mounting plugin PhysXVehicles
LogPluginManager: Mounting plugin ProceduralMeshComponent
LogPluginManager: Mounting plugin RuntimePhysXCooking
LogPluginManager: Mounting plugin SteamVR
LogPluginManager: Mounting plugin WebMMoviePlayer
LogPluginManager: Mounting plugin WindowsMoviePlayer
LogPluginManager: Mounting plugin DatasmithCADImporter
LogPluginManager: Mounting plugin DatasmithFBXImporter
LogPluginManager: Mounting plugin DatasmithImporter
LogPluginManager: Mounting plugin MDLImporter
LogPluginManager: Mounting plugin StaticMeshEditorExtension
LogPluginManager: Mounting plugin VariantManager
LogStreaming: Display: Took  0.138s to configure plugins.
LogInit: Using libcurl 7.55.1-DEV
LogInit:  - built for x86_64-pc-win32
LogInit:  - supports SSL with OpenSSL/1.0.2h
LogInit:  - supports HTTP deflate (compression) using libz 1.2.8
LogInit:  - other features:
LogInit:      CURL_VERSION_SSL
LogInit:      CURL_VERSION_LIBZ
LogInit:      CURL_VERSION_IPV6
LogInit:      CURL_VERSION_ASYNCHDNS
LogInit:      CURL_VERSION_LARGEFILE
LogInit:      CURL_VERSION_IDN
LogInit:  CurlRequestOptions (configurable via config and command line):
LogInit:  - bVerifyPeer = true  - Libcurl will verify peer certificate
LogInit:  - bUseHttpProxy = false  - Libcurl will NOT use HTTP proxy
LogInit:  - bDontReuseConnections = false  - Libcurl will reuse connections
LogInit:  - MaxHostConnections = 16  - Libcurl will limit the number of connections to a host
LogInit:  - LocalHostAddr = Default
LogInit:  - BufferSize = 65536
LogInit: WinSock: version 1.1 (2.2), MaxSocks=32767, MaxUdp=65467
LogInit: Build: ++UE4+Release-4.21-CL-4541578
LogInit: Engine Version: 4.21.0-4541578+++UE4+Release-4.21
LogInit: Compatible Engine Version: 4.21.0-4541578+++UE4+Release-4.21
LogInit: Net CL: 4541578
LogInit: OS: Windows 10 (), CPU: Intel(R) Core(TM) i7-7600U CPU @ 2.80GHz, GPU: Intel(R) HD Graphics 620
LogInit: Compiled (64-bit): Nov  6 2018 02:04:24
LogInit: Compiled with Visual C++: 19.13.26129.00
LogInit: Build Configuration: Development
LogInit: Branch Name: ++UE4+Release-4.21
LogInit: Command Line:  -EpicPortal -epicusername=yauheni.dasko -epicuserid=4028069c601940f586943140cc16a6f7 -epiclocale=en-US
LogInit: Base Directory: C:/Program Files/Epic Games/UE_4.21/Engine/Binaries/Win64/
LogInit: Installed Engine Build: 1
LogDevObjectVersion: Number of dev versions registered: 22
LogDevObjectVersion:   Dev-Blueprints (B0D832E4-1F89-4F0D-ACCF-7EB736FD4AA2): 10
LogDevObjectVersion:   Dev-Build (E1C64328-A22C-4D53-A36C-8E866417BD8C): 0
LogDevObjectVersion:   Dev-Core (375EC13C-06E4-48FB-B500-84F0262A717E): 2
LogDevObjectVersion:   Dev-Editor (E4B068ED-F494-42E9-A231-DA0B2E46BB41): 26
LogDevObjectVersion:   Dev-Framework (CFFC743F-43B0-4480-9391-14DF171D2073): 34
LogDevObjectVersion:   Dev-Mobile (B02B49B5-BB20-44E9-A304-32B752E40360): 2
LogDevObjectVersion:   Dev-Networking (A4E4105C-59A1-49B5-A7C5-40C4547EDFEE): 0
LogDevObjectVersion:   Dev-Online (39C831C9-5AE6-47DC-9A44-9C173E1C8E7C): 0
LogDevObjectVersion:   Dev-Physics (78F01B33-EBEA-4F98-B9B4-84EACCB95AA2): 0
LogDevObjectVersion:   Dev-Platform (6631380F-2D4D-43E0-8009-CF276956A95A): 0
LogDevObjectVersion:   Dev-Rendering (12F88B9F-8875-4AFC-A67C-D90C383ABD29): 27
LogDevObjectVersion:   Dev-Sequencer (7B5AE74C-D270-4C10-A958-57980B212A5A): 9
LogDevObjectVersion:   Dev-VR (D7296918-1DD6-4BDD-9DE2-64A83CC13884): 2
LogDevObjectVersion:   Dev-LoadTimes (C2A15278-BFE7-4AFE-6C17-90FF531DF755): 1
LogDevObjectVersion:   Private-Geometry (6EACA3D4-40EC-4CC1-B786-8BED09428FC5): 3
LogDevObjectVersion:   Dev-AnimPhys (29E575DD-E0A3-4627-9D10-D276232CDCEA): 17
LogDevObjectVersion:   Dev-Anim (AF43A65D-7FD3-4947-9873-3E8ED9C1BB05): 2
LogDevObjectVersion:   Dev-ReflectionCapture (6B266CEC-1EC7-4B8F-A30B-E4D90942FC07): 1
LogDevObjectVersion:   Dev-Automation (0DF73D61-A23F-47EA-B727-89E90C41499A): 1
LogDevObjectVersion:   FortniteMain (601D1886-AC64-4F84-AA16-D3DE0DEAC7D6): 17
LogDevObjectVersion:   Dev-Enterprise (9DFFBCD6-494F-0158-E221-12823C92A888): 4
LogDevObjectVersion:   Dev-Niagara (F2AED0AC-9AFE-416F-8664-AA7FFA26D6FC): 1
LogStreaming: Display: Took  0.001s to delete old logs.
LogInit: Presizing for max 8388607 objects, including 0 objects not considered by GC, pre-allocating 0 bytes for permanent pool.
LogInit: Object subsystem initialized
LogConfig: Setting CVar [[con.DebugEarlyDefault:1]]
LogConfig: Setting CVar [[r.setres:1280x720]]
[2019.01.03-15.01.17:322][  0]LogConfig: Setting CVar [[r.VSync:0]]
[2019.01.03-15.01.17:322][  0]LogConfig: Setting CVar [[r.RHICmdBypass:0]]
[2019.01.03-15.01.17:322][  0]LogConfig: Applying CVar settings from Section [/Script/Engine.RendererSettings] File [C:/Users/Yauheni_Dasko/source/repos/Building_Escape/BuildingEscape/Saved/Config/Windows/Engine.ini]
[2019.01.03-15.01.17:322][  0]LogConfig: Setting CVar [[r.GPUCrashDebugging:0]]
[2019.01.03-15.01.17:322][  0]LogConfig: Applying CVar settings from Section [/Script/Engine.RendererOverrideSettings] File [C:/Users/Yauheni_Dasko/source/repos/Building_Escape/BuildingEscape/Saved/Config/Windows/Engine.ini]
[2019.01.03-15.01.17:322][  0]LogConfig: Applying CVar settings from Section [/Script/Engine.StreamingSettings] File [C:/Users/Yauheni_Dasko/source/repos/Building_Escape/BuildingEscape/Saved/Config/Windows/Engine.ini]
[2019.01.03-15.01.17:322][  0]LogConfig: Setting CVar [[s.MinBulkDataSizeForAsyncLoading:131072]]
[2019.01.03-15.01.17:322][  0]LogConfig: Setting CVar [[s.AsyncLoadingThreadEnabled:0]]
[2019.01.03-15.01.17:322][  0]LogConfig: Setting CVar [[s.EventDrivenLoaderEnabled:1]]
[2019.01.03-15.01.17:322][  0]LogConfig: Setting CVar [[s.WarnIfTimeLimitExceeded:0]]
[2019.01.03-15.01.17:322][  0]LogConfig: Setting CVar [[s.TimeLimitExceededMultiplier:1.5]]
[2019.01.03-15.01.17:322][  0]LogConfig: Setting CVar [[s.TimeLimitExceededMinTime:0.005]]
[2019.01.03-15.01.17:322][  0]LogConfig: Setting CVar [[s.UseBackgroundLevelStreaming:1]]
[2019.01.03-15.01.17:322][  0]LogConfig: Setting CVar [[s.PriorityAsyncLoadingExtraTime:15.0]]
[2019.01.03-15.01.17:322][  0]LogConfig: Setting CVar [[s.LevelStreamingActorsUpdateTimeLimit:5.0]]
[2019.01.03-15.01.17:322][  0]LogConfig: Setting CVar [[s.PriorityLevelStreamingActorsUpdateExtraTime:5.0]]
[2019.01.03-15.01.17:322][  0]LogConfig: Setting CVar [[s.LevelStreamingComponentsRegistrationGranularity:10]]
[2019.01.03-15.01.17:322][  0]LogConfig: Setting CVar [[s.UnregisterComponentsTimeLimit:1.0]]
[2019.01.03-15.01.17:322][  0]LogConfig: Setting CVar [[s.LevelStreamingComponentsUnregistrationGranularity:5]]
[2019.01.03-15.01.17:322][  0]LogConfig: Applying CVar settings from Section [/Script/Engine.GarbageCollectionSettings] File [C:/Users/Yauheni_Dasko/source/repos/Building_Escape/BuildingEscape/Saved/Config/Windows/Engine.ini]
[2019.01.03-15.01.17:322][  0]LogConfig: Setting CVar [[gc.MaxObjectsNotConsideredByGC:1]]
[2019.01.03-15.01.17:322][  0]LogConfig: Setting CVar [[gc.SizeOfPermanentObjectPool:0]]
[2019.01.03-15.01.17:322][  0]LogConfig: Setting CVar [[gc.FlushStreamingOnGC:0]]
[2019.01.03-15.01.17:323][  0]LogConfig: Setting CVar [[gc.NumRetriesBeforeForcingGC:10]]
[2019.01.03-15.01.17:323][  0]LogConfig: Setting CVar [[gc.AllowParallelGC:1]]
[2019.01.03-15.01.17:323][  0]LogConfig: Setting CVar [[gc.TimeBetweenPurgingPendingKillObjects:61.1]]
[2019.01.03-15.01.17:323][  0]LogConfig: Setting CVar [[gc.MaxObjectsInEditor:8388607]]
[2019.01.03-15.01.17:323][  0]LogConfig: Setting CVar [[gc.IncrementalBeginDestroyEnabled:1]]
[2019.01.03-15.01.17:323][  0]LogConfig: Setting CVar [[gc.CreateGCClusters:1]]
[2019.01.03-15.01.17:323][  0]LogConfig: Setting CVar [[gc.MergeGCClusters:0]]
[2019.01.03-15.01.17:323][  0]LogConfig: Setting CVar [[gc.MinGCClusterSize:5]]
[2019.01.03-15.01.17:323][  0]LogConfig: Setting CVar [[gc.ActorClusteringEnabled:0]]
[2019.01.03-15.01.17:323][  0]LogConfig: Setting CVar [[gc.BlueprintClusteringEnabled:0]]
[2019.01.03-15.01.17:323][  0]LogConfig: Setting CVar [[gc.UseDisregardForGCOnDedicatedServers:0]]
[2019.01.03-15.01.17:323][  0]LogConfig: Applying CVar settings from Section [/Script/Engine.NetworkSettings] File [C:/Users/Yauheni_Dasko/source/repos/Building_Escape/BuildingEscape/Saved/Config/Windows/Engine.ini]
[2019.01.03-15.01.17:323][  0]LogConfig: Applying CVar settings from Section [/Script/UnrealEd.CookerSettings] File [C:/Users/Yauheni_Dasko/source/repos/Building_Escape/BuildingEscape/Saved/Config/Windows/Engine.ini]
[2019.01.03-15.01.17:326][  0]LogConfig: Applying CVar settings from Section [ViewDistanceQuality@3] File [C:/Users/Yauheni_Dasko/source/repos/Building_Escape/BuildingEscape/Saved/Config/Windows/Scalability.ini]
[2019.01.03-15.01.17:326][  0]LogConfig: Setting CVar [[r.SkeletalMeshLODBias:0]]
[2019.01.03-15.01.17:326][  0]LogConfig: Setting CVar [[r.ViewDistanceScale:1.0]]
[2019.01.03-15.01.17:326][  0]LogConfig: Applying CVar settings from Section [AntiAliasingQuality@3] File [C:/Users/Yauheni_Dasko/source/repos/Building_Escape/BuildingEscape/Saved/Config/Windows/Scalability.ini]
[2019.01.03-15.01.17:326][  0]LogConfig: Setting CVar [[r.PostProcessAAQuality:4]]
[2019.01.03-15.01.17:326][  0]LogConfig: Applying CVar settings from Section [ShadowQuality@3] File [C:/Users/Yauheni_Dasko/source/repos/Building_Escape/BuildingEscape/Saved/Config/Windows/Scalability.ini]
[2019.01.03-15.01.17:326][  0]LogConfig: Setting CVar [[r.LightFunctionQuality:1]]
[2019.01.03-15.01.17:326][  0]LogConfig: Setting CVar [[r.ShadowQuality:5]]
[2019.01.03-15.01.17:326][  0]LogConfig: Setting CVar [[r.Shadow.CSM.MaxCascades:10]]
[2019.01.03-15.01.17:326][  0]LogConfig: Setting CVar [[r.Shadow.MaxResolution:2048]]
[2019.01.03-15.01.17:326][  0]LogConfig: Setting CVar [[r.Shadow.MaxCSMResolution:2048]]
[2019.01.03-15.01.17:326][  0]LogConfig: Setting CVar [[r.Shadow.RadiusThreshold:0.01]]
[2019.01.03-15.01.17:326][  0]LogConfig: Setting CVar [[r.Shadow.DistanceScale:1.0]]
[2019.01.03-15.01.17:326][  0]LogConfig: Setting CVar [[r.Shadow.CSM.TransitionScale:1.0]]
[2019.01.03-15.01.17:326][  0]LogConfig: Setting CVar [[r.Shadow.PreShadowResolutionFactor:1.0]]
[2019.01.03-15.01.17:326][  0]LogConfig: Setting CVar [[r.DistanceFieldShadowing:1]]
[2019.01.03-15.01.17:326][  0]LogConfig: Setting CVar [[r.DistanceFieldAO:1]]
[2019.01.03-15.01.17:326][  0]LogConfig: Setting CVar [[r.AOQuality:2]]
[2019.01.03-15.01.17:326][  0]LogConfig: Setting CVar [[r.VolumetricFog:1]]
[2019.01.03-15.01.17:326][  0]LogConfig: Setting CVar [[r.VolumetricFog.GridPixelSize:8]]
[2019.01.03-15.01.17:326][  0]LogConfig: Setting CVar [[r.VolumetricFog.GridSizeZ:128]]
[2019.01.03-15.01.17:326][  0]LogConfig: Setting CVar [[r.VolumetricFog.HistoryMissSupersampleCount:4]]
[2019.01.03-15.01.17:326][  0]LogConfig: Setting CVar [[r.LightMaxDrawDistanceScale:1]]
[2019.01.03-15.01.17:326][  0]LogConfig: Setting CVar [[r.CapsuleShadows:1]]
[2019.01.03-15.01.17:326][  0]LogConfig: Applying CVar settings from Section [PostProcessQuality@3] File [C:/Users/Yauheni_Dasko/source/repos/Building_Escape/BuildingEscape/Saved/Config/Windows/Scalability.ini]
[2019.01.03-15.01.17:326][  0]LogConfig: Setting CVar [[r.MotionBlurQuality:4]]
[2019.01.03-15.01.17:326][  0]LogConfig: Setting CVar [[r.AmbientOcclusionMipLevelFactor:0.4]]
[2019.01.03-15.01.17:326][  0]LogConfig: Setting CVar [[r.AmbientOcclusionMaxQuality:100]]
[2019.01.03-15.01.17:326][  0]LogConfig: Setting CVar [[r.AmbientOcclusionLevels:-1]]
[2019.01.03-15.01.17:326][  0]LogConfig: Setting CVar [[r.AmbientOcclusionRadiusScale:1.0]]
[2019.01.03-15.01.17:326][  0]LogConfig: Setting CVar [[r.DepthOfFieldQuality:2]]
[2019.01.03-15.01.17:326][  0]LogConfig: Setting CVar [[r.RenderTargetPoolMin:400]]
[2019.01.03-15.01.17:326][  0]LogConfig: Setting CVar [[r.LensFlareQuality:2]]
[2019.01.03-15.01.17:326][  0]LogConfig: Setting CVar [[r.SceneColorFringeQuality:1]]
[2019.01.03-15.01.17:326][  0]LogConfig: Setting CVar [[r.EyeAdaptationQuality:2]]
[2019.01.03-15.01.17:326][  0]LogConfig: Setting CVar [[r.BloomQuality:5]]
[2019.01.03-15.01.17:326][  0]LogConfig: Setting CVar [[r.FastBlurThreshold:100]]
[2019.01.03-15.01.17:326][  0]LogConfig: Setting CVar [[r.Upscale.Quality:3]]
[2019.01.03-15.01.17:326][  0]LogConfig: Setting CVar [[r.Tonemapper.GrainQuantization:1]]
[2019.01.03-15.01.17:326][  0]LogConfig: Setting CVar [[r.LightShaftQuality:1]]
[2019.01.03-15.01.17:326][  0]LogConfig: Setting CVar [[r.Filter.SizeScale:1]]
[2019.01.03-15.01.17:326][  0]LogConfig: Setting CVar [[r.Tonemapper.Quality:5]]
[2019.01.03-15.01.17:326][  0]LogConfig: Setting CVar [[r.DOF.Gather.AccumulatorQuality:1        ; higher gathering accumulator quality]]
[2019.01.03-15.01.17:326][  0]LogConfig: Setting CVar [[r.DOF.Gather.PostfilterMethod:1          ; Median3x3 postfilering method]]
[2019.01.03-15.01.17:326][  0]LogConfig: Setting CVar [[r.DOF.Gather.EnableBokehSettings:0       ; no bokeh simulation when gathering]]
[2019.01.03-15.01.17:326][  0]LogConfig: Setting CVar [[r.DOF.Gather.RingCount:4                 ; medium number of samples when gathering]]
[2019.01.03-15.01.17:326][  0]LogConfig: Setting CVar [[r.DOF.Scatter.ForegroundCompositing:1    ; additive foreground scattering]]
[2019.01.03-15.01.17:327][  0]LogConfig: Setting CVar [[r.DOF.Scatter.BackgroundCompositing:2    ; additive background scattering]]
[2019.01.03-15.01.17:327][  0]LogConfig: Setting CVar [[r.DOF.Scatter.EnableBokehSettings:1      ; bokeh simulation when scattering]]
[2019.01.03-15.01.17:327][  0]LogConfig: Setting CVar [[r.DOF.Scatter.MaxSpriteRatio:0.1         ; only a maximum of 10% of scattered bokeh]]
[2019.01.03-15.01.17:327][  0]LogConfig: Setting CVar [[r.DOF.Recombine.Quality:1                ; cheap slight out of focus]]
[2019.01.03-15.01.17:327][  0]LogConfig: Setting CVar [[r.DOF.Recombine.EnableBokehSettings:0    ; no bokeh simulation on slight out of focus]]
[2019.01.03-15.01.17:327][  0]LogConfig: Setting CVar [[r.DOF.TemporalAAQuality:1                ; more stable temporal accumulation]]
[2019.01.03-15.01.17:327][  0]LogConfig: Setting CVar [[r.DOF.Kernel.MaxForegroundRadius:0.025]]
[2019.01.03-15.01.17:327][  0]LogConfig: Setting CVar [[r.DOF.Kernel.MaxBackgroundRadius:0.025]]
[2019.01.03-15.01.17:327][  0]LogConfig: Applying CVar settings from Section [TextureQuality@3] File [C:/Users/Yauheni_Dasko/source/repos/Building_Escape/BuildingEscape/Saved/Config/Windows/Scalability.ini]
[2019.01.03-15.01.17:327][  0]LogConfig: Setting CVar [[r.Streaming.MipBias:0]]
[2019.01.03-15.01.17:327][  0]LogConfig: Setting CVar [[r.Streaming.AmortizeCPUToGPUCopy:0]]
[2019.01.03-15.01.17:327][  0]LogConfig: Setting CVar [[r.Streaming.MaxNumTexturesToStreamPerFrame:0]]
[2019.01.03-15.01.17:327][  0]LogConfig: Setting CVar [[r.Streaming.Boost:1]]
[2019.01.03-15.01.17:327][  0]LogConfig: Setting CVar [[r.MaxAnisotropy:8]]
[2019.01.03-15.01.17:327][  0]LogConfig: Setting CVar [[r.Streaming.LimitPoolSizeToVRAM:0]]
[2019.01.03-15.01.17:327][  0]LogConfig: Setting CVar [[r.Streaming.PoolSize:1000]]
[2019.01.03-15.01.17:327][  0]LogConfig: Setting CVar [[r.Streaming.MaxEffectiveScreenSize:0]]
[2019.01.03-15.01.17:327][  0]LogConfig: Applying CVar settings from Section [EffectsQuality@3] File [C:/Users/Yauheni_Dasko/source/repos/Building_Escape/BuildingEscape/Saved/Config/Windows/Scalability.ini]
[2019.01.03-15.01.17:327][  0]LogConfig: Setting CVar [[r.TranslucencyLightingVolumeDim:64]]
[2019.01.03-15.01.17:327][  0]LogConfig: Setting CVar [[r.RefractionQuality:2]]
[2019.01.03-15.01.17:327][  0]LogConfig: Setting CVar [[r.SSR.Quality:3]]
[2019.01.03-15.01.17:327][  0]LogConfig: Setting CVar [[r.SceneColorFormat:4]]
[2019.01.03-15.01.17:327][  0]LogConfig: Setting CVar [[r.DetailMode:2]]
[2019.01.03-15.01.17:327][  0]LogConfig: Setting CVar [[r.TranslucencyVolumeBlur:1]]
[2019.01.03-15.01.17:327][  0]LogConfig: Setting CVar [[r.MaterialQualityLevel:1 ; High quality]]
[2019.01.03-15.01.17:327][  0]LogConfig: Setting CVar [[r.SSS.Scale:1]]
[2019.01.03-15.01.17:327][  0]LogConfig: Setting CVar [[r.SSS.SampleSet:2]]
[2019.01.03-15.01.17:327][  0]LogConfig: Setting CVar [[r.SSS.Quality:1]]
[2019.01.03-15.01.17:327][  0]LogConfig: Setting CVar [[r.SSS.HalfRes:1]]
[2019.01.03-15.01.17:327][  0]LogConfig: Setting CVar [[r.EmitterSpawnRateScale:1.0]]
[2019.01.03-15.01.17:327][  0]LogConfig: Setting CVar [[r.ParticleLightQuality:2]]
[2019.01.03-15.01.17:327][  0]LogConfig: Applying CVar settings from Section [FoliageQuality@3] File [C:/Users/Yauheni_Dasko/source/repos/Building_Escape/BuildingEscape/Saved/Config/Windows/Scalability.ini]
[2019.01.03-15.01.17:327][  0]LogConfig: Setting CVar [[foliage.DensityScale:1.0]]
[2019.01.03-15.01.17:327][  0]LogConfig: Setting CVar [[grass.DensityScale:1.0]]
[2019.01.03-15.01.17:327][  0]LogInit: Selected Device Profile: [Windows]
[2019.01.03-15.01.17:327][  0]LogInit: Applying CVar settings loaded from the selected device profile: [Windows]
[2019.01.03-15.01.17:339][  0]LogHAL: Display: Platform has ~ 16 GB [17053196288 / 17179869184 / 16], which maps to Larger [LargestMinGB=32, LargerMinGB=12, DefaultMinGB=8, SmallerMinGB=6, SmallestMinGB=0)
[2019.01.03-15.01.17:339][  0]LogConfig: Setting CVar [[r.Vulkan.UseRealUBs:1]]
[2019.01.03-15.01.17:339][  0]LogInit: Going up to parent DeviceProfile []
[2019.01.03-15.01.17:339][  0]LogConfig: Applying CVar settings from Section [ViewDistanceQuality@3] File [C:/Users/Yauheni_Dasko/source/repos/Building_Escape/BuildingEscape/Saved/Config/Windows/Scalability.ini]
[2019.01.03-15.01.17:339][  0]LogConfig: Setting CVar [[r.SkeletalMeshLODBias:0]]
[2019.01.03-15.01.17:339][  0]LogConfig: Setting CVar [[r.ViewDistanceScale:1.0]]
[2019.01.03-15.01.17:339][  0]LogConfig: Applying CVar settings from Section [AntiAliasingQuality@3] File [C:/Users/Yauheni_Dasko/source/repos/Building_Escape/BuildingEscape/Saved/Config/Windows/Scalability.ini]
[2019.01.03-15.01.17:339][  0]LogConfig: Setting CVar [[r.PostProcessAAQuality:4]]
[2019.01.03-15.01.17:339][  0]LogConfig: Applying CVar settings from Section [ShadowQuality@3] File [C:/Users/Yauheni_Dasko/source/repos/Building_Escape/BuildingEscape/Saved/Config/Windows/Scalability.ini]
[2019.01.03-15.01.17:339][  0]LogConfig: Setting CVar [[r.LightFunctionQuality:1]]
[2019.01.03-15.01.17:339][  0]LogConfig: Setting CVar [[r.ShadowQuality:5]]
[2019.01.03-15.01.17:339][  0]LogConfig: Setting CVar [[r.Shadow.CSM.MaxCascades:10]]
[2019.01.03-15.01.17:339][  0]LogConfig: Setting CVar [[r.Shadow.MaxResolution:2048]]
[2019.01.03-15.01.17:340][  0]LogConfig: Setting CVar [[r.Shadow.MaxCSMResolution:2048]]
[2019.01.03-15.01.17:340][  0]LogConfig: Setting CVar [[r.Shadow.RadiusThreshold:0.01]]
[2019.01.03-15.01.17:340][  0]LogConfig: Setting CVar [[r.Shadow.DistanceScale:1.0]]
[2019.01.03-15.01.17:340][  0]LogConfig: Setting CVar [[r.Shadow.CSM.TransitionScale:1.0]]
[2019.01.03-15.01.17:340][  0]LogConfig: Setting CVar [[r.Shadow.PreShadowResolutionFactor:1.0]]
[2019.01.03-15.01.17:340][  0]LogConfig: Setting CVar [[r.DistanceFieldShadowing:1]]
[2019.01.03-15.01.17:340][  0]LogConfig: Setting CVar [[r.DistanceFieldAO:1]]
[2019.01.03-15.01.17:340][  0]LogConfig: Setting CVar [[r.AOQuality:2]]
[2019.01.03-15.01.17:340][  0]LogConfig: Setting CVar [[r.VolumetricFog:1]]
[2019.01.03-15.01.17:340][  0]LogConfig: Setting CVar [[r.VolumetricFog.GridPixelSize:8]]
[2019.01.03-15.01.17:340][  0]LogConfig: Setting CVar [[r.VolumetricFog.GridSizeZ:128]]
[2019.01.03-15.01.17:340][  0]LogConfig: Setting CVar [[r.VolumetricFog.HistoryMissSupersampleCount:4]]
[2019.01.03-15.01.17:340][  0]LogConfig: Setting CVar [[r.LightMaxDrawDistanceScale:1]]
[2019.01.03-15.01.17:340][  0]LogConfig: Setting CVar [[r.CapsuleShadows:1]]
[2019.01.03-15.01.17:340][  0]LogConfig: Applying CVar settings from Section [PostProcessQuality@3] File [C:/Users/Yauheni_Dasko/source/repos/Building_Escape/BuildingEscape/Saved/Config/Windows/Scalability.ini]
[2019.01.03-15.01.17:340][  0]LogConfig: Setting CVar [[r.MotionBlurQuality:4]]
[2019.01.03-15.01.17:340][  0]LogConfig: Setting CVar [[r.AmbientOcclusionMipLevelFactor:0.4]]
[2019.01.03-15.01.17:340][  0]LogConfig: Setting CVar [[r.AmbientOcclusionMaxQuality:100]]
[2019.01.03-15.01.17:340][  0]LogConfig: Setting CVar [[r.AmbientOcclusionLevels:-1]]
[2019.01.03-15.01.17:340][  0]LogConfig: Setting CVar [[r.AmbientOcclusionRadiusScale:1.0]]
[2019.01.03-15.01.17:340][  0]LogConfig: Setting CVar [[r.DepthOfFieldQuality:2]]
[2019.01.03-15.01.17:340][  0]LogConfig: Setting CVar [[r.RenderTargetPoolMin:400]]
[2019.01.03-15.01.17:340][  0]LogConfig: Setting CVar [[r.LensFlareQuality:2]]
[2019.01.03-15.01.17:340][  0]LogConfig: Setting CVar [[r.SceneColorFringeQuality:1]]
[2019.01.03-15.01.17:340][  0]LogConfig: Setting CVar [[r.EyeAdaptationQuality:2]]
[2019.01.03-15.01.17:340][  0]LogConfig: Setting CVar [[r.BloomQuality:5]]
[2019.01.03-15.01.17:340][  0]LogConfig: Setting CVar [[r.FastBlurThreshold:100]]
[2019.01.03-15.01.17:340][  0]LogConfig: Setting CVar [[r.Upscale.Quality:3]]
[2019.01.03-15.01.17:340][  0]LogConfig: Setting CVar [[r.Tonemapper.GrainQuantization:1]]
[2019.01.03-15.01.17:340][  0]LogConfig: Setting CVar [[r.LightShaftQuality:1]]
[2019.01.03-15.01.17:340][  0]LogConfig: Setting CVar [[r.Filter.SizeScale:1]]
[2019.01.03-15.01.17:340][  0]LogConfig: Setting CVar [[r.Tonemapper.Quality:5]]
[2019.01.03-15.01.17:340][  0]LogConfig: Setting CVar [[r.DOF.Gather.AccumulatorQuality:1        ; higher gathering accumulator quality]]
[2019.01.03-15.01.17:340][  0]LogConfig: Setting CVar [[r.DOF.Gather.PostfilterMethod:1          ; Median3x3 postfilering method]]
[2019.01.03-15.01.17:340][  0]LogConfig: Setting CVar [[r.DOF.Gather.EnableBokehSettings:0       ; no bokeh simulation when gathering]]
[2019.01.03-15.01.17:340][  0]LogConfig: Setting CVar [[r.DOF.Gather.RingCount:4                 ; medium number of samples when gathering]]
[2019.01.03-15.01.17:340][  0]LogConfig: Setting CVar [[r.DOF.Scatter.ForegroundCompositing:1    ; additive foreground scattering]]
[2019.01.03-15.01.17:340][  0]LogConfig: Setting CVar [[r.DOF.Scatter.BackgroundCompositing:2    ; additive background scattering]]
[2019.01.03-15.01.17:340][  0]LogConfig: Setting CVar [[r.DOF.Scatter.EnableBokehSettings:1      ; bokeh simulation when scattering]]
[2019.01.03-15.01.17:340][  0]LogConfig: Setting CVar [[r.DOF.Scatter.MaxSpriteRatio:0.1         ; only a maximum of 10% of scattered bokeh]]
[2019.01.03-15.01.17:340][  0]LogConfig: Setting CVar [[r.DOF.Recombine.Quality:1                ; cheap slight out of focus]]
[2019.01.03-15.01.17:340][  0]LogConfig: Setting CVar [[r.DOF.Recombine.EnableBokehSettings:0    ; no bokeh simulation on slight out of focus]]
[2019.01.03-15.01.17:340][  0]LogConfig: Setting CVar [[r.DOF.TemporalAAQuality:1                ; more stable temporal accumulation]]
[2019.01.03-15.01.17:340][  0]LogConfig: Setting CVar [[r.DOF.Kernel.MaxForegroundRadius:0.025]]
[2019.01.03-15.01.17:340][  0]LogConfig: Setting CVar [[r.DOF.Kernel.MaxBackgroundRadius:0.025]]
[2019.01.03-15.01.17:340][  0]LogConfig: Applying CVar settings from Section [TextureQuality@3] File [C:/Users/Yauheni_Dasko/source/repos/Building_Escape/BuildingEscape/Saved/Config/Windows/Scalability.ini]
[2019.01.03-15.01.17:340][  0]LogConfig: Setting CVar [[r.Streaming.MipBias:0]]
[2019.01.03-15.01.17:340][  0]LogConfig: Setting CVar [[r.Streaming.AmortizeCPUToGPUCopy:0]]
[2019.01.03-15.01.17:340][  0]LogConfig: Setting CVar [[r.Streaming.MaxNumTexturesToStreamPerFrame:0]]
[2019.01.03-15.01.17:340][  0]LogConfig: Setting CVar [[r.Streaming.Boost:1]]
[2019.01.03-15.01.17:340][  0]LogConfig: Setting CVar [[r.MaxAnisotropy:8]]
[2019.01.03-15.01.17:340][  0]LogConfig: Setting CVar [[r.Streaming.LimitPoolSizeToVRAM:0]]
[2019.01.03-15.01.17:340][  0]LogConfig: Setting CVar [[r.Streaming.PoolSize:1000]]
[2019.01.03-15.01.17:340][  0]LogConfig: Setting CVar [[r.Streaming.MaxEffectiveScreenSize:0]]
[2019.01.03-15.01.17:340][  0]LogConfig: Applying CVar settings from Section [EffectsQuality@3] File [C:/Users/Yauheni_Dasko/source/repos/Building_Escape/BuildingEscape/Saved/Config/Windows/Scalability.ini]
[2019.01.03-15.01.17:340][  0]LogConfig: Setting CVar [[r.TranslucencyLightingVolumeDim:64]]
[2019.01.03-15.01.17:340][  0]LogConfig: Setting CVar [[r.RefractionQuality:2]]
[2019.01.03-15.01.17:340][  0]LogConfig: Setting CVar [[r.SSR.Quality:3]]
[2019.01.03-15.01.17:340][  0]LogConfig: Setting CVar [[r.SceneColorFormat:4]]
[2019.01.03-15.01.17:340][  0]LogConfig: Setting CVar [[r.DetailMode:2]]
[2019.01.03-15.01.17:340][  0]LogConfig: Setting CVar [[r.TranslucencyVolumeBlur:1]]
[2019.01.03-15.01.17:340][  0]LogConfig: Setting CVar [[r.MaterialQualityLevel:1 ; High quality]]
[2019.01.03-15.01.17:340][  0]LogConfig: Setting CVar [[r.SSS.Scale:1]]
[2019.01.03-15.01.17:340][  0]LogConfig: Setting CVar [[r.SSS.SampleSet:2]]
[2019.01.03-15.01.17:340][  0]LogConfig: Setting CVar [[r.SSS.Quality:1]]
[2019.01.03-15.01.17:340][  0]LogConfig: Setting CVar [[r.SSS.HalfRes:1]]
[2019.01.03-15.01.17:340][  0]LogConfig: Setting CVar [[r.EmitterSpawnRateScale:1.0]]
[2019.01.03-15.01.17:340][  0]LogConfig: Setting CVar [[r.ParticleLightQuality:2]]
[2019.01.03-15.01.17:340][  0]LogConfig: Applying CVar settings from Section [FoliageQuality@3] File [C:/Users/Yauheni_Dasko/source/repos/Building_Escape/BuildingEscape/Saved/Config/Windows/Scalability.ini]
[2019.01.03-15.01.17:340][  0]LogConfig: Setting CVar [[foliage.DensityScale:1.0]]
[2019.01.03-15.01.17:340][  0]LogConfig: Setting CVar [[grass.DensityScale:1.0]]
[2019.01.03-15.01.17:340][  0]LogConfig: Applying CVar settings from Section [Startup] File [../../../Engine/Config/ConsoleVariables.ini]
[2019.01.03-15.01.17:341][  0]LogConfig: Setting CVar [[net.UseAdaptiveNetUpdateFrequency:0]]
[2019.01.03-15.01.17:341][  0]LogConfig: Applying CVar settings from Section [ConsoleVariables] File [C:/Users/Yauheni_Dasko/source/repos/Building_Escape/BuildingEscape/Saved/Config/Windows/Engine.ini]
[2019.01.03-15.01.17:341][  0]LogInit: Computer: EPBYMINW1694
[2019.01.03-15.01.17:341][  0]LogInit: User: YauheniDasko
[2019.01.03-15.01.17:341][  0]LogInit: CPU Page size=4096, Cores=2
[2019.01.03-15.01.17:341][  0]LogInit: High frequency timer resolution =2.835939 MHz
[2019.01.03-15.01.17:341][  0]LogMemory: Memory total: Physical=15.9GB (16GB approx)
[2019.01.03-15.01.17:341][  0]LogMemory: Platform Memory Stats for Windows
[2019.01.03-15.01.17:341][  0]LogMemory: Process Physical Memory: 102.99 MB used, 102.99 MB peak
[2019.01.03-15.01.17:341][  0]LogMemory: Process Virtual Memory: 84.72 MB used, 84.72 MB peak
[2019.01.03-15.01.17:341][  0]LogMemory: Physical Memory: 8373.68 MB used,  7889.51 MB free, 16263.20 MB total
[2019.01.03-15.01.17:341][  0]LogMemory: Virtual Memory: 4624.69 MB used,  134213104.00 MB free, 134217728.00 MB total
[2019.01.03-15.01.17:358][  0]LogInit: Using OS detected language (en-US).
[2019.01.03-15.01.17:358][  0]LogInit: Using OS detected locale (en-US).
[2019.01.03-15.01.17:359][  0]LogTextLocalizationManager: No specific localization for 'en-US' exists, so the 'en' localization will be used.
[2019.01.03-15.01.17:736][  0]LogStreaming: Display: Took  0.378s to InitEngineTextLocalization.
[2019.01.03-15.01.17:737][  0]LogInit: Setting process to per monitor DPI aware
[2019.01.03-15.01.17:774][  0]LogSlate: New Slate User Created.  User Index 0, Is Virtual User: 0
[2019.01.03-15.01.17:774][  0]LogSlate: Slate User Registered.  User Index 0, Is Virtual User: 0
[2019.01.03-15.01.18:076][  0]LogHMD: Failed to initialize OpenVR with code 110
[2019.01.03-15.01.18:076][  0]LogD3D11RHI: D3D11 adapters:
[2019.01.03-15.01.18:084][  0]LogD3D11RHI:    0. 'Intel(R) HD Graphics 620' (Feature Level 11_0)
[2019.01.03-15.01.18:084][  0]LogD3D11RHI:       128/0/8131 MB DedicatedVideo/DedicatedSystem/SharedSystem, Outputs:2, VendorId:0x8086
[2019.01.03-15.01.18:087][  0]LogD3D11RHI:    1. 'Microsoft Basic Render Driver' (Feature Level 11_0)
[2019.01.03-15.01.18:087][  0]LogD3D11RHI:       0/0/8131 MB DedicatedVideo/DedicatedSystem/SharedSystem, Outputs:0, VendorId:0x1414
[2019.01.03-15.01.18:087][  0]LogD3D11RHI: Chosen D3D11 Adapter: 0
[2019.01.03-15.01.18:093][  0]LogD3D11RHI: Creating new Direct3DDevice
[2019.01.03-15.01.18:093][  0]LogD3D11RHI:     GPU DeviceId: 0x5916 (for the marketing name, search the web for "GPU Device Id")
[2019.01.03-15.01.18:093][  0]LogWindows: EnumDisplayDevices:
[2019.01.03-15.01.18:094][  0]LogWindows:    0. 'Intel(R) HD Graphics 620' (P:1 D:1)
[2019.01.03-15.01.18:094][  0]LogWindows:    1. 'Intel(R) HD Graphics 620' (P:0 D:1)
[2019.01.03-15.01.18:094][  0]LogWindows:    2. 'Intel(R) HD Graphics 620' (P:0 D:0)
[2019.01.03-15.01.18:094][  0]LogWindows: DebugString: FoundDriverCount:3 
[2019.01.03-15.01.18:094][  0]LogD3D11RHI:     Adapter Name: Intel(R) HD Graphics 620
[2019.01.03-15.01.18:094][  0]LogD3D11RHI:   Driver Version: 21.20.16.4590 (internal:21.20.16.4590, unified:21.20.16.4590)
[2019.01.03-15.01.18:094][  0]LogD3D11RHI:      Driver Date: 1-18-2017
[2019.01.03-15.01.18:094][  0]LogRHI: Texture pool is 1523 MB (70% of 2176 MB)
[2019.01.03-15.01.18:156][  0]LogD3D11RHI: [IntelMetricsDiscovery] Started
[2019.01.03-15.01.18:156][  0]LogD3D11RHI: Async texture creation enabled
[2019.01.03-15.01.18:162][  0]LogD3D11RHI: GPU Timing Frequency: 12.000000 (Debug: 2 0)
[2019.01.03-15.01.18:488][  0]LogTemp: Display: Loaded TP AllDesktopTargetPlatform
[2019.01.03-15.01.18:503][  0]LogTemp: Display: Loaded TP MacClientTargetPlatform
[2019.01.03-15.01.18:516][  0]LogTemp: Display: Loaded TP MacNoEditorTargetPlatform
[2019.01.03-15.01.18:527][  0]LogTemp: Display: Loaded TP MacServerTargetPlatform
[2019.01.03-15.01.18:539][  0]LogTemp: Display: Loaded TP MacTargetPlatform
[2019.01.03-15.01.18:552][  0]LogTemp: Display: Loaded TP WindowsClientTargetPlatform
[2019.01.03-15.01.18:564][  0]LogTemp: Display: Loaded TP WindowsNoEditorTargetPlatform
[2019.01.03-15.01.18:577][  0]LogTemp: Display: Loaded TP WindowsServerTargetPlatform
[2019.01.03-15.01.18:583][  0]LogTemp: Display: Loaded TP WindowsTargetPlatform
[2019.01.03-15.01.18:655][  0]LogTemp: Display: Loaded TP AndroidTargetPlatform
[2019.01.03-15.01.18:655][  0]LogTemp: Display: Loaded TP AndroidTargetPlatform
[2019.01.03-15.01.18:655][  0]LogTemp: Display: Loaded TP AndroidTargetPlatform
[2019.01.03-15.01.18:655][  0]LogTemp: Display: Loaded TP AndroidTargetPlatform
[2019.01.03-15.01.18:655][  0]LogTemp: Display: Loaded TP AndroidTargetPlatform
[2019.01.03-15.01.18:655][  0]LogTemp: Display: Loaded TP AndroidTargetPlatform
[2019.01.03-15.01.18:655][  0]LogTemp: Display: Loaded TP AndroidTargetPlatform
[2019.01.03-15.01.18:655][  0]LogTemp: Display: Loaded TP AndroidTargetPlatform
[2019.01.03-15.01.18:655][  0]LogTemp: Display: Loaded TP AndroidTargetPlatform
[2019.01.03-15.01.18:655][  0]LogTemp: Display: Loaded TP AndroidTargetPlatform
[2019.01.03-15.01.18:655][  0]LogTemp: Display: Loaded TP AndroidTargetPlatform
[2019.01.03-15.01.18:655][  0]LogTemp: Display: Loaded TP AndroidTargetPlatform
[2019.01.03-15.01.18:655][  0]LogTemp: Display: Loaded TP AndroidTargetPlatform
[2019.01.03-15.01.18:655][  0]LogTemp: Display: Loaded TP AndroidTargetPlatform
[2019.01.03-15.01.18:655][  0]LogTemp: Display: Loaded TP AndroidTargetPlatform
[2019.01.03-15.01.18:655][  0]LogTemp: Display: Loaded TP AndroidTargetPlatform
[2019.01.03-15.01.18:655][  0]LogTemp: Display: Loaded TP AndroidTargetPlatform
[2019.01.03-15.01.18:655][  0]LogTemp: Display: Loaded TP AndroidTargetPlatform
[2019.01.03-15.01.18:657][  0]LogTemp: Display: Loaded TP HTML5TargetPlatform
[2019.01.03-15.01.18:717][  0]LogTemp: Display: Loaded TP IOSTargetPlatform
[2019.01.03-15.01.18:717][  0]LogTemp: Display: Loaded TP IOSTargetPlatform
[2019.01.03-15.01.18:738][  0]LogTemp: Display: Loaded TP TVOSTargetPlatform
[2019.01.03-15.01.18:738][  0]LogTemp: Display: Loaded TP TVOSTargetPlatform
[2019.01.03-15.01.18:753][  0]LogTemp: Display: Loaded TP LinuxClientTargetPlatform
[2019.01.03-15.01.18:765][  0]LogTemp: Display: Loaded TP LinuxNoEditorTargetPlatform
[2019.01.03-15.01.18:776][  0]LogTemp: Display: Loaded TP LinuxServerTargetPlatform
[2019.01.03-15.01.18:788][  0]LogTemp: Display: Loaded TP LinuxTargetPlatform
[2019.01.03-15.01.18:830][  0]LogTemp: Display: Loaded TP LuminTargetPlatform
[2019.01.03-15.01.18:830][  0]LogTemp: Display: Loaded TP LuminTargetPlatform
[2019.01.03-15.01.18:830][  0]LogTargetPlatformManager: Display: Building Assets For Windows
[2019.01.03-15.01.18:890][  0]LogShaderCompilers: Guid format shader working directory is -26 characters bigger than the processId version (../../../../../../Users/Yauheni_Dasko/source/repos/Building_Escape/BuildingEscape/Intermediate/Shaders/WorkingDirectory/844/).
[2019.01.03-15.01.18:892][  0]LogShaderCompilers: Cleaned the shader compiler working directory 'C:/Users/Yauheni_Dasko/AppData/Local/Temp/UnrealShaderWorkingDir/E2AFC25B49D9DAE1CE2527A1D72BC0FE/'.
[2019.01.03-15.01.18:894][  0]LogXGEController: Cannot use XGE Controller as Incredibuild is not installed on this machine.
[2019.01.03-15.01.18:894][  0]LogShaderCompilers: Cannot use XGE Shader Compiler as Incredibuild is not installed on this machine.
[2019.01.03-15.01.18:894][  0]LogShaderCompilers: Display: Using Local Shader Compiler.
[2019.01.03-15.01.19:417][  0]LogDerivedDataCache: Display: Max Cache Size: 512 MB
[2019.01.03-15.01.19:463][  0]LogDerivedDataCache: Loaded boot cache 0.05s 71MB C:/Users/Yauheni_Dasko/AppData/Local/UnrealEngine/4.21/DerivedDataCache/Boot.ddc.
[2019.01.03-15.01.19:464][  0]LogDerivedDataCache: Display: Loaded Boot cache: C:/Users/Yauheni_Dasko/AppData/Local/UnrealEngine/4.21/DerivedDataCache/Boot.ddc
[2019.01.03-15.01.19:464][  0]LogDerivedDataCache: FDerivedDataBackendGraph:  Pak pak cache file ../../../../../../Users/Yauheni_Dasko/source/repos/Building_Escape/BuildingEscape/DerivedDataCache/DDC.ddp not found, will not use a pak cache.
[2019.01.03-15.01.19:464][  0]LogDerivedDataCache: Unable to find inner node Pak for hierarchical cache Hierarchy.
[2019.01.03-15.01.19:464][  0]LogDerivedDataCache: FDerivedDataBackendGraph:  CompressedPak pak cache file ../../../../../../Users/Yauheni_Dasko/source/repos/Building_Escape/BuildingEscape/DerivedDataCache/Compressed.ddp not found, will not use a pak cache.
[2019.01.03-15.01.19:464][  0]LogDerivedDataCache: Unable to find inner node CompressedPak for hierarchical cache Hierarchy.
[2019.01.03-15.01.19:475][  0]LogDerivedDataCache: Display: Pak cache opened for reading ../../../Engine/DerivedDataCache/Compressed.ddp.
[2019.01.03-15.01.19:479][  0]LogDerivedDataCache: Display: Pak cache opened for reading ../../../Enterprise/DerivedDataCache/Compressed.ddp.
[2019.01.03-15.01.19:492][  0]LogDerivedDataCache: Using Local data cache path C:/Users/Yauheni_Dasko/AppData/Local/UnrealEngine/Common/DerivedDataCache: Writable
[2019.01.03-15.01.19:492][  0]LogDerivedDataCache: Shared data cache path not found in *engine.ini, will not use an Shared cache.
[2019.01.03-15.01.19:492][  0]LogDerivedDataCache: Unable to find inner node Shared for hierarchical cache Hierarchy.
[2019.01.03-15.01.19:517][  0]LogMaterial: Verifying Global Shaders for PCD3D_SM5
[2019.01.03-15.01.19:518][  0]LogSlate: Using FreeType 2.6.0
[2019.01.03-15.01.19:519][  0]LogSlate: SlateFontServices - WITH_FREETYPE: 1, WITH_HARFBUZZ: 1
[2019.01.03-15.01.19:617][  0]LogAssetRegistry: FAssetRegistry took 0.0333 seconds to start up
[2019.01.03-15.01.19:933][  0]LogInit: Selected Device Profile: [Windows]
[2019.01.03-15.01.20:073][  0]LogSimplygon: Simplygon DLL not present - disabling.
[2019.01.03-15.01.20:077][  0]LogMeshReduction: Using SimplygonSwarm for distributed automatic mesh merging
[2019.01.03-15.01.20:077][  0]LogMeshReduction: Using ProxyLODMeshReduction for automatic mesh merging
[2019.01.03-15.01.20:077][  0]LogMeshReduction: Using QuadricMeshReduction for automatic static mesh reduction
[2019.01.03-15.01.20:077][  0]LogMeshReduction: No automatic skeletal mesh reduction module available
[2019.01.03-15.01.20:092][  0]LogNetVersion: BuildingEscape 1.0.0, NetCL: 4541578, EngineNetVer: 5, GameNetVer: 0 (Checksum: 3852057107)
[2019.01.03-15.01.20:661][  0]LogPackageLocalizationCache: Processed 14 localized package path(s) for 2 prioritized culture(s) in 0.131295 seconds
[2019.01.03-15.01.20:667][  0]LogUObjectArray: 39775 objects as part of root set at end of initial load.
[2019.01.03-15.01.20:667][  0]LogUObjectAllocator: 6914656 out of 0 bytes used by permanent object pool.
[2019.01.03-15.01.20:667][  0]LogUObjectArray: CloseDisregardForGC: 0/0 objects in disregard for GC pool
[2019.01.03-15.01.21:593][  0]LogTcpMessaging: Initializing TcpMessaging bridge
[2019.01.03-15.01.21:610][  0]LogUdpMessaging: Initializing bridge on interface 0.0.0.0:0 to multicast group 230.0.0.1:6666.
[2019.01.03-15.01.22:350][  0]SourceControl: Source control is disabled
[2019.01.03-15.01.22:350][  0]SourceControl: Source control is disabled
[2019.01.03-15.01.22:352][  0]SourceControl: Source control is disabled
[2019.01.03-15.01.22:353][  0]SourceControl: Source control is disabled
[2019.01.03-15.01.22:523][  0]LogAndroidPermission: UAndroidPermissionCallbackProxy::GetInstance
[2019.01.03-15.01.22:593][  0]LogOcInput: OculusInput pre-init called
[2019.01.03-15.01.23:999][  0]LogEngine: Initializing Engine...
[2019.01.03-15.01.24:000][  0]LogHMD: Failed to initialize OpenVR with code 110
[2019.01.03-15.01.24:001][  0]LogStats: UGameplayTagsManager::ConstructGameplayTagTree: ImportINI prefixes -  0.000 s
[2019.01.03-15.01.24:001][  0]LogStats: UGameplayTagsManager::ConstructGameplayTagTree: Construct from data asset -  0.000 s
[2019.01.03-15.01.24:001][  0]LogStats: UGameplayTagsManager::ConstructGameplayTagTree: ImportINI -  0.000 s
[2019.01.03-15.01.24:001][  0]LogStats: UGameplayTagsManager::ConstructGameplayTagTree: GameplayTagTreeChangedEvent.Broadcast -  0.000 s
[2019.01.03-15.01.24:218][  0]LogInit: Initializing FReadOnlyCVARCache
[2019.01.03-15.01.24:234][  0]LogAIModule: Creating AISystem for world Untitled
[2019.01.03-15.01.24:244][  0]LogInit: XAudio2 using 'Headset Earphone (Plantronics C320-M)' : 2 channels at 48 kHz using 16 bits per sample (channel mask 0x3)
[2019.01.03-15.01.24:269][  0]LogInit: FAudioDevice initialized.
[2019.01.03-15.01.24:269][  0]LogNetVersion: Set ProjectVersion to 1.0.0.0. Version Checksum will be recalculated on next use.
[2019.01.03-15.01.24:348][  0]LogDerivedDataCache: Saved boot cache 0.08s 71MB C:/Users/Yauheni_Dasko/AppData/Local/UnrealEngine/4.21/DerivedDataCache/Boot.ddc.
[2019.01.03-15.01.24:354][  0]LogInit: Texture streaming: Enabled
[2019.01.03-15.01.24:371][  0]LogEngineSessionManager: EngineSessionManager initialized
[2019.01.03-15.01.24:383][  0]LogInit: Transaction tracking system initialized
[2019.01.03-15.01.24:408][  0]BlueprintLog: New page: Editor Load
[2019.01.03-15.01.24:490][  0]LocalizationService: Localization service is disabled
[2019.01.03-15.01.24:965][  0]LogFileCache: Scanning file cache for directory 'C:/Users/Yauheni_Dasko/source/repos/Building_Escape/BuildingEscape/Content/' took 0.01s
[2019.01.03-15.01.24:965][  0]LogCook: Display: Max memory allowance for cook 16384mb min free memory 0mb
[2019.01.03-15.01.24:965][  0]LogCook: Display: Mobile HDR setting 1
[2019.01.03-15.01.24:965][  0]LogGameplayTags: Display: UGameplayTagsManager::DoneAddingNativeTags. DelegateIsBound: 0
[2019.01.03-15.01.24:965][  0]LogStats: UGameplayTagsManager::ConstructGameplayTagTree: ImportINI prefixes -  0.000 s
[2019.01.03-15.01.24:965][  0]LogStats: UGameplayTagsManager::ConstructGameplayTagTree: Construct from data asset -  0.000 s
[2019.01.03-15.01.24:965][  0]LogStats: UGameplayTagsManager::ConstructGameplayTagTree: ImportINI -  0.000 s
[2019.01.03-15.01.24:965][  0]LogStats: UGameplayTagsManager::ConstructGameplayTagTree: GameplayTagTreeChangedEvent.Broadcast -  0.000 s
[2019.01.03-15.01.26:330][  0]SourceControl: Source control is disabled
[2019.01.03-15.01.26:330][  0]Cmd: MAP LOAD FILE="../../../../../../Users/Yauheni_Dasko/source/repos/Building_Escape/BuildingEscape/Content/NewMap.umap" TEMPLATE=0 SHOWPROGRESS=1 FEATURELEVEL=3
[2019.01.03-15.01.26:331][  0]LightingResults: New page: Lighting Build
[2019.01.03-15.01.26:333][  0]MapCheck: New page: Map Check
[2019.01.03-15.01.26:333][  0]LightingResults: New page: Lighting Build
[2019.01.03-15.01.26:617][  0]LogAIModule: Creating AISystem for world NewMap
[2019.01.03-15.01.26:622][  0]LogEditorServer: Finished looking for orphan Actors (0.000 secs)
[2019.01.03-15.01.26:690][  0]Cmd: MAP CHECKDEP NOCLEARLOG
[2019.01.03-15.01.26:690][  0]MapCheck: Map check complete: 0 Error(s), 0 Warning(s), took 0.391ms to complete.
[2019.01.03-15.01.26:690][  0]LogFileHelpers: Loading map 'NewMap' took 0.360
[2019.01.03-15.01.26:803][  0]LogSlate: Updating window title bar state: overlay mode, drag disabled, window buttons hidden, title bar hidden
[2019.01.03-15.01.26:813][  0]LogSlate: Updating window title bar state: overlay mode, drag disabled, window buttons hidden, title bar hidden
[2019.01.03-15.01.26:818][  0]LogSlate: Updating window title bar state: overlay mode, drag disabled, window buttons hidden, title bar hidden
[2019.01.03-15.01.26:829][  0]LogSlate: Updating window title bar state: overlay mode, drag disabled, window buttons hidden, title bar hidden
[2019.01.03-15.01.26:834][  0]LogCollectionManager: Loaded 0 collections in 0.001419 seconds
[2019.01.03-15.01.26:889][  0]LogFileCache: Scanning file cache for directory 'C:/Users/Yauheni_Dasko/source/repos/Building_Escape/BuildingEscape/Saved/Collections/' took 0.01s
[2019.01.03-15.01.26:889][  0]LogFileCache: Scanning file cache for directory 'C:/Users/Yauheni_Dasko/source/repos/Building_Escape/BuildingEscape/Content/Developers/YauheniDasko/Collections/' took 0.01s
[2019.01.03-15.01.26:889][  0]LogFileCache: Scanning file cache for directory 'C:/Users/Yauheni_Dasko/source/repos/Building_Escape/BuildingEscape/Content/Collections/' took 0.01s
[2019.01.03-15.01.26:889][  0]LogCollectionManager: Rebuilt the GUID cache for 0 collections in 0.000001 seconds
[2019.01.03-15.01.26:903][  0]LogContentBrowser: Native class hierarchy populated in 0.0137 seconds. Added 2713 classes and 655 folders.
[2019.01.03-15.01.26:910][  0]LogContentBrowser: Native class hierarchy updated for 'WidgetCarousel' in 0.0005 seconds. Added 0 classes and 0 folders.
[2019.01.03-15.01.26:915][  0]LogPakFile: Registered encryption key '00000000000000000000000000000000': 0 pak files mounted, 0 remain pending
[2019.01.03-15.01.26:916][  0]LogPakFile: Registered encryption key '00000000000000000000000000000000': 0 pak files mounted, 0 remain pending
[2019.01.03-15.01.26:916][  0]LogPakFile: Registered encryption key '00000000000000000000000000000000': 0 pak files mounted, 0 remain pending
[2019.01.03-15.01.26:917][  0]LogPakFile: Registered encryption key '00000000000000000000000000000000': 0 pak files mounted, 0 remain pending
[2019.01.03-15.01.26:918][  0]LogPakFile: Registered encryption key '00000000000000000000000000000000': 0 pak files mounted, 0 remain pending
[2019.01.03-15.01.26:918][  0]LogPakFile: Registered encryption key '00000000000000000000000000000000': 0 pak files mounted, 0 remain pending
[2019.01.03-15.01.26:919][  0]LogPakFile: Registered encryption key '00000000000000000000000000000000': 0 pak files mounted, 0 remain pending
[2019.01.03-15.01.26:919][  0]LogPakFile: Registered encryption key '00000000000000000000000000000000': 0 pak files mounted, 0 remain pending
[2019.01.03-15.01.26:920][  0]LogPakFile: Registered encryption key '00000000000000000000000000000000': 0 pak files mounted, 0 remain pending
[2019.01.03-15.01.26:920][  0]LogPakFile: Registered encryption key '00000000000000000000000000000000': 0 pak files mounted, 0 remain pending
[2019.01.03-15.01.26:921][  0]LogPakFile: Registered encryption key '00000000000000000000000000000000': 0 pak files mounted, 0 remain pending
[2019.01.03-15.01.26:921][  0]LogPakFile: Registered encryption key '00000000000000000000000000000000': 0 pak files mounted, 0 remain pending
[2019.01.03-15.01.26:921][  0]LogPakFile: Registered encryption key '00000000000000000000000000000000': 0 pak files mounted, 0 remain pending
[2019.01.03-15.01.26:922][  0]LogPakFile: Registered encryption key '00000000000000000000000000000000': 0 pak files mounted, 0 remain pending
[2019.01.03-15.01.26:922][  0]LogPakFile: Registered encryption key '00000000000000000000000000000000': 0 pak files mounted, 0 remain pending
[2019.01.03-15.01.26:923][  0]LogPakFile: Registered encryption key '00000000000000000000000000000000': 0 pak files mounted, 0 remain pending
[2019.01.03-15.01.26:923][  0]LogPakFile: Registered encryption key '00000000000000000000000000000000': 0 pak files mounted, 0 remain pending
[2019.01.03-15.01.26:924][  0]LogPakFile: Registered encryption key '00000000000000000000000000000000': 0 pak files mounted, 0 remain pending
[2019.01.03-15.01.26:924][  0]LogPakFile: Registered encryption key '00000000000000000000000000000000': 0 pak files mounted, 0 remain pending
[2019.01.03-15.01.26:925][  0]LogPakFile: Registered encryption key '00000000000000000000000000000000': 0 pak files mounted, 0 remain pending
[2019.01.03-15.01.26:926][  0]LogPakFile: Registered encryption key '00000000000000000000000000000000': 0 pak files mounted, 0 remain pending
[2019.01.03-15.01.26:926][  0]LogPakFile: Registered encryption key '00000000000000000000000000000000': 0 pak files mounted, 0 remain pending
[2019.01.03-15.01.26:927][  0]LogPakFile: Registered encryption key '00000000000000000000000000000000': 0 pak files mounted, 0 remain pending
[2019.01.03-15.01.26:927][  0]LogPakFile: Registered encryption key '00000000000000000000000000000000': 0 pak files mounted, 0 remain pending
[2019.01.03-15.01.26:928][  0]LogPakFile: Registered encryption key '00000000000000000000000000000000': 0 pak files mounted, 0 remain pending
[2019.01.03-15.01.26:929][  0]LogPakFile: Registered encryption key '00000000000000000000000000000000': 0 pak files mounted, 0 remain pending
[2019.01.03-15.01.26:929][  0]LogPakFile: Registered encryption key '00000000000000000000000000000000': 0 pak files mounted, 0 remain pending
[2019.01.03-15.01.26:930][  0]LogPakFile: Registered encryption key '00000000000000000000000000000000': 0 pak files mounted, 0 remain pending
[2019.01.03-15.01.26:966][  0]LogContentBrowser: Native class hierarchy updated for 'AddContentDialog' in 0.0003 seconds. Added 0 classes and 0 folders.
[2019.01.03-15.01.26:973][  0]LogContentBrowser: Native class hierarchy updated for 'SceneOutliner' in 0.0004 seconds. Added 1 classes and 2 folders.
[2019.01.03-15.01.26:984][  0]LogSlate: Took 0.000250 seconds to synchronously load lazily loaded font '../../../Engine/Content/Slate/Fonts/Roboto-Regular.ttf' (155K)
[2019.01.03-15.01.26:987][  0]LogSlate: Took 0.000255 seconds to synchronously load lazily loaded font '../../../Engine/Content/Slate/Fonts/Roboto-Bold.ttf' (160K)
[2019.01.03-15.01.26:995][  0]LogSlate: Took 0.000321 seconds to synchronously load lazily loaded font '../../../Engine/Content/Editor/Slate/Fonts/FontAwesome.ttf' (139K)
[2019.01.03-15.01.26:996][  0]LogSlate: Took 0.000451 seconds to synchronously load lazily loaded font '../../../Engine/Content/Slate/Fonts/DroidSansMono.ttf' (77K)
[2019.01.03-15.01.27:121][  0]LogRenderer: Reallocating scene render targets to support 880x512 Format 10 NumSamples 1 (Frame:1).
[2019.01.03-15.01.27:634][  0]LogContentBrowser: Native class hierarchy updated for 'HierarchicalLODOutliner' in 0.0003 seconds. Added 0 classes and 0 folders.
[2019.01.03-15.01.27:635][  0]LogLoad: (Engine Initialization) Total time: 11.78 seconds
[2019.01.03-15.01.27:635][  0]LogLoad: (Engine Initialization) Total Blueprint compile time: 0.00 seconds
[2019.01.03-15.01.27:653][  0]LogWindowsTextInputMethodSystem: Display: IME system now deactivated.
[2019.01.03-15.01.27:709][  0]LogContentStreaming: Texture pool size now 1000 MB
[2019.01.03-15.01.27:735][  1]LogAssetRegistry: Asset discovery search completed in 8.1414 seconds
[2019.01.03-15.01.27:738][  1]LogCollectionManager: Rebuilt the object cache for 0 collections in 0.000000 seconds (found 0 objects)
[2019.01.03-15.01.27:738][  1]LogCollectionManager: Fixed up redirectors for 0 collections in 0.000249 seconds (updated 0 objects)
[2019.01.03-15.01.30:524][105]LogTemp: Repeating last play command: Selected Viewport
[2019.01.03-15.01.30:544][105]LogBlueprintUserMessages: Early PlayInEditor Detection: Level '/Game/NewMap.NewMap:PersistentLevel' has LevelScriptBlueprint '/Game/NewMap.NewMap:PersistentLevel.NewMap' with GeneratedClass '/Game/NewMap.NewMap_C' with ClassGeneratedBy '/Game/NewMap.NewMap:PersistentLevel.NewMap'
[2019.01.03-15.01.30:545][105]LogPlayLevel: PlayLevel: No blueprints needed recompiling
[2019.01.03-15.01.30:546][105]PIE: New page: PIE session: NewMap (Jan 3, 2019, 9:01:30 PM)
[2019.01.03-15.01.30:560][105]LogPlayLevel: Creating play world package: /Game/UEDPIE_0_NewMap
[2019.01.03-15.01.30:570][105]LogPlayLevel: PIE: StaticDuplicateObject took: (0.009278s)
[2019.01.03-15.01.30:570][105]LogAIModule: Creating AISystem for world NewMap
[2019.01.03-15.01.30:571][105]LogPlayLevel: PIE: World Init took: (0.000711s)
[2019.01.03-15.01.30:571][105]LogPlayLevel: PIE: Created PIE world by copying editor world from /Game/NewMap.NewMap to /Game/UEDPIE_0_NewMap.NewMap (0.010782s)
[2019.01.03-15.01.30:592][105]LogInit: XAudio2 using 'Headset Earphone (Plantronics C320-M)' : 2 channels at 48 kHz using 16 bits per sample (channel mask 0x3)
[2019.01.03-15.01.30:600][105]LogInit: FAudioDevice initialized.
[2019.01.03-15.01.30:601][105]LogSlate: FSceneViewport::OnFocusLost() reason 2
[2019.01.03-15.01.30:686][105]LogLoad: Game class is 'BuildingEscapeGameModeBase_BP_C'
[2019.01.03-15.01.30:690][105]LogWorld: Bringing World /Game/UEDPIE_0_NewMap.NewMap up for play (max tick rate 60) at 2019.01.03-18.01.30
[2019.01.03-15.01.30:691][105]LogWorld: Bringing up level for play took: 0.002824
[2019.01.03-15.01.30:716][105]LogContentBrowser: Native class hierarchy updated for 'MovieSceneCapture' in 0.0008 seconds. Added 20 classes and 0 folders.
[2019.01.03-15.01.30:718][105]LogTemp: Warning: Input component is found
[2019.01.03-15.01.30:718][105]PIE: Play in editor start time for /Game/UEDPIE_0_NewMap 0.127
[2019.01.03-15.01.30:719][105]LogBlueprintUserMessages: Late PlayInEditor Detection: Level '/Game/NewMap.NewMap:PersistentLevel' has LevelScriptBlueprint '/Game/NewMap.NewMap:PersistentLevel.NewMap' with GeneratedClass '/Game/NewMap.NewMap_C' with ClassGeneratedBy '/Game/NewMap.NewMap:PersistentLevel.NewMap'
[2019.01.03-15.01.36:837][349]LogTemp: Warning: Grab is pressed
[2019.01.03-15.01.36:837][349]LogTemp: Warning: Line trace hit: SM_Chair2_8
[2019.01.03-15.01.38:157][402]LogTemp: Warning: Grab is released
[2019.01.03-15.01.41:008][522]LogTemp: Warning: Grab is pressed
[2019.01.03-15.01.41:008][522]LogTemp: Warning: Line trace hit: SM_Chair2_8
[2019.01.03-15.01.42:460][582]LogTemp: Warning: Grab is released
[2019.01.03-15.01.44:539][666]LogTemp: Warning: Grab is pressed
[2019.01.03-15.01.44:539][666]LogTemp: Warning: Line trace hit: SM_Chair2_8
[2019.01.03-15.01.49:044][835]LogTemp: Warning: Grab is released
[2019.01.03-15.01.54:405][ 37]LogTemp: Warning: Grab is pressed
[2019.01.03-15.01.54:854][ 54]LogTemp: Warning: Grab is released
[2019.01.03-15.01.59:878][243]LogTemp: Warning: Grab is pressed
[2019.01.03-15.01.59:879][243]LogTemp: Warning: Line trace hit: SM_Chair2_8
[2019.01.03-15.02.00:815][278]LogTemp: Warning: Grab is released
[2019.01.03-15.02.08:425][568]LogTemp: Warning: Grab is pressed
[2019.01.03-15.02.08:425][568]LogTemp: Warning: Line trace hit: SM_Chair3_19
[2019.01.03-15.02.09:651][615]LogTemp: Warning: Grab is released
[2019.01.03-15.02.13:205][750]LogTemp: Warning: Grab is pressed
[2019.01.03-15.02.13:205][750]LogTemp: Warning: Line trace hit: SM_Chair_5
[2019.01.03-15.02.14:549][802]LogTemp: Warning: Grab is released
[2019.01.03-15.02.18:440][952]LogTemp: Warning: Grab is pressed
[2019.01.03-15.02.18:783][966]LogTemp: Warning: Grab is released
[2019.01.03-15.02.19:081][978]LogTemp: Warning: Grab is pressed
[2019.01.03-15.02.19:498][995]LogTemp: Warning: Grab is released
[2019.01.03-15.02.19:646][  1]LogTemp: Warning: Grab is pressed
[2019.01.03-15.02.19:646][  1]LogTemp: Warning: Line trace hit: SM_Lamp_Ceiling_11
[2019.01.03-15.02.27:837][326]LogTemp: Warning: Grab is released
[2019.01.03-15.02.30:542][411]LogBlueprintUserMessages: Early EndPlayMap Detection: Level '/Game/NewMap.NewMap:PersistentLevel' has LevelScriptBlueprint '/Game/NewMap.NewMap:PersistentLevel.NewMap' with GeneratedClass '/Game/NewMap.NewMap_C' with ClassGeneratedBy '/Game/NewMap.NewMap:PersistentLevel.NewMap'
[2019.01.03-15.02.30:544][411]LogSlate: Updating window title bar state: overlay mode, drag disabled, window buttons hidden, title bar hidden
[2019.01.03-15.02.30:614][411]LogPlayLevel: Display: Shutting down PIE online subsystems
[2019.01.03-15.02.30:615][411]LogBlueprintUserMessages: Late EndPlayMap Detection: Level '/Game/NewMap.NewMap:PersistentLevel' has LevelScriptBlueprint '/Game/NewMap.NewMap:PersistentLevel.NewMap' with GeneratedClass '/Game/NewMap.NewMap_C' with ClassGeneratedBy '/Game/NewMap.NewMap:PersistentLevel.NewMap'
[2019.01.03-15.02.30:669][411]LogSlate: Updating window title bar state: overlay mode, drag disabled, window buttons hidden, title bar hidden
[2019.01.03-15.02.30:712][412]LogPlayLevel: Display: Destroying online subsystem :Context_1
[2019.01.03-15.02.35:696][614]LogSlate: FSceneViewport::OnFocusLost() reason 2
[2019.01.03-15.02.39:576][756]LogTemp: Repeating last play command: Selected Viewport
[2019.01.03-15.02.39:614][756]LogBlueprintUserMessages: Early PlayInEditor Detection: Level '/Game/NewMap.NewMap:PersistentLevel' has LevelScriptBlueprint '/Game/NewMap.NewMap:PersistentLevel.NewMap' with GeneratedClass '/Game/NewMap.NewMap_C' with ClassGeneratedBy '/Game/NewMap.NewMap:PersistentLevel.NewMap'
[2019.01.03-15.02.39:615][756]LogPlayLevel: PlayLevel: No blueprints needed recompiling
[2019.01.03-15.02.39:615][756]PIE: New page: PIE session: NewMap (Jan 3, 2019, 9:02:39 PM)
[2019.01.03-15.02.39:616][756]LogPlayLevel: Creating play world package: /Game/UEDPIE_0_NewMap
[2019.01.03-15.02.39:629][756]LogPlayLevel: PIE: StaticDuplicateObject took: (0.013126s)
[2019.01.03-15.02.39:631][756]LogAIModule: Creating AISystem for world NewMap
[2019.01.03-15.02.39:634][756]LogPlayLevel: PIE: World Init took: (0.004466s)
[2019.01.03-15.02.39:635][756]LogPlayLevel: PIE: Created PIE world by copying editor world from /Game/NewMap.NewMap to /Game/UEDPIE_0_NewMap.NewMap (0.019006s)
[2019.01.03-15.02.39:687][756]LogInit: XAudio2 using 'Headset Earphone (Plantronics C320-M)' : 2 channels at 48 kHz using 16 bits per sample (channel mask 0x3)
[2019.01.03-15.02.39:706][756]LogInit: FAudioDevice initialized.
[2019.01.03-15.02.39:707][756]LogSlate: FSceneViewport::OnFocusLost() reason 2
[2019.01.03-15.02.39:746][756]LogLoad: Game class is 'BuildingEscapeGameModeBase_BP_C'
[2019.01.03-15.02.39:749][756]LogWorld: Bringing World /Game/UEDPIE_0_NewMap.NewMap up for play (max tick rate 60) at 2019.01.03-18.02.39
[2019.01.03-15.02.39:750][756]LogWorld: Bringing up level for play took: 0.003043
[2019.01.03-15.02.39:764][756]LogTemp: Warning: Input component is found
[2019.01.03-15.02.39:764][756]PIE: Play in editor start time for /Game/UEDPIE_0_NewMap -0.826
[2019.01.03-15.02.39:765][756]LogBlueprintUserMessages: Late PlayInEditor Detection: Level '/Game/NewMap.NewMap:PersistentLevel' has LevelScriptBlueprint '/Game/NewMap.NewMap:PersistentLevel.NewMap' with GeneratedClass '/Game/NewMap.NewMap_C' with ClassGeneratedBy '/Game/NewMap.NewMap:PersistentLevel.NewMap'
[2019.01.03-15.02.43:756][907]LogTemp: Warning: Grab is pressed
[2019.01.03-15.02.43:756][907]LogTemp: Warning: Line trace hit: SM_Chair_5
[2019.01.03-15.02.49:390][119]LogTemp: Warning: Grab is released
[2019.01.03-15.02.59:242][492]LogBlueprintUserMessages: Early EndPlayMap Detection: Level '/Game/NewMap.NewMap:PersistentLevel' has LevelScriptBlueprint '/Game/NewMap.NewMap:PersistentLevel.NewMap' with GeneratedClass '/Game/NewMap.NewMap_C' with ClassGeneratedBy '/Game/NewMap.NewMap:PersistentLevel.NewMap'
[2019.01.03-15.02.59:243][492]LogSlate: Updating window title bar state: overlay mode, drag disabled, window buttons hidden, title bar hidden
[2019.01.03-15.02.59:328][492]LogPlayLevel: Display: Shutting down PIE online subsystems
[2019.01.03-15.02.59:329][492]LogBlueprintUserMessages: Late EndPlayMap Detection: Level '/Game/NewMap.NewMap:PersistentLevel' has LevelScriptBlueprint '/Game/NewMap.NewMap:PersistentLevel.NewMap' with GeneratedClass '/Game/NewMap.NewMap_C' with ClassGeneratedBy '/Game/NewMap.NewMap:PersistentLevel.NewMap'
[2019.01.03-15.02.59:378][492]LogSlate: Updating window title bar state: overlay mode, drag disabled, window buttons hidden, title bar hidden
[2019.01.03-15.02.59:419][493]LogPlayLevel: Display: Destroying online subsystem :Context_2
[2019.01.03-15.03.15:661][ 12]LogSlate: FSceneViewport::OnFocusLost() reason 2
[2019.01.03-15.03.21:457][129]LogSlate: FSceneViewport::OnFocusLost() reason 0
[2019.01.03-15.03.21:623][131]LogSlate: Window 'BuildingEscape - Unreal Editor' being destroyed
[2019.01.03-15.03.21:624][131]LogWindowsTextInputMethodSystem: Display: IME system now deactivated.
[2019.01.03-15.03.21:825][132]Cmd: QUIT_EDITOR
[2019.01.03-15.03.22:539][132]LogExit: Preparing to exit.
[2019.01.03-15.03.22:728][132]LogExit: Editor shut down
[2019.01.03-15.03.22:729][132]LogExit: Transaction tracking system shut down
[2019.01.03-15.03.22:932][132]LogExit: Object subsystem successfully closed.
[2019.01.03-15.03.22:946][132]LogShaderCompilers: Display: Shaders left to compile 0
[2019.01.03-15.03.22:950][132]LogD3D11RHI: Shutdown
[2019.01.03-15.03.22:950][132]LogD3D11RHI: CleanupD3DDevice
[2019.01.03-15.03.22:957][132]LogD3D11RHI: [IntelMetricsDiscovery] Stopped
[2019.01.03-15.03.22:957][132]LogD3D11RHI: ~FD3D11DynamicRHI
[2019.01.03-15.03.22:985][132]LogModuleManager: Shutting down and abandoning module MovieSceneCapture (650)
[2019.01.03-15.03.22:985][132]LogModuleManager: Shutting down and abandoning module Voice (648)
[2019.01.03-15.03.22:985][132]LogModuleManager: Shutting down and abandoning module HierarchicalLODOutliner (646)
[2019.01.03-15.03.22:985][132]LogModuleManager: Shutting down and abandoning module SceneOutliner (644)
[2019.01.03-15.03.22:985][132]LogModuleManager: Shutting down and abandoning module AddContentDialog (642)
[2019.01.03-15.03.22:986][132]LogModuleManager: Shutting down and abandoning module WidgetCarousel (641)
[2019.01.03-15.03.22:986][132]LogModuleManager: Shutting down and abandoning module EditorWidgets (638)
[2019.01.03-15.03.22:986][132]LogModuleManager: Shutting down and abandoning module CollectionManager (636)
[2019.01.03-15.03.22:987][132]LogModuleManager: Shutting down and abandoning module StatsViewer (634)
[2019.01.03-15.03.22:987][132]LogModuleManager: Shutting down and abandoning module FoliageEdit (632)
[2019.01.03-15.03.22:987][132]LogModuleManager: Shutting down and abandoning module LandscapeEditor (630)
[2019.01.03-15.03.22:987][132]LogModuleManager: Shutting down and abandoning module MeshPaintMode (628)
[2019.01.03-15.03.22:987][132]LogModuleManager: Shutting down and abandoning module SceneDepthPickerMode (626)
[2019.01.03-15.03.22:987][132]LogModuleManager: Shutting down and abandoning module ActorPickerMode (624)
[2019.01.03-15.03.22:987][132]LogModuleManager: Shutting down and abandoning module GeometryMode (622)
[2019.01.03-15.03.22:987][132]LogModuleManager: Shutting down and abandoning module TextureAlignMode (620)
[2019.01.03-15.03.22:987][132]LogModuleManager: Shutting down and abandoning module BspMode (618)
[2019.01.03-15.03.22:987][132]LogModuleManager: Shutting down and abandoning module PIEPreviewDeviceProfileSelector (616)
[2019.01.03-15.03.22:987][132]LogModuleManager: Shutting down and abandoning module SequenceRecorderSections (614)
[2019.01.03-15.03.22:987][132]LogModuleManager: Shutting down and abandoning module AutomationWorker (612)
[2019.01.03-15.03.22:987][132]LogModuleManager: Shutting down and abandoning module DatasmithFBXImporter (610)
[2019.01.03-15.03.22:987][132]LogModuleManager: Shutting down and abandoning module DatasmithDeltaGenImporter (608)
[2019.01.03-15.03.22:987][132]LogModuleManager: Shutting down and abandoning module DatasmithVREDImporter (606)
[2019.01.03-15.03.22:987][132]LogModuleManager: Shutting down and abandoning module AudioCaptureEditor (604)
[2019.01.03-15.03.22:987][132]LogModuleManager: Shutting down and abandoning module MatineeToLevelSequence (602)
[2019.01.03-15.03.22:987][132]LogModuleManager: Shutting down and abandoning module LevelSequenceEditor (600)
[2019.01.03-15.03.22:987][132]LogModuleManager: Shutting down and abandoning module PlacementMode (599)
[2019.01.03-15.03.22:987][132]LogModuleManager: Shutting down and abandoning module MaterialEditor (598)
[2019.01.03-15.03.22:987][132]LogModuleManager: Shutting down and abandoning module WmfMediaFactory (594)
[2019.01.03-15.03.22:987][132]LogModuleManager: Shutting down and abandoning module WmfMediaEditor (592)
[2019.01.03-15.03.22:987][132]LogModuleManager: Shutting down and abandoning module WebMMediaFactory (590)
[2019.01.03-15.03.22:988][132]LogModuleManager: Shutting down and abandoning module WebMMediaEditor (588)
[2019.01.03-15.03.22:988][132]LogModuleManager: Shutting down and abandoning module WebMMedia (586)
[2019.01.03-15.03.22:988][132]LogModuleManager: Shutting down and abandoning module MediaPlayerEditor (584)
[2019.01.03-15.03.22:988][132]LogModuleManager: Shutting down and abandoning module MediaCompositingEditor (582)
[2019.01.03-15.03.22:988][132]LogModuleManager: Shutting down and abandoning module SequenceRecorder (581)
[2019.01.03-15.03.22:988][132]LogModuleManager: Shutting down and abandoning module OpenExrWrapper (578)
[2019.01.03-15.03.22:988][132]LogModuleManager: Shutting down and abandoning module ImgMediaFactory (576)
[2019.01.03-15.03.22:988][132]LogModuleManager: Shutting down and abandoning module ImgMediaEditor (574)
[2019.01.03-15.03.22:988][132]LogModuleManager: Shutting down and abandoning module AvfMediaFactory (572)
[2019.01.03-15.03.22:988][132]LogModuleManager: Shutting down and abandoning module AvfMediaEditor (570)
[2019.01.03-15.03.22:988][132]LogModuleManager: Shutting down and abandoning module AndroidMediaFactory (568)
[2019.01.03-15.03.22:988][132]LogModuleManager: Shutting down and abandoning module AndroidMediaEditor (566)
[2019.01.03-15.03.22:988][132]LogModuleManager: Shutting down and abandoning module MagicLeapCameraPreviewFactory (564)
[2019.01.03-15.03.22:988][132]LogModuleManager: Shutting down and abandoning module MagicLeapMediaFactory (562)
[2019.01.03-15.03.22:988][132]LogModuleManager: Shutting down and abandoning module MagicLeapMediaEditor (560)
[2019.01.03-15.03.22:988][132]LogModuleManager: Shutting down and abandoning module CharacterAI (558)
[2019.01.03-15.03.22:988][132]LogModuleManager: Shutting down and abandoning module SmartSnapping (556)
[2019.01.03-15.03.22:988][132]LogModuleManager: Shutting down and abandoning module SessionServices (554)
[2019.01.03-15.03.22:988][132]LogModuleManager: Shutting down and abandoning module ViewportSnapping (552)
[2019.01.03-15.03.22:988][132]LogModuleManager: Shutting down and abandoning module ViewportInteraction (550)
[2019.01.03-15.03.22:988][132]LogModuleManager: Shutting down and abandoning module ClothPainter (548)
[2019.01.03-15.03.22:988][132]LogModuleManager: Shutting down and abandoning module SkeletalMeshEditor (547)
[2019.01.03-15.03.22:988][132]LogModuleManager: Shutting down and abandoning module LogVisualizer (544)
[2019.01.03-15.03.22:988][132]LogModuleManager: Shutting down and abandoning module IntroTutorials (542)
[2019.01.03-15.03.22:988][132]LogModuleManager: Shutting down and abandoning module GameProjectGeneration (541)
[2019.01.03-15.03.22:988][132]LogModuleManager: Shutting down and abandoning module LuminPlatformEditor (538)
[2019.01.03-15.03.22:988][132]LogModuleManager: Shutting down and abandoning module IOSPlatformEditor (536)
[2019.01.03-15.03.22:988][132]LogModuleManager: Shutting down and abandoning module HTML5PlatformEditor (534)
[2019.01.03-15.03.22:989][132]LogModuleManager: Shutting down and abandoning module AndroidPlatformEditor (532)
[2019.01.03-15.03.22:989][132]LogModuleManager: Shutting down and abandoning module AndroidDeviceDetection (531)
[2019.01.03-15.03.23:774][132]LogModuleManager: Shutting down and abandoning module WindowsPlatformEditor (528)
[2019.01.03-15.03.23:774][132]LogModuleManager: Shutting down and abandoning module LuminRuntimeSettings (526)
[2019.01.03-15.03.23:774][132]LogModuleManager: Shutting down and abandoning module IOSRuntimeSettings (524)
[2019.01.03-15.03.23:774][132]LogModuleManager: Shutting down and abandoning module AndroidRuntimeSettings (522)
[2019.01.03-15.03.23:774][132]LogModuleManager: Shutting down and abandoning module TimeManagementEditor (520)
[2019.01.03-15.03.23:774][132]LogModuleManager: Shutting down and abandoning module InputBindingEditor (518)
[2019.01.03-15.03.23:774][132]LogModuleManager: Shutting down and abandoning module MergeActors (516)
[2019.01.03-15.03.23:774][132]LogModuleManager: Shutting down and abandoning module LocalizationDashboard (514)
[2019.01.03-15.03.23:774][132]LogModuleManager: Shutting down and abandoning module LocalizationService (513)
[2019.01.03-15.03.23:774][132]LogModuleManager: Shutting down and abandoning module HardwareTargeting (510)
[2019.01.03-15.03.23:775][132]LogModuleManager: Shutting down and abandoning module DeviceProfileEditor (508)
[2019.01.03-15.03.23:775][132]LogModuleManager: Shutting down and abandoning module UndoHistory (506)
[2019.01.03-15.03.23:775][132]LogModuleManager: Shutting down and abandoning module XmlParser (504)
[2019.01.03-15.03.23:775][132]LogModuleManager: Shutting down and abandoning module Blutility (502)
[2019.01.03-15.03.23:775][132]LogModuleManager: Shutting down and abandoning module ProjectSettingsViewer (500)
[2019.01.03-15.03.23:775][132]LogModuleManager: Shutting down and abandoning module ProjectTargetPlatformEditor (499)
[2019.01.03-15.03.23:775][132]LogModuleManager: Shutting down and abandoning module EditorSettingsViewer (496)
[2019.01.03-15.03.23:775][132]LogModuleManager: Shutting down and abandoning module SettingsEditor (494)
[2019.01.03-15.03.23:775][132]LogModuleManager: Shutting down and abandoning module ProjectLauncher (492)
[2019.01.03-15.03.23:775][132]LogModuleManager: Shutting down and abandoning module SessionFrontend (490)
[2019.01.03-15.03.23:775][132]LogModuleManager: Shutting down and abandoning module ProfilerClient (488)
[2019.01.03-15.03.23:775][132]LogModuleManager: Shutting down and abandoning module DeviceManager (486)
[2019.01.03-15.03.23:775][132]LogModuleManager: Shutting down and abandoning module TargetDeviceServices (485)
[2019.01.03-15.03.23:841][132]LogModuleManager: Shutting down and abandoning module AutomationController (482)
[2019.01.03-15.03.23:841][132]LogModuleManager: Shutting down and abandoning module AutomationWindow (480)
[2019.01.03-15.03.23:841][132]LogModuleManager: Shutting down and abandoning module Layers (478)
[2019.01.03-15.03.23:841][132]LogModuleManager: Shutting down and abandoning module ComponentVisualizers (476)
[2019.01.03-15.03.23:841][132]LogModuleManager: Shutting down and abandoning module DetailCustomizations (474)
[2019.01.03-15.03.23:841][132]LogModuleManager: Shutting down and abandoning module PackagesDialog (472)
[2019.01.03-15.03.23:841][132]LogModuleManager: Shutting down and abandoning module Persona (470)
[2019.01.03-15.03.23:841][132]LogModuleManager: Shutting down and abandoning module AnimGraph (469)
[2019.01.03-15.03.23:841][132]LogModuleManager: Shutting down and abandoning module Kismet (466)
[2019.01.03-15.03.23:841][132]LogModuleManager: Shutting down and abandoning module GraphEditor (464)
[2019.01.03-15.03.23:842][132]LogModuleManager: Shutting down and abandoning module ClassViewer (462)
[2019.01.03-15.03.23:842][132]LogModuleManager: Shutting down and abandoning module Toolbox (460)
[2019.01.03-15.03.23:842][132]LogModuleManager: Shutting down and abandoning module DesktopPlatform (459)
[2019.01.03-15.03.23:842][132]LogModuleManager: Shutting down and abandoning module ModuleUI (456)
[2019.01.03-15.03.23:842][132]LogModuleManager: Shutting down and abandoning module MovieSceneTools (454)
[2019.01.03-15.03.23:842][132]LogModuleManager: Shutting down and abandoning module OutputLog (452)
[2019.01.03-15.03.23:842][132]LogModuleManager: Shutting down and abandoning module GammaUI (450)
[2019.01.03-15.03.23:842][132]LogModuleManager: Shutting down and abandoning module Documentation (448)
[2019.01.03-15.03.23:842][132]LogModuleManager: Shutting down and abandoning module MovieSceneTracks (446)
[2019.01.03-15.03.23:842][132]LogModuleManager: Shutting down and abandoning module MovieScene (444)
[2019.01.03-15.03.23:842][132]LogModuleManager: Shutting down and abandoning module StreamingPauseRendering (442)
[2019.01.03-15.03.23:842][132]LogModuleManager: Shutting down and abandoning module LauncherPlatform (440)
[2019.01.03-15.03.23:842][132]LogModuleManager: Shutting down and abandoning module AnalyticsET (438)
[2019.01.03-15.03.23:842][132]LogModuleManager: Shutting down and abandoning module PortalServices (436)
[2019.01.03-15.03.23:842][132]LogModuleManager: Shutting down and abandoning module PortalRpc (434)
[2019.01.03-15.03.23:842][132]LogModuleManager: Shutting down and abandoning module MessagingRpc (432)
[2019.01.03-15.03.23:842][132]LogModuleManager: Shutting down and abandoning module AIModule (430)
[2019.01.03-15.03.23:844][132]LogModuleManager: Shutting down and abandoning module GameplayDebugger (429)
[2019.01.03-15.03.23:844][132]LogModuleManager: Shutting down and abandoning module AITestSuite (427)
[2019.01.03-15.03.23:844][132]LogModuleManager: Shutting down and abandoning module NavigationSystem (425)
[2019.01.03-15.03.23:844][132]LogModuleManager: Shutting down and abandoning module ImageWriteQueue (422)
[2019.01.03-15.03.23:848][132]LogModuleManager: Shutting down and abandoning module ProfilerService (420)
[2019.01.03-15.03.23:998][132]LogModuleManager: Shutting down and abandoning module TaskGraph (418)
[2019.01.03-15.03.23:998][132]LogModuleManager: Shutting down and abandoning module DatasmithCADImporter (416)
[2019.01.03-15.03.23:999][132]LogModuleManager: Shutting down and abandoning module VariantManager (414)
[2019.01.03-15.03.23:999][132]LogModuleManager: Shutting down and abandoning module StaticMeshEditorExtension (412)
[2019.01.03-15.03.23:999][132]LogModuleManager: Shutting down and abandoning module StaticMeshEditor (411)
[2019.01.03-15.03.23:999][132]LogModuleManager: Shutting down and abandoning module AdvancedPreviewScene (410)
[2019.01.03-15.03.23:999][132]LogModuleManager: Shutting down and abandoning module MeshProcessingLibrary (407)
[2019.01.03-15.03.23:999][132]LogModuleManager: Shutting down and abandoning module MDLImporter (404)
[2019.01.03-15.03.23:999][132]LogModuleManager: Shutting down and abandoning module DatasmithImporter (402)
[2019.01.03-15.03.23:999][132]LogModuleManager: Shutting down and abandoning module SteamVRController (400)
[2019.01.03-15.03.23:999][132]LogModuleManager: Shutting down and abandoning module ProceduralMeshComponentEditor (398)
[2019.01.03-15.03.23:999][132]LogModuleManager: Shutting down and abandoning module ProceduralMeshComponent (396)
[2019.01.03-15.03.23:999][132]LogModuleManager: Shutting down and abandoning module OculusInput (394)
[2019.01.03-15.03.23:999][132]LogModuleManager: Shutting down and abandoning module MobilePatchingUtils (392)
[2019.01.03-15.03.24:000][132]LogModuleManager: Shutting down and abandoning module EditableMesh (390)
[2019.01.03-15.03.24:000][132]LogModuleManager: Shutting down and abandoning module CustomMeshComponent (388)
[2019.01.03-15.03.24:000][132]LogModuleManager: Shutting down and abandoning module CableComponent (386)
[2019.01.03-15.03.24:000][132]LogModuleManager: Shutting down and abandoning module AudioCapture (384)
[2019.01.03-15.03.24:000][132]LogModuleManager: Shutting down and abandoning module ArchVisCharacter (382)
[2019.01.03-15.03.24:000][132]LogModuleManager: Shutting down and abandoning module AndroidPermission (380)
[2019.01.03-15.03.24:000][132]LogModuleManager: Shutting down and abandoning module NUTUnrealEngine4 (378)
[2019.01.03-15.03.24:000][132]LogModuleManager: Shutting down and abandoning module NetcodeUnitTest (376)
[2019.01.03-15.03.24:000][132]LogModuleManager: Shutting down and abandoning module MediaCompositing (374)
[2019.01.03-15.03.24:000][132]LogModuleManager: Shutting down and abandoning module LinearTimecode (372)
[2019.01.03-15.03.24:000][132]LogModuleManager: Shutting down and abandoning module ImgMedia (370)
[2019.01.03-15.03.24:003][132]LogModuleManager: Shutting down and abandoning module HTML5Networking (368)
[2019.01.03-15.03.24:004][132]LogModuleManager: Shutting down and abandoning module GeometryCacheTracks (366)
[2019.01.03-15.03.24:004][132]LogModuleManager: Shutting down and abandoning module GeometryCacheSequencer (364)
[2019.01.03-15.03.24:004][132]LogModuleManager: Shutting down and abandoning module BackChannel (362)
[2019.01.03-15.03.24:004][132]LogModuleManager: Shutting down and abandoning module AppleVision (360)
[2019.01.03-15.03.24:004][132]LogModuleManager: Shutting down and abandoning module AppleImageUtilsBlueprintSupport (358)
[2019.01.03-15.03.24:004][132]LogModuleManager: Shutting down and abandoning module AppleImageUtils (356)
[2019.01.03-15.03.24:004][132]LogModuleManager: Shutting down and abandoning module AlembicImporter (354)
[2019.01.03-15.03.24:004][132]LogModuleManager: Shutting down and abandoning module AlembicLibrary (353)
[2019.01.03-15.03.24:004][132]LogModuleManager: Shutting down and abandoning module GeometryCache (352)
[2019.01.03-15.03.24:004][132]LogModuleManager: Shutting down and abandoning module GeometryCacheEd (351)
[2019.01.03-15.03.24:004][132]LogModuleManager: Shutting down and abandoning module VariantManagerContent (346)
[2019.01.03-15.03.24:004][132]LogModuleManager: Shutting down and abandoning module DatasmithContentEditor (344)
[2019.01.03-15.03.24:004][132]LogModuleManager: Shutting down and abandoning module SpeedTreeImporter (342)
[2019.01.03-15.03.24:004][132]LogModuleManager: Shutting down and abandoning module PluginBrowser (340)
[2019.01.03-15.03.24:004][132]LogModuleManager: Shutting down and abandoning module MobileLauncherProfileWizard (338)
[2019.01.03-15.03.24:004][132]LogModuleManager: Shutting down and abandoning module PolygonModeling (336)
[2019.01.03-15.03.24:004][132]LogModuleManager: Shutting down and abandoning module MeshEditor (334)
[2019.01.03-15.03.24:004][132]LogModuleManager: Shutting down and abandoning module EditorScriptingUtilities (332)
[2019.01.03-15.03.24:004][132]LogModuleManager: Shutting down and abandoning module CryptoKeysOpenSSL (330)
[2019.01.03-15.03.24:004][132]LogModuleManager: Shutting down and abandoning module CryptoKeys (328)
[2019.01.03-15.03.24:004][132]LogModuleManager: Shutting down and abandoning module VisualStudioSourceCodeAccess (326)
[2019.01.03-15.03.24:004][132]LogModuleManager: Shutting down and abandoning module VisualStudioCodeSourceCodeAccess (324)
[2019.01.03-15.03.24:004][132]LogModuleManager: Shutting down and abandoning module UObjectPlugin (322)
[2019.01.03-15.03.24:004][132]LogModuleManager: Shutting down and abandoning module SubversionSourceControl (320)
[2019.01.03-15.03.24:004][132]LogModuleManager: Shutting down and abandoning module PerforceSourceControl (318)
[2019.01.03-15.03.24:004][132]LogModuleManager: Shutting down and abandoning module GitSourceControl (316)
[2019.01.03-15.03.24:004][132]LogModuleManager: Shutting down and abandoning module SourceControl (315)
[2019.01.03-15.03.24:004][132]LogModuleManager: Shutting down and abandoning module CLionSourceCodeAccess (312)
[2019.01.03-15.03.24:004][132]LogModuleManager: Shutting down and abandoning module ActorLayerUtilitiesEditor (310)
[2019.01.03-15.03.24:005][132]LogModuleManager: Shutting down and abandoning module ActorLayerUtilities (308)
[2019.01.03-15.03.24:005][132]LogModuleManager: Shutting down and abandoning module LightPropagationVolumeEditor (306)
[2019.01.03-15.03.24:005][132]LogModuleManager: Shutting down and abandoning module PaperTiledImporter (304)
[2019.01.03-15.03.24:005][132]LogModuleManager: Shutting down and abandoning module PaperSpriteSheetImporter (302)
[2019.01.03-15.03.24:005][132]LogModuleManager: Shutting down and abandoning module Paper2DEditor (300)
[2019.01.03-15.03.24:005][132]LogModuleManager: Shutting down and abandoning module MeshPaint (299)
[2019.01.03-15.03.24:005][132]LogModuleManager: Shutting down and abandoning module BuildingEscape (296)
[2019.01.03-15.03.24:005][132]LogModuleManager: Shutting down and abandoning module RuntimePhysXCooking (294)
[2019.01.03-15.03.24:005][132]LogModuleManager: Shutting down and abandoning module PhysXVehiclesEditor (292)
[2019.01.03-15.03.24:005][132]LogModuleManager: Shutting down and abandoning module PhysXVehicles (290)
[2019.01.03-15.03.24:005][132]LogModuleManager: Shutting down and abandoning module OculusEditor (288)
[2019.01.03-15.03.24:005][132]LogModuleManager: Shutting down and abandoning module LocationServicesBPLibrary (286)
[2019.01.03-15.03.24:005][132]LogModuleManager: Shutting down and abandoning module ActorSequence (284)
[2019.01.03-15.03.24:005][132]LogModuleManager: Shutting down and abandoning module UdpMessaging (282)
[2019.01.03-15.03.24:106][132]LogModuleManager: Shutting down and abandoning module TcpMessaging (280)
[2019.01.03-15.03.24:207][132]LogModuleManager: Shutting down and abandoning module MagicLeapAudio (278)
[2019.01.03-15.03.24:207][132]LogModuleManager: Shutting down and abandoning module GameplayTagsEditor (276)
[2019.01.03-15.03.24:207][132]LogModuleManager: Shutting down and abandoning module FacialAnimationEditor (274)
[2019.01.03-15.03.24:207][132]LogModuleManager: Shutting down and abandoning module FacialAnimation (272)
[2019.01.03-15.03.24:207][132]LogModuleManager: Shutting down and abandoning module DataValidation (270)
[2019.01.03-15.03.24:207][132]LogModuleManager: Shutting down and abandoning module AssetManagerEditor (268)
[2019.01.03-15.03.24:207][132]LogModuleManager: Shutting down and abandoning module LevelEditor (267)
[2019.01.03-15.03.24:207][132]LogModuleManager: Shutting down and abandoning module PixelInspectorModule (266)
[2019.01.03-15.03.24:207][132]LogModuleManager: Shutting down and abandoning module CommonMenuExtensions (264)
[2019.01.03-15.03.24:207][132]LogModuleManager: Shutting down and abandoning module MainFrame (262)
[2019.01.03-15.03.24:207][132]LogModuleManager: Shutting down and abandoning module HotReload (261)
[2019.01.03-15.03.24:209][132]LogModuleManager: Shutting down and abandoning module ContentBrowser (257)
[2019.01.03-15.03.24:210][132]LogModuleManager: Shutting down and abandoning module TreeMap (255)
[2019.01.03-15.03.24:211][132]LogModuleManager: Shutting down and abandoning module LightPropagationVolumeRuntime (252)
[2019.01.03-15.03.24:211][132]LogModuleManager: Shutting down and abandoning module AISupportModule (250)
[2019.01.03-15.03.24:211][132]LogModuleManager: Shutting down and abandoning module Paper2D (248)
[2019.01.03-15.03.24:211][132]LogModuleManager: Shutting down and abandoning module WindowsMoviePlayer (246)
[2019.01.03-15.03.24:211][132]LogModuleManager: Shutting down and abandoning module WebMMoviePlayer (244)
[2019.01.03-15.03.24:211][132]LogModuleManager: Shutting down and abandoning module WmfMedia (242)
[2019.01.03-15.03.24:216][132]LogModuleManager: Shutting down and abandoning module Media (241)
[2019.01.03-15.03.24:222][132]LogModuleManager: Shutting down and abandoning module PacketHandler (238)
[2019.01.03-15.03.24:222][132]LogModuleManager: Shutting down and abandoning module ClothingSystemEditor (236)
[2019.01.03-15.03.24:222][132]LogModuleManager: Shutting down and abandoning module ClothingSystemRuntime (234)
[2019.01.03-15.03.24:222][132]LogModuleManager: Shutting down and abandoning module MediaAssets (232)
[2019.01.03-15.03.24:223][132]LogModuleManager: Shutting down and abandoning module Overlay (230)
[2019.01.03-15.03.24:223][132]LogModuleManager: Shutting down and abandoning module OverlayEditor (229)
[2019.01.03-15.03.24:223][132]LogModuleManager: Shutting down and abandoning module VREditor (226)
[2019.01.03-15.03.24:223][132]LogModuleManager: Shutting down and abandoning module StringTableEditor (224)
[2019.01.03-15.03.24:223][132]LogModuleManager: Shutting down and abandoning module GameplayTasksEditor (222)
[2019.01.03-15.03.24:223][132]LogModuleManager: Shutting down and abandoning module BehaviorTreeEditor (220)
[2019.01.03-15.03.24:223][132]LogModuleManager: Shutting down and abandoning module FunctionalTesting (218)
[2019.01.03-15.03.24:223][132]LogModuleManager: Shutting down and abandoning module CollisionAnalyzer (216)
[2019.01.03-15.03.24:223][132]LogModuleManager: Shutting down and abandoning module WorkspaceMenuStructure (215)
[2019.01.03-15.03.24:223][132]LogModuleManager: Shutting down and abandoning module UMG (212)
[2019.01.03-15.03.24:223][132]LogModuleManager: Shutting down and abandoning module UMGEditor (211)
[2019.01.03-15.03.24:223][132]LogModuleManager: Shutting down and abandoning module Sequencer (210)
[2019.01.03-15.03.24:223][132]LogModuleManager: Shutting down and abandoning module MessageLog (207)
[2019.01.03-15.03.24:223][132]LogModuleManager: Shutting down and abandoning module SlateReflector (202)
[2019.01.03-15.03.24:223][132]LogModuleManager: Shutting down and abandoning module Slate (200)
[2019.01.03-15.03.24:223][132]LogModuleManager: Shutting down and abandoning module EditorStyle (198)
[2019.01.03-15.03.24:224][132]LogModuleManager: Shutting down and abandoning module MRMesh (196)
[2019.01.03-15.03.24:224][132]LogModuleManager: Shutting down and abandoning module SourceCodeAccess (194)
[2019.01.03-15.03.24:224][132]LogModuleManager: Shutting down and abandoning module HeadMountedDisplay (192)
[2019.01.03-15.03.24:224][132]LogModuleManager: Shutting down and abandoning module XAudio2 (190)
[2019.01.03-15.03.24:224][132]LogModuleManager: Shutting down and abandoning module Networking (188)
[2019.01.03-15.03.24:224][132]LogModuleManager: Shutting down and abandoning module Core (186)
[2019.01.03-15.03.24:224][132]LogModuleManager: Shutting down and abandoning module LevelSequence (184)
[2019.01.03-15.03.24:224][132]LogModuleManager: Shutting down and abandoning module KismetCompiler (182)
[2019.01.03-15.03.24:224][132]LogModuleManager: Shutting down and abandoning module MeshUtilities (180)
[2019.01.03-15.03.24:224][132]LogModuleManager: Shutting down and abandoning module MeshMergeUtilities (179)
[2019.01.03-15.03.24:224][132]LogModuleManager: Shutting down and abandoning module MeshReductionInterface (178)
[2019.01.03-15.03.24:224][132]LogModuleManager: Shutting down and abandoning module SimplygonSwarm (177)
[2019.01.03-15.03.24:224][132]LogModuleManager: Shutting down and abandoning module ProxyLODMeshReduction (175)
[2019.01.03-15.03.24:224][132]LogModuleManager: Shutting down and abandoning module SimplygonMeshReduction (173)
[2019.01.03-15.03.24:224][132]LogModuleManager: Shutting down and abandoning module QuadricMeshReduction (171)
[2019.01.03-15.03.24:224][132]LogModuleManager: Shutting down and abandoning module MaterialBaking (167)
[2019.01.03-15.03.24:225][132]LogModuleManager: Shutting down and abandoning module DirectoryWatcher (163)
[2019.01.03-15.03.24:225][132]LogModuleManager: Shutting down and abandoning module DerivedDataCache (160)
[2019.01.03-15.03.24:311][132]LogDerivedDataCache: Shutdown
[2019.01.03-15.03.24:311][132]LogModuleManager: Shutting down and abandoning module XGEController (158)
[2019.01.03-15.03.24:311][132]LogModuleManager: Shutting down and abandoning module TargetPlatform (156)
[2019.01.03-15.03.24:311][132]LogModuleManager: Shutting down and abandoning module VulkanShaderFormat (155)
[2019.01.03-15.03.24:311][132]LogModuleManager: Shutting down and abandoning module ShaderFormatVectorVM (153)
[2019.01.03-15.03.24:311][132]LogModuleManager: Shutting down and abandoning module ShaderFormatOpenGL (151)
[2019.01.03-15.03.24:311][132]LogModuleManager: Shutting down and abandoning module ShaderFormatD3D (149)
[2019.01.03-15.03.24:311][132]LogModuleManager: Shutting down and abandoning module MetalShaderFormat (147)
[2019.01.03-15.03.24:311][132]LogModuleManager: Shutting down and abandoning module TextureFormatUncompressed (145)
[2019.01.03-15.03.24:311][132]LogModuleManager: Shutting down and abandoning module TextureFormatPVR (143)
[2019.01.03-15.03.24:311][132]LogModuleManager: Shutting down and abandoning module TextureFormatDXT (141)
[2019.01.03-15.03.24:311][132]LogModuleManager: Shutting down and abandoning module TextureFormatIntelISPCTexComp (139)
[2019.01.03-15.03.24:311][132]LogModuleManager: Shutting down and abandoning module TextureFormatASTC (137)
[2019.01.03-15.03.24:311][132]LogModuleManager: Shutting down and abandoning module ImageWrapper (136)
[2019.01.03-15.03.24:311][132]LogModuleManager: Shutting down and abandoning module TextureFormatAndroid (133)
[2019.01.03-15.03.24:311][132]LogModuleManager: Shutting down and abandoning module AudioFormatOpus (131)
[2019.01.03-15.03.24:311][132]LogModuleManager: Shutting down and abandoning module AudioFormatOgg (129)
[2019.01.03-15.03.24:312][132]LogModuleManager: Shutting down and abandoning module AudioFormatADPCM (127)
[2019.01.03-15.03.24:312][132]LogModuleManager: Shutting down and abandoning module LuminTargetPlatform (125)
[2019.01.03-15.03.24:312][132]LogModuleManager: Shutting down and abandoning module LinuxTargetPlatform (123)
[2019.01.03-15.03.24:312][132]LogModuleManager: Shutting down and abandoning module LinuxServerTargetPlatform (121)
[2019.01.03-15.03.24:312][132]LogModuleManager: Shutting down and abandoning module LinuxNoEditorTargetPlatform (119)
[2019.01.03-15.03.24:312][132]LogModuleManager: Shutting down and abandoning module LinuxClientTargetPlatform (117)
[2019.01.03-15.03.24:312][132]LogModuleManager: Shutting down and abandoning module TVOSTargetPlatform (115)
[2019.01.03-15.03.24:313][132]LogModuleManager: Shutting down and abandoning module Messaging (113)
[2019.01.03-15.03.24:313][132]LogModuleManager: Shutting down and abandoning module IOSTargetPlatform (111)
[2019.01.03-15.03.24:313][132]LogModuleManager: Shutting down and abandoning module HTML5TargetPlatform (109)
[2019.01.03-15.03.24:313][132]LogModuleManager: Shutting down and abandoning module AndroidTargetPlatform (107)
[2019.01.03-15.03.24:318][132]LogModuleManager: Shutting down and abandoning module WindowsTargetPlatform (105)
[2019.01.03-15.03.24:318][132]LogModuleManager: Shutting down and abandoning module WindowsServerTargetPlatform (103)
[2019.01.03-15.03.24:318][132]LogModuleManager: Shutting down and abandoning module WindowsNoEditorTargetPlatform (101)
[2019.01.03-15.03.24:318][132]LogModuleManager: Shutting down and abandoning module WindowsClientTargetPlatform (99)
[2019.01.03-15.03.24:318][132]LogModuleManager: Shutting down and abandoning module MacTargetPlatform (97)
[2019.01.03-15.03.24:318][132]LogModuleManager: Shutting down and abandoning module MacServerTargetPlatform (95)
[2019.01.03-15.03.24:318][132]LogModuleManager: Shutting down and abandoning module MacNoEditorTargetPlatform (93)
[2019.01.03-15.03.24:318][132]LogModuleManager: Shutting down and abandoning module MacClientTargetPlatform (91)
[2019.01.03-15.03.24:318][132]LogModuleManager: Shutting down and abandoning module AllDesktopTargetPlatform (89)
[2019.01.03-15.03.24:318][132]LogModuleManager: Shutting down and abandoning module InputCore (86)
[2019.01.03-15.03.24:318][132]LogModuleManager: Shutting down and abandoning module Settings (84)
[2019.01.03-15.03.24:318][132]LogModuleManager: Shutting down and abandoning module PhysXCooking (82)
[2019.01.03-15.03.24:318][132]LogModuleManager: Shutting down and abandoning module SteamVR (80)
[2019.01.03-15.03.24:318][132]LogHMD: Freeing OpenVRDLLHandle.
[2019.01.03-15.03.24:318][132]LogModuleManager: Shutting down and abandoning module OculusHMD (78)
[2019.01.03-15.03.24:318][132]LogModuleManager: Shutting down and abandoning module ExampleDeviceProfileSelector (76)
[2019.01.03-15.03.24:318][132]LogModuleManager: Shutting down and abandoning module LauncherChunkInstaller (74)
[2019.01.03-15.03.24:318][132]LogModuleManager: Shutting down and abandoning module OnlineBlueprintSupport (72)
[2019.01.03-15.03.24:318][132]LogModuleManager: Shutting down and abandoning module OnlineSubsystem (68)
[2019.01.03-15.03.24:319][132]LogModuleManager: Shutting down and abandoning module XMPP (63)
[2019.01.03-15.03.24:319][132]LogModuleManager: Shutting down and abandoning module WebSockets (62)
[2019.01.03-15.03.24:335][132]LogModuleManager: Shutting down and abandoning module HTTP (59)
[2019.01.03-15.03.24:335][132]LogHttp: Display: Http module shutting down, but needs to wait on 1 outstanding Http requests:
[2019.01.03-15.03.24:335][132]LogHttp: Display: 	verb=[POST] url=[https://datarouter.ol.epicgames.com/datarouter/api/v1/public/data?SessionID=%7B6B2CCC23-4427-3137-4DFB-5AA031081FD3%7D&AppID=UEEditor.Rocket.Release&AppVersion=4.21.0-4541578%2B%2B%2BUE4%2BRelease-4.21&UserID=7069547245845272a166c19b2e8590a8%7C4028069c601940f586943140cc16a6f7%7Ca73cf1ea-9f32-4919-a33f-ab03c3f89f1d&AppEnvironment=datacollector-binary&UploadType=eteventstream] status=Processing
[2019.01.03-15.03.24:358][132]LogModuleManager: Shutting down and abandoning module SSL (58)
[2019.01.03-15.03.24:359][132]LogModuleManager: Shutting down and abandoning module MagicLeapIdentity (54)
[2019.01.03-15.03.24:359][132]LogModuleManager: Shutting down and abandoning module MagicLeapHelperVulkan (52)
[2019.01.03-15.03.24:359][132]LogModuleManager: Shutting down and abandoning module MagicLeapHelperOpenGL (50)
[2019.01.03-15.03.24:359][132]LogModuleManager: Shutting down and abandoning module MagicLeapSecureStorage (48)
[2019.01.03-15.03.24:359][132]LogModuleManager: Shutting down and abandoning module MagicLeapHandTracking (46)
[2019.01.03-15.03.24:359][132]LogModuleManager: Shutting down and abandoning module MagicLeapEyeTracker (44)
[2019.01.03-15.03.24:359][132]LogModuleManager: Shutting down and abandoning module MagicLeapController (42)
[2019.01.03-15.03.24:359][132]LogSlate: Slate User Destroyed.  User Index 0, Is Virtual User: 0
[2019.01.03-15.03.24:359][132]LogModuleManager: Shutting down and abandoning module MagicLeap (40)
[2019.01.03-15.03.24:359][132]LogModuleManager: Shutting down and abandoning module DatasmithContent (38)
[2019.01.03-15.03.24:360][132]LogModuleManager: Shutting down and abandoning module AnimationModifiers (36)
[2019.01.03-15.03.24:360][132]LogModuleManager: Shutting down and abandoning module PropertyEditor (35)
[2019.01.03-15.03.24:360][132]LogModuleManager: Shutting down and abandoning module AudioEditor (32)
[2019.01.03-15.03.24:360][132]LogModuleManager: Shutting down and abandoning module TextureCompressor (30)
[2019.01.03-15.03.24:360][132]LogModuleManager: Shutting down and abandoning module ShaderCore (28)
[2019.01.03-15.03.24:360][132]LogModuleManager: Shutting down and abandoning module Landscape (26)
[2019.01.03-15.03.24:360][132]LogModuleManager: Shutting down and abandoning module SlateRHIRenderer (24)
[2019.01.03-15.03.24:360][132]LogModuleManager: Shutting down and abandoning module OpenGLDrv (22)
[2019.01.03-15.03.24:361][132]LogModuleManager: Shutting down and abandoning module D3D11RHI (20)
[2019.01.03-15.03.24:361][132]LogModuleManager: Shutting down and abandoning module AnimGraphRuntime (18)
[2019.01.03-15.03.24:361][132]LogModuleManager: Shutting down and abandoning module Renderer (16)
[2019.01.03-15.03.24:361][132]LogModuleManager: Shutting down and abandoning module Engine (14)
[2019.01.03-15.03.24:361][132]LogModuleManager: Shutting down and abandoning module CoreUObject (12)
[2019.01.03-15.03.24:361][132]LogModuleManager: Shutting down and abandoning module NetworkFile (10)
[2019.01.03-15.03.24:361][132]LogModuleManager: Shutting down and abandoning module CookedIterativeFile (8)
[2019.01.03-15.03.24:361][132]LogModuleManager: Shutting down and abandoning module StreamingFile (6)
[2019.01.03-15.03.24:361][132]LogModuleManager: Shutting down and abandoning module SandboxFile (4)
[2019.01.03-15.03.24:361][132]LogModuleManager: Shutting down and abandoning module PakFile (2)
[2019.01.03-15.03.24:364][132]LogExit: Exiting.
[2019.01.03-15.03.24:368][132]Log file closed, 01/03/19 18:03:24
