Log file open, 01/04/19 17:55:56
LogWindows: Failed to load 'aqProf.dll' (GetLastError=126)
LogWindows: File 'aqProf.dll' does not exist
LogWindows: Failed to load 'VtuneApi.dll' (GetLastError=126)
LogWindows: File 'VtuneApi.dll' does not exist
LogWindows: Failed to load 'VtuneApi32e.dll' (GetLastError=126)
LogWindows: File 'VtuneApi32e.dll' does not exist
LogConsoleResponse: Display: Failed to find resolution value strings in scalability ini. Falling back to default.
LogInit: Display: Running engine for game: BuildingEscape
LogPakFile: Registered encryption key '00000000000000000000000000000000': 0 pak files mounted, 0 remain pending
LogPlatformFile: Not using cached read wrapper
LogTaskGraph: Started task graph with 5 named threads and 11 total threads with 3 sets of task threads.
LogStats: Stats thread started at 0.151439
LogD3D11RHI: Loaded GFSDK_Aftermath_Lib.x64.dll
LogICUInternationalization: ICU TimeZone Detection - Raw Offset: +3:00, Platform Override: ''
LogPluginManager: Mounting plugin Paper2D
LogPluginManager: Mounting plugin AISupport
LogPluginManager: Mounting plugin LightPropagationVolume
LogPluginManager: Mounting plugin ActorLayerUtilities
LogPluginManager: Mounting plugin CLionSourceCodeAccess
LogPluginManager: Mounting plugin CodeLiteSourceCodeAccess
LogPluginManager: Mounting plugin GitSourceControl
LogPluginManager: Mounting plugin KDevelopSourceCodeAccess
LogPluginManager: Mounting plugin NullSourceCodeAccess
LogPluginManager: Mounting plugin PerforceSourceControl
LogPluginManager: Mounting plugin SubversionSourceControl
LogPluginManager: Mounting plugin UObjectPlugin
LogPluginManager: Mounting plugin VisualStudioCodeSourceCodeAccess
LogPluginManager: Mounting plugin VisualStudioSourceCodeAccess
LogPluginManager: Mounting plugin XCodeSourceCodeAccess
LogPluginManager: Mounting plugin AssetManagerEditor
LogPluginManager: Mounting plugin CryptoKeys
LogPluginManager: Mounting plugin DataValidation
LogPluginManager: Mounting plugin EditorScriptingUtilities
LogPluginManager: Mounting plugin FacialAnimation
LogPluginManager: Mounting plugin GameplayTagsEditor
LogPluginManager: Mounting plugin MacGraphicsSwitching
LogPluginManager: Mounting plugin MeshEditor
LogPluginManager: Mounting plugin MobileLauncherProfileWizard
LogPluginManager: Mounting plugin PluginBrowser
LogPluginManager: Mounting plugin SpeedTreeImporter
LogPluginManager: Mounting plugin DatasmithContent
LogPluginManager: Mounting plugin VariantManagerContent
LogPluginManager: Mounting plugin AlembicImporter
LogPluginManager: Mounting plugin AppleImageUtils
LogPluginManager: Mounting plugin AppleVision
LogPluginManager: Mounting plugin BackChannel
LogPluginManager: Mounting plugin CharacterAI
LogPluginManager: Mounting plugin GeometryCache
LogPluginManager: Mounting plugin HTML5Networking
LogPluginManager: Mounting plugin ProxyLODPlugin
LogPluginManager: Mounting plugin MagicLeap
LogPluginManager: Mounting plugin MagicLeapMedia
LogPluginManager: Mounting plugin AndroidMedia
LogPluginManager: Mounting plugin AvfMedia
LogPluginManager: Mounting plugin ImgMedia
LogPluginManager: Mounting plugin LinearTimecode
LogPluginManager: Mounting plugin MediaCompositing
LogPluginManager: Mounting plugin MediaPlayerEditor
LogPluginManager: Mounting plugin WebMMedia
LogPluginManager: Mounting plugin WmfMedia
LogPluginManager: Mounting plugin TcpMessaging
LogPluginManager: Mounting plugin UdpMessaging
LogPluginManager: Mounting plugin ActorSequence
LogPluginManager: Mounting plugin LevelSequenceEditor
LogPluginManager: Mounting plugin MatineeToLevelSequence
LogPluginManager: Mounting plugin NetcodeUnitTest
LogPluginManager: Mounting plugin NUTUnrealEngine4
LogPluginManager: Mounting plugin OnlineSubsystemGooglePlay
LogPluginManager: Mounting plugin OnlineSubsystemIOS
LogPluginManager: Mounting plugin OnlineSubsystem
LogPluginManager: Mounting plugin OnlineSubsystemNull
LogPluginManager: Mounting plugin OnlineSubsystemUtils
LogPluginManager: Mounting plugin LauncherChunkInstaller
LogPluginManager: Mounting plugin AndroidDeviceProfileSelector
LogPluginManager: Mounting plugin AndroidMoviePlayer
LogPluginManager: Mounting plugin AndroidPermission
LogPluginManager: Mounting plugin AppleMoviePlayer
LogPluginManager: Mounting plugin ArchVisCharacter
LogPluginManager: Mounting plugin AudioCapture
LogPluginManager: Mounting plugin CableComponent
LogPluginManager: Mounting plugin CustomMeshComponent
LogPluginManager: Mounting plugin EditableMesh
LogPluginManager: Mounting plugin ExampleDeviceProfileSelector
LogPluginManager: Mounting plugin Firebase
LogPluginManager: Mounting plugin GoogleCloudMessaging
LogPluginManager: Mounting plugin IOSDeviceProfileSelector
LogPluginManager: Mounting plugin LinuxDeviceProfileSelector
LogPluginManager: Mounting plugin LocationServicesBPLibrary
LogPluginManager: Mounting plugin MobilePatchingUtils
LogPluginManager: Mounting plugin OculusVR
LogPluginManager: Mounting plugin PhysXVehicles
LogPluginManager: Mounting plugin ProceduralMeshComponent
LogPluginManager: Mounting plugin RuntimePhysXCooking
LogPluginManager: Mounting plugin SteamVR
LogPluginManager: Mounting plugin WebMMoviePlayer
LogPluginManager: Mounting plugin WindowsMoviePlayer
LogPluginManager: Mounting plugin DatasmithCADImporter
LogPluginManager: Mounting plugin DatasmithFBXImporter
LogPluginManager: Mounting plugin DatasmithImporter
LogPluginManager: Mounting plugin MDLImporter
LogPluginManager: Mounting plugin StaticMeshEditorExtension
LogPluginManager: Mounting plugin VariantManager
LogStreaming: Display: Took  0.118s to configure plugins.
LogInit: Using libcurl 7.55.1-DEV
LogInit:  - built for x86_64-pc-win32
LogInit:  - supports SSL with OpenSSL/1.0.2h
LogInit:  - supports HTTP deflate (compression) using libz 1.2.8
LogInit:  - other features:
LogInit:      CURL_VERSION_SSL
LogInit:      CURL_VERSION_LIBZ
LogInit:      CURL_VERSION_IPV6
LogInit:      CURL_VERSION_ASYNCHDNS
LogInit:      CURL_VERSION_LARGEFILE
LogInit:      CURL_VERSION_IDN
LogInit:  CurlRequestOptions (configurable via config and command line):
LogInit:  - bVerifyPeer = true  - Libcurl will verify peer certificate
LogInit:  - bUseHttpProxy = false  - Libcurl will NOT use HTTP proxy
LogInit:  - bDontReuseConnections = false  - Libcurl will reuse connections
LogInit:  - MaxHostConnections = 16  - Libcurl will limit the number of connections to a host
LogInit:  - LocalHostAddr = Default
LogInit:  - BufferSize = 65536
LogInit: WinSock: version 1.1 (2.2), MaxSocks=32767, MaxUdp=65467
LogInit: Build: ++UE4+Release-4.21-CL-4541578
LogInit: Engine Version: 4.21.0-4541578+++UE4+Release-4.21
LogInit: Compatible Engine Version: 4.21.0-4541578+++UE4+Release-4.21
LogInit: Net CL: 4541578
LogInit: OS: Windows 10 (), CPU: Intel(R) Core(TM) i7-7600U CPU @ 2.80GHz, GPU: Intel(R) HD Graphics 620
LogInit: Compiled (64-bit): Nov  6 2018 02:04:24
LogInit: Compiled with Visual C++: 19.13.26129.00
LogInit: Build Configuration: Development
LogInit: Branch Name: ++UE4+Release-4.21
LogInit: Command Line:  -EpicPortal -epicusername=yauheni.dasko -epicuserid=4028069c601940f586943140cc16a6f7 -epiclocale=en-US
LogInit: Base Directory: C:/Program Files/Epic Games/UE_4.21/Engine/Binaries/Win64/
LogInit: Installed Engine Build: 1
LogDevObjectVersion: Number of dev versions registered: 22
LogDevObjectVersion:   Dev-Blueprints (B0D832E4-1F89-4F0D-ACCF-7EB736FD4AA2): 10
LogDevObjectVersion:   Dev-Build (E1C64328-A22C-4D53-A36C-8E866417BD8C): 0
LogDevObjectVersion:   Dev-Core (375EC13C-06E4-48FB-B500-84F0262A717E): 2
LogDevObjectVersion:   Dev-Editor (E4B068ED-F494-42E9-A231-DA0B2E46BB41): 26
LogDevObjectVersion:   Dev-Framework (CFFC743F-43B0-4480-9391-14DF171D2073): 34
LogDevObjectVersion:   Dev-Mobile (B02B49B5-BB20-44E9-A304-32B752E40360): 2
LogDevObjectVersion:   Dev-Networking (A4E4105C-59A1-49B5-A7C5-40C4547EDFEE): 0
LogDevObjectVersion:   Dev-Online (39C831C9-5AE6-47DC-9A44-9C173E1C8E7C): 0
LogDevObjectVersion:   Dev-Physics (78F01B33-EBEA-4F98-B9B4-84EACCB95AA2): 0
LogDevObjectVersion:   Dev-Platform (6631380F-2D4D-43E0-8009-CF276956A95A): 0
LogDevObjectVersion:   Dev-Rendering (12F88B9F-8875-4AFC-A67C-D90C383ABD29): 27
LogDevObjectVersion:   Dev-Sequencer (7B5AE74C-D270-4C10-A958-57980B212A5A): 9
LogDevObjectVersion:   Dev-VR (D7296918-1DD6-4BDD-9DE2-64A83CC13884): 2
LogDevObjectVersion:   Dev-LoadTimes (C2A15278-BFE7-4AFE-6C17-90FF531DF755): 1
LogDevObjectVersion:   Private-Geometry (6EACA3D4-40EC-4CC1-B786-8BED09428FC5): 3
LogDevObjectVersion:   Dev-AnimPhys (29E575DD-E0A3-4627-9D10-D276232CDCEA): 17
LogDevObjectVersion:   Dev-Anim (AF43A65D-7FD3-4947-9873-3E8ED9C1BB05): 2
LogDevObjectVersion:   Dev-ReflectionCapture (6B266CEC-1EC7-4B8F-A30B-E4D90942FC07): 1
LogDevObjectVersion:   Dev-Automation (0DF73D61-A23F-47EA-B727-89E90C41499A): 1
LogDevObjectVersion:   FortniteMain (601D1886-AC64-4F84-AA16-D3DE0DEAC7D6): 17
LogDevObjectVersion:   Dev-Enterprise (9DFFBCD6-494F-0158-E221-12823C92A888): 4
LogDevObjectVersion:   Dev-Niagara (F2AED0AC-9AFE-416F-8664-AA7FFA26D6FC): 1
LogStreaming: Display: Took  0.004s to delete old logs.
LogInit: Presizing for max 8388607 objects, including 0 objects not considered by GC, pre-allocating 0 bytes for permanent pool.
LogInit: Object subsystem initialized
LogConfig: Setting CVar [[con.DebugEarlyDefault:1]]
LogConfig: Setting CVar [[r.setres:1280x720]]
[2019.01.04-14.55.57:229][  0]LogConfig: Setting CVar [[r.VSync:0]]
[2019.01.04-14.55.57:229][  0]LogConfig: Setting CVar [[r.RHICmdBypass:0]]
[2019.01.04-14.55.57:229][  0]LogConfig: Applying CVar settings from Section [/Script/Engine.RendererSettings] File [C:/Users/Yauheni_Dasko/source/repos/Building_Escape/BuildingEscape/Saved/Config/Windows/Engine.ini]
[2019.01.04-14.55.57:230][  0]LogConfig: Setting CVar [[r.GPUCrashDebugging:0]]
[2019.01.04-14.55.57:230][  0]LogConfig: Applying CVar settings from Section [/Script/Engine.RendererOverrideSettings] File [C:/Users/Yauheni_Dasko/source/repos/Building_Escape/BuildingEscape/Saved/Config/Windows/Engine.ini]
[2019.01.04-14.55.57:230][  0]LogConfig: Applying CVar settings from Section [/Script/Engine.StreamingSettings] File [C:/Users/Yauheni_Dasko/source/repos/Building_Escape/BuildingEscape/Saved/Config/Windows/Engine.ini]
[2019.01.04-14.55.57:230][  0]LogConfig: Setting CVar [[s.MinBulkDataSizeForAsyncLoading:131072]]
[2019.01.04-14.55.57:230][  0]LogConfig: Setting CVar [[s.AsyncLoadingThreadEnabled:0]]
[2019.01.04-14.55.57:230][  0]LogConfig: Setting CVar [[s.EventDrivenLoaderEnabled:1]]
[2019.01.04-14.55.57:230][  0]LogConfig: Setting CVar [[s.WarnIfTimeLimitExceeded:0]]
[2019.01.04-14.55.57:230][  0]LogConfig: Setting CVar [[s.TimeLimitExceededMultiplier:1.5]]
[2019.01.04-14.55.57:230][  0]LogConfig: Setting CVar [[s.TimeLimitExceededMinTime:0.005]]
[2019.01.04-14.55.57:230][  0]LogConfig: Setting CVar [[s.UseBackgroundLevelStreaming:1]]
[2019.01.04-14.55.57:230][  0]LogConfig: Setting CVar [[s.PriorityAsyncLoadingExtraTime:15.0]]
[2019.01.04-14.55.57:230][  0]LogConfig: Setting CVar [[s.LevelStreamingActorsUpdateTimeLimit:5.0]]
[2019.01.04-14.55.57:230][  0]LogConfig: Setting CVar [[s.PriorityLevelStreamingActorsUpdateExtraTime:5.0]]
[2019.01.04-14.55.57:230][  0]LogConfig: Setting CVar [[s.LevelStreamingComponentsRegistrationGranularity:10]]
[2019.01.04-14.55.57:230][  0]LogConfig: Setting CVar [[s.UnregisterComponentsTimeLimit:1.0]]
[2019.01.04-14.55.57:230][  0]LogConfig: Setting CVar [[s.LevelStreamingComponentsUnregistrationGranularity:5]]
[2019.01.04-14.55.57:230][  0]LogConfig: Applying CVar settings from Section [/Script/Engine.GarbageCollectionSettings] File [C:/Users/Yauheni_Dasko/source/repos/Building_Escape/BuildingEscape/Saved/Config/Windows/Engine.ini]
[2019.01.04-14.55.57:230][  0]LogConfig: Setting CVar [[gc.MaxObjectsNotConsideredByGC:1]]
[2019.01.04-14.55.57:230][  0]LogConfig: Setting CVar [[gc.SizeOfPermanentObjectPool:0]]
[2019.01.04-14.55.57:230][  0]LogConfig: Setting CVar [[gc.FlushStreamingOnGC:0]]
[2019.01.04-14.55.57:230][  0]LogConfig: Setting CVar [[gc.NumRetriesBeforeForcingGC:10]]
[2019.01.04-14.55.57:230][  0]LogConfig: Setting CVar [[gc.AllowParallelGC:1]]
[2019.01.04-14.55.57:230][  0]LogConfig: Setting CVar [[gc.TimeBetweenPurgingPendingKillObjects:61.1]]
[2019.01.04-14.55.57:230][  0]LogConfig: Setting CVar [[gc.MaxObjectsInEditor:8388607]]
[2019.01.04-14.55.57:230][  0]LogConfig: Setting CVar [[gc.IncrementalBeginDestroyEnabled:1]]
[2019.01.04-14.55.57:230][  0]LogConfig: Setting CVar [[gc.CreateGCClusters:1]]
[2019.01.04-14.55.57:230][  0]LogConfig: Setting CVar [[gc.MergeGCClusters:0]]
[2019.01.04-14.55.57:230][  0]LogConfig: Setting CVar [[gc.MinGCClusterSize:5]]
[2019.01.04-14.55.57:230][  0]LogConfig: Setting CVar [[gc.ActorClusteringEnabled:0]]
[2019.01.04-14.55.57:230][  0]LogConfig: Setting CVar [[gc.BlueprintClusteringEnabled:0]]
[2019.01.04-14.55.57:230][  0]LogConfig: Setting CVar [[gc.UseDisregardForGCOnDedicatedServers:0]]
[2019.01.04-14.55.57:230][  0]LogConfig: Applying CVar settings from Section [/Script/Engine.NetworkSettings] File [C:/Users/Yauheni_Dasko/source/repos/Building_Escape/BuildingEscape/Saved/Config/Windows/Engine.ini]
[2019.01.04-14.55.57:230][  0]LogConfig: Applying CVar settings from Section [/Script/UnrealEd.CookerSettings] File [C:/Users/Yauheni_Dasko/source/repos/Building_Escape/BuildingEscape/Saved/Config/Windows/Engine.ini]
[2019.01.04-14.55.57:232][  0]LogConfig: Applying CVar settings from Section [ViewDistanceQuality@3] File [C:/Users/Yauheni_Dasko/source/repos/Building_Escape/BuildingEscape/Saved/Config/Windows/Scalability.ini]
[2019.01.04-14.55.57:232][  0]LogConfig: Setting CVar [[r.SkeletalMeshLODBias:0]]
[2019.01.04-14.55.57:232][  0]LogConfig: Setting CVar [[r.ViewDistanceScale:1.0]]
[2019.01.04-14.55.57:232][  0]LogConfig: Applying CVar settings from Section [AntiAliasingQuality@3] File [C:/Users/Yauheni_Dasko/source/repos/Building_Escape/BuildingEscape/Saved/Config/Windows/Scalability.ini]
[2019.01.04-14.55.57:232][  0]LogConfig: Setting CVar [[r.PostProcessAAQuality:4]]
[2019.01.04-14.55.57:232][  0]LogConfig: Applying CVar settings from Section [ShadowQuality@3] File [C:/Users/Yauheni_Dasko/source/repos/Building_Escape/BuildingEscape/Saved/Config/Windows/Scalability.ini]
[2019.01.04-14.55.57:232][  0]LogConfig: Setting CVar [[r.LightFunctionQuality:1]]
[2019.01.04-14.55.57:232][  0]LogConfig: Setting CVar [[r.ShadowQuality:5]]
[2019.01.04-14.55.57:232][  0]LogConfig: Setting CVar [[r.Shadow.CSM.MaxCascades:10]]
[2019.01.04-14.55.57:232][  0]LogConfig: Setting CVar [[r.Shadow.MaxResolution:2048]]
[2019.01.04-14.55.57:232][  0]LogConfig: Setting CVar [[r.Shadow.MaxCSMResolution:2048]]
[2019.01.04-14.55.57:232][  0]LogConfig: Setting CVar [[r.Shadow.RadiusThreshold:0.01]]
[2019.01.04-14.55.57:232][  0]LogConfig: Setting CVar [[r.Shadow.DistanceScale:1.0]]
[2019.01.04-14.55.57:232][  0]LogConfig: Setting CVar [[r.Shadow.CSM.TransitionScale:1.0]]
[2019.01.04-14.55.57:232][  0]LogConfig: Setting CVar [[r.Shadow.PreShadowResolutionFactor:1.0]]
[2019.01.04-14.55.57:232][  0]LogConfig: Setting CVar [[r.DistanceFieldShadowing:1]]
[2019.01.04-14.55.57:232][  0]LogConfig: Setting CVar [[r.DistanceFieldAO:1]]
[2019.01.04-14.55.57:232][  0]LogConfig: Setting CVar [[r.AOQuality:2]]
[2019.01.04-14.55.57:232][  0]LogConfig: Setting CVar [[r.VolumetricFog:1]]
[2019.01.04-14.55.57:232][  0]LogConfig: Setting CVar [[r.VolumetricFog.GridPixelSize:8]]
[2019.01.04-14.55.57:232][  0]LogConfig: Setting CVar [[r.VolumetricFog.GridSizeZ:128]]
[2019.01.04-14.55.57:232][  0]LogConfig: Setting CVar [[r.VolumetricFog.HistoryMissSupersampleCount:4]]
[2019.01.04-14.55.57:232][  0]LogConfig: Setting CVar [[r.LightMaxDrawDistanceScale:1]]
[2019.01.04-14.55.57:232][  0]LogConfig: Setting CVar [[r.CapsuleShadows:1]]
[2019.01.04-14.55.57:233][  0]LogConfig: Applying CVar settings from Section [PostProcessQuality@3] File [C:/Users/Yauheni_Dasko/source/repos/Building_Escape/BuildingEscape/Saved/Config/Windows/Scalability.ini]
[2019.01.04-14.55.57:233][  0]LogConfig: Setting CVar [[r.MotionBlurQuality:4]]
[2019.01.04-14.55.57:233][  0]LogConfig: Setting CVar [[r.AmbientOcclusionMipLevelFactor:0.4]]
[2019.01.04-14.55.57:233][  0]LogConfig: Setting CVar [[r.AmbientOcclusionMaxQuality:100]]
[2019.01.04-14.55.57:233][  0]LogConfig: Setting CVar [[r.AmbientOcclusionLevels:-1]]
[2019.01.04-14.55.57:233][  0]LogConfig: Setting CVar [[r.AmbientOcclusionRadiusScale:1.0]]
[2019.01.04-14.55.57:233][  0]LogConfig: Setting CVar [[r.DepthOfFieldQuality:2]]
[2019.01.04-14.55.57:233][  0]LogConfig: Setting CVar [[r.RenderTargetPoolMin:400]]
[2019.01.04-14.55.57:233][  0]LogConfig: Setting CVar [[r.LensFlareQuality:2]]
[2019.01.04-14.55.57:233][  0]LogConfig: Setting CVar [[r.SceneColorFringeQuality:1]]
[2019.01.04-14.55.57:233][  0]LogConfig: Setting CVar [[r.EyeAdaptationQuality:2]]
[2019.01.04-14.55.57:233][  0]LogConfig: Setting CVar [[r.BloomQuality:5]]
[2019.01.04-14.55.57:233][  0]LogConfig: Setting CVar [[r.FastBlurThreshold:100]]
[2019.01.04-14.55.57:233][  0]LogConfig: Setting CVar [[r.Upscale.Quality:3]]
[2019.01.04-14.55.57:233][  0]LogConfig: Setting CVar [[r.Tonemapper.GrainQuantization:1]]
[2019.01.04-14.55.57:233][  0]LogConfig: Setting CVar [[r.LightShaftQuality:1]]
[2019.01.04-14.55.57:233][  0]LogConfig: Setting CVar [[r.Filter.SizeScale:1]]
[2019.01.04-14.55.57:233][  0]LogConfig: Setting CVar [[r.Tonemapper.Quality:5]]
[2019.01.04-14.55.57:233][  0]LogConfig: Setting CVar [[r.DOF.Gather.AccumulatorQuality:1        ; higher gathering accumulator quality]]
[2019.01.04-14.55.57:233][  0]LogConfig: Setting CVar [[r.DOF.Gather.PostfilterMethod:1          ; Median3x3 postfilering method]]
[2019.01.04-14.55.57:233][  0]LogConfig: Setting CVar [[r.DOF.Gather.EnableBokehSettings:0       ; no bokeh simulation when gathering]]
[2019.01.04-14.55.57:233][  0]LogConfig: Setting CVar [[r.DOF.Gather.RingCount:4                 ; medium number of samples when gathering]]
[2019.01.04-14.55.57:233][  0]LogConfig: Setting CVar [[r.DOF.Scatter.ForegroundCompositing:1    ; additive foreground scattering]]
[2019.01.04-14.55.57:233][  0]LogConfig: Setting CVar [[r.DOF.Scatter.BackgroundCompositing:2    ; additive background scattering]]
[2019.01.04-14.55.57:233][  0]LogConfig: Setting CVar [[r.DOF.Scatter.EnableBokehSettings:1      ; bokeh simulation when scattering]]
[2019.01.04-14.55.57:233][  0]LogConfig: Setting CVar [[r.DOF.Scatter.MaxSpriteRatio:0.1         ; only a maximum of 10% of scattered bokeh]]
[2019.01.04-14.55.57:233][  0]LogConfig: Setting CVar [[r.DOF.Recombine.Quality:1                ; cheap slight out of focus]]
[2019.01.04-14.55.57:233][  0]LogConfig: Setting CVar [[r.DOF.Recombine.EnableBokehSettings:0    ; no bokeh simulation on slight out of focus]]
[2019.01.04-14.55.57:233][  0]LogConfig: Setting CVar [[r.DOF.TemporalAAQuality:1                ; more stable temporal accumulation]]
[2019.01.04-14.55.57:233][  0]LogConfig: Setting CVar [[r.DOF.Kernel.MaxForegroundRadius:0.025]]
[2019.01.04-14.55.57:233][  0]LogConfig: Setting CVar [[r.DOF.Kernel.MaxBackgroundRadius:0.025]]
[2019.01.04-14.55.57:233][  0]LogConfig: Applying CVar settings from Section [TextureQuality@3] File [C:/Users/Yauheni_Dasko/source/repos/Building_Escape/BuildingEscape/Saved/Config/Windows/Scalability.ini]
[2019.01.04-14.55.57:233][  0]LogConfig: Setting CVar [[r.Streaming.MipBias:0]]
[2019.01.04-14.55.57:233][  0]LogConfig: Setting CVar [[r.Streaming.AmortizeCPUToGPUCopy:0]]
[2019.01.04-14.55.57:233][  0]LogConfig: Setting CVar [[r.Streaming.MaxNumTexturesToStreamPerFrame:0]]
[2019.01.04-14.55.57:233][  0]LogConfig: Setting CVar [[r.Streaming.Boost:1]]
[2019.01.04-14.55.57:233][  0]LogConfig: Setting CVar [[r.MaxAnisotropy:8]]
[2019.01.04-14.55.57:233][  0]LogConfig: Setting CVar [[r.Streaming.LimitPoolSizeToVRAM:0]]
[2019.01.04-14.55.57:233][  0]LogConfig: Setting CVar [[r.Streaming.PoolSize:1000]]
[2019.01.04-14.55.57:233][  0]LogConfig: Setting CVar [[r.Streaming.MaxEffectiveScreenSize:0]]
[2019.01.04-14.55.57:233][  0]LogConfig: Applying CVar settings from Section [EffectsQuality@3] File [C:/Users/Yauheni_Dasko/source/repos/Building_Escape/BuildingEscape/Saved/Config/Windows/Scalability.ini]
[2019.01.04-14.55.57:233][  0]LogConfig: Setting CVar [[r.TranslucencyLightingVolumeDim:64]]
[2019.01.04-14.55.57:233][  0]LogConfig: Setting CVar [[r.RefractionQuality:2]]
[2019.01.04-14.55.57:233][  0]LogConfig: Setting CVar [[r.SSR.Quality:3]]
[2019.01.04-14.55.57:233][  0]LogConfig: Setting CVar [[r.SceneColorFormat:4]]
[2019.01.04-14.55.57:233][  0]LogConfig: Setting CVar [[r.DetailMode:2]]
[2019.01.04-14.55.57:233][  0]LogConfig: Setting CVar [[r.TranslucencyVolumeBlur:1]]
[2019.01.04-14.55.57:233][  0]LogConfig: Setting CVar [[r.MaterialQualityLevel:1 ; High quality]]
[2019.01.04-14.55.57:233][  0]LogConfig: Setting CVar [[r.SSS.Scale:1]]
[2019.01.04-14.55.57:233][  0]LogConfig: Setting CVar [[r.SSS.SampleSet:2]]
[2019.01.04-14.55.57:233][  0]LogConfig: Setting CVar [[r.SSS.Quality:1]]
[2019.01.04-14.55.57:233][  0]LogConfig: Setting CVar [[r.SSS.HalfRes:1]]
[2019.01.04-14.55.57:233][  0]LogConfig: Setting CVar [[r.EmitterSpawnRateScale:1.0]]
[2019.01.04-14.55.57:233][  0]LogConfig: Setting CVar [[r.ParticleLightQuality:2]]
[2019.01.04-14.55.57:234][  0]LogConfig: Applying CVar settings from Section [FoliageQuality@3] File [C:/Users/Yauheni_Dasko/source/repos/Building_Escape/BuildingEscape/Saved/Config/Windows/Scalability.ini]
[2019.01.04-14.55.57:234][  0]LogConfig: Setting CVar [[foliage.DensityScale:1.0]]
[2019.01.04-14.55.57:234][  0]LogConfig: Setting CVar [[grass.DensityScale:1.0]]
[2019.01.04-14.55.57:234][  0]LogInit: Selected Device Profile: [Windows]
[2019.01.04-14.55.57:234][  0]LogInit: Applying CVar settings loaded from the selected device profile: [Windows]
[2019.01.04-14.55.57:245][  0]LogHAL: Display: Platform has ~ 16 GB [17053196288 / 17179869184 / 16], which maps to Larger [LargestMinGB=32, LargerMinGB=12, DefaultMinGB=8, SmallerMinGB=6, SmallestMinGB=0)
[2019.01.04-14.55.57:245][  0]LogConfig: Setting CVar [[r.Vulkan.UseRealUBs:1]]
[2019.01.04-14.55.57:245][  0]LogInit: Going up to parent DeviceProfile []
[2019.01.04-14.55.57:245][  0]LogConfig: Applying CVar settings from Section [ViewDistanceQuality@3] File [C:/Users/Yauheni_Dasko/source/repos/Building_Escape/BuildingEscape/Saved/Config/Windows/Scalability.ini]
[2019.01.04-14.55.57:245][  0]LogConfig: Setting CVar [[r.SkeletalMeshLODBias:0]]
[2019.01.04-14.55.57:245][  0]LogConfig: Setting CVar [[r.ViewDistanceScale:1.0]]
[2019.01.04-14.55.57:245][  0]LogConfig: Applying CVar settings from Section [AntiAliasingQuality@3] File [C:/Users/Yauheni_Dasko/source/repos/Building_Escape/BuildingEscape/Saved/Config/Windows/Scalability.ini]
[2019.01.04-14.55.57:245][  0]LogConfig: Setting CVar [[r.PostProcessAAQuality:4]]
[2019.01.04-14.55.57:245][  0]LogConfig: Applying CVar settings from Section [ShadowQuality@3] File [C:/Users/Yauheni_Dasko/source/repos/Building_Escape/BuildingEscape/Saved/Config/Windows/Scalability.ini]
[2019.01.04-14.55.57:245][  0]LogConfig: Setting CVar [[r.LightFunctionQuality:1]]
[2019.01.04-14.55.57:245][  0]LogConfig: Setting CVar [[r.ShadowQuality:5]]
[2019.01.04-14.55.57:245][  0]LogConfig: Setting CVar [[r.Shadow.CSM.MaxCascades:10]]
[2019.01.04-14.55.57:245][  0]LogConfig: Setting CVar [[r.Shadow.MaxResolution:2048]]
[2019.01.04-14.55.57:245][  0]LogConfig: Setting CVar [[r.Shadow.MaxCSMResolution:2048]]
[2019.01.04-14.55.57:245][  0]LogConfig: Setting CVar [[r.Shadow.RadiusThreshold:0.01]]
[2019.01.04-14.55.57:245][  0]LogConfig: Setting CVar [[r.Shadow.DistanceScale:1.0]]
[2019.01.04-14.55.57:245][  0]LogConfig: Setting CVar [[r.Shadow.CSM.TransitionScale:1.0]]
[2019.01.04-14.55.57:245][  0]LogConfig: Setting CVar [[r.Shadow.PreShadowResolutionFactor:1.0]]
[2019.01.04-14.55.57:245][  0]LogConfig: Setting CVar [[r.DistanceFieldShadowing:1]]
[2019.01.04-14.55.57:245][  0]LogConfig: Setting CVar [[r.DistanceFieldAO:1]]
[2019.01.04-14.55.57:245][  0]LogConfig: Setting CVar [[r.AOQuality:2]]
[2019.01.04-14.55.57:245][  0]LogConfig: Setting CVar [[r.VolumetricFog:1]]
[2019.01.04-14.55.57:245][  0]LogConfig: Setting CVar [[r.VolumetricFog.GridPixelSize:8]]
[2019.01.04-14.55.57:246][  0]LogConfig: Setting CVar [[r.VolumetricFog.GridSizeZ:128]]
[2019.01.04-14.55.57:246][  0]LogConfig: Setting CVar [[r.VolumetricFog.HistoryMissSupersampleCount:4]]
[2019.01.04-14.55.57:246][  0]LogConfig: Setting CVar [[r.LightMaxDrawDistanceScale:1]]
[2019.01.04-14.55.57:246][  0]LogConfig: Setting CVar [[r.CapsuleShadows:1]]
[2019.01.04-14.55.57:246][  0]LogConfig: Applying CVar settings from Section [PostProcessQuality@3] File [C:/Users/Yauheni_Dasko/source/repos/Building_Escape/BuildingEscape/Saved/Config/Windows/Scalability.ini]
[2019.01.04-14.55.57:246][  0]LogConfig: Setting CVar [[r.MotionBlurQuality:4]]
[2019.01.04-14.55.57:246][  0]LogConfig: Setting CVar [[r.AmbientOcclusionMipLevelFactor:0.4]]
[2019.01.04-14.55.57:246][  0]LogConfig: Setting CVar [[r.AmbientOcclusionMaxQuality:100]]
[2019.01.04-14.55.57:246][  0]LogConfig: Setting CVar [[r.AmbientOcclusionLevels:-1]]
[2019.01.04-14.55.57:246][  0]LogConfig: Setting CVar [[r.AmbientOcclusionRadiusScale:1.0]]
[2019.01.04-14.55.57:246][  0]LogConfig: Setting CVar [[r.DepthOfFieldQuality:2]]
[2019.01.04-14.55.57:246][  0]LogConfig: Setting CVar [[r.RenderTargetPoolMin:400]]
[2019.01.04-14.55.57:246][  0]LogConfig: Setting CVar [[r.LensFlareQuality:2]]
[2019.01.04-14.55.57:246][  0]LogConfig: Setting CVar [[r.SceneColorFringeQuality:1]]
[2019.01.04-14.55.57:246][  0]LogConfig: Setting CVar [[r.EyeAdaptationQuality:2]]
[2019.01.04-14.55.57:246][  0]LogConfig: Setting CVar [[r.BloomQuality:5]]
[2019.01.04-14.55.57:246][  0]LogConfig: Setting CVar [[r.FastBlurThreshold:100]]
[2019.01.04-14.55.57:246][  0]LogConfig: Setting CVar [[r.Upscale.Quality:3]]
[2019.01.04-14.55.57:246][  0]LogConfig: Setting CVar [[r.Tonemapper.GrainQuantization:1]]
[2019.01.04-14.55.57:246][  0]LogConfig: Setting CVar [[r.LightShaftQuality:1]]
[2019.01.04-14.55.57:246][  0]LogConfig: Setting CVar [[r.Filter.SizeScale:1]]
[2019.01.04-14.55.57:246][  0]LogConfig: Setting CVar [[r.Tonemapper.Quality:5]]
[2019.01.04-14.55.57:246][  0]LogConfig: Setting CVar [[r.DOF.Gather.AccumulatorQuality:1        ; higher gathering accumulator quality]]
[2019.01.04-14.55.57:246][  0]LogConfig: Setting CVar [[r.DOF.Gather.PostfilterMethod:1          ; Median3x3 postfilering method]]
[2019.01.04-14.55.57:246][  0]LogConfig: Setting CVar [[r.DOF.Gather.EnableBokehSettings:0       ; no bokeh simulation when gathering]]
[2019.01.04-14.55.57:246][  0]LogConfig: Setting CVar [[r.DOF.Gather.RingCount:4                 ; medium number of samples when gathering]]
[2019.01.04-14.55.57:246][  0]LogConfig: Setting CVar [[r.DOF.Scatter.ForegroundCompositing:1    ; additive foreground scattering]]
[2019.01.04-14.55.57:246][  0]LogConfig: Setting CVar [[r.DOF.Scatter.BackgroundCompositing:2    ; additive background scattering]]
[2019.01.04-14.55.57:246][  0]LogConfig: Setting CVar [[r.DOF.Scatter.EnableBokehSettings:1      ; bokeh simulation when scattering]]
[2019.01.04-14.55.57:246][  0]LogConfig: Setting CVar [[r.DOF.Scatter.MaxSpriteRatio:0.1         ; only a maximum of 10% of scattered bokeh]]
[2019.01.04-14.55.57:246][  0]LogConfig: Setting CVar [[r.DOF.Recombine.Quality:1                ; cheap slight out of focus]]
[2019.01.04-14.55.57:246][  0]LogConfig: Setting CVar [[r.DOF.Recombine.EnableBokehSettings:0    ; no bokeh simulation on slight out of focus]]
[2019.01.04-14.55.57:246][  0]LogConfig: Setting CVar [[r.DOF.TemporalAAQuality:1                ; more stable temporal accumulation]]
[2019.01.04-14.55.57:246][  0]LogConfig: Setting CVar [[r.DOF.Kernel.MaxForegroundRadius:0.025]]
[2019.01.04-14.55.57:246][  0]LogConfig: Setting CVar [[r.DOF.Kernel.MaxBackgroundRadius:0.025]]
[2019.01.04-14.55.57:246][  0]LogConfig: Applying CVar settings from Section [TextureQuality@3] File [C:/Users/Yauheni_Dasko/source/repos/Building_Escape/BuildingEscape/Saved/Config/Windows/Scalability.ini]
[2019.01.04-14.55.57:246][  0]LogConfig: Setting CVar [[r.Streaming.MipBias:0]]
[2019.01.04-14.55.57:246][  0]LogConfig: Setting CVar [[r.Streaming.AmortizeCPUToGPUCopy:0]]
[2019.01.04-14.55.57:246][  0]LogConfig: Setting CVar [[r.Streaming.MaxNumTexturesToStreamPerFrame:0]]
[2019.01.04-14.55.57:246][  0]LogConfig: Setting CVar [[r.Streaming.Boost:1]]
[2019.01.04-14.55.57:246][  0]LogConfig: Setting CVar [[r.MaxAnisotropy:8]]
[2019.01.04-14.55.57:246][  0]LogConfig: Setting CVar [[r.Streaming.LimitPoolSizeToVRAM:0]]
[2019.01.04-14.55.57:246][  0]LogConfig: Setting CVar [[r.Streaming.PoolSize:1000]]
[2019.01.04-14.55.57:246][  0]LogConfig: Setting CVar [[r.Streaming.MaxEffectiveScreenSize:0]]
[2019.01.04-14.55.57:246][  0]LogConfig: Applying CVar settings from Section [EffectsQuality@3] File [C:/Users/Yauheni_Dasko/source/repos/Building_Escape/BuildingEscape/Saved/Config/Windows/Scalability.ini]
[2019.01.04-14.55.57:246][  0]LogConfig: Setting CVar [[r.TranslucencyLightingVolumeDim:64]]
[2019.01.04-14.55.57:246][  0]LogConfig: Setting CVar [[r.RefractionQuality:2]]
[2019.01.04-14.55.57:246][  0]LogConfig: Setting CVar [[r.SSR.Quality:3]]
[2019.01.04-14.55.57:246][  0]LogConfig: Setting CVar [[r.SceneColorFormat:4]]
[2019.01.04-14.55.57:246][  0]LogConfig: Setting CVar [[r.DetailMode:2]]
[2019.01.04-14.55.57:246][  0]LogConfig: Setting CVar [[r.TranslucencyVolumeBlur:1]]
[2019.01.04-14.55.57:246][  0]LogConfig: Setting CVar [[r.MaterialQualityLevel:1 ; High quality]]
[2019.01.04-14.55.57:246][  0]LogConfig: Setting CVar [[r.SSS.Scale:1]]
[2019.01.04-14.55.57:246][  0]LogConfig: Setting CVar [[r.SSS.SampleSet:2]]
[2019.01.04-14.55.57:246][  0]LogConfig: Setting CVar [[r.SSS.Quality:1]]
[2019.01.04-14.55.57:246][  0]LogConfig: Setting CVar [[r.SSS.HalfRes:1]]
[2019.01.04-14.55.57:247][  0]LogConfig: Setting CVar [[r.EmitterSpawnRateScale:1.0]]
[2019.01.04-14.55.57:247][  0]LogConfig: Setting CVar [[r.ParticleLightQuality:2]]
[2019.01.04-14.55.57:247][  0]LogConfig: Applying CVar settings from Section [FoliageQuality@3] File [C:/Users/Yauheni_Dasko/source/repos/Building_Escape/BuildingEscape/Saved/Config/Windows/Scalability.ini]
[2019.01.04-14.55.57:247][  0]LogConfig: Setting CVar [[foliage.DensityScale:1.0]]
[2019.01.04-14.55.57:247][  0]LogConfig: Setting CVar [[grass.DensityScale:1.0]]
[2019.01.04-14.55.57:247][  0]LogConfig: Applying CVar settings from Section [Startup] File [../../../Engine/Config/ConsoleVariables.ini]
[2019.01.04-14.55.57:247][  0]LogConfig: Setting CVar [[net.UseAdaptiveNetUpdateFrequency:0]]
[2019.01.04-14.55.57:247][  0]LogConfig: Applying CVar settings from Section [ConsoleVariables] File [C:/Users/Yauheni_Dasko/source/repos/Building_Escape/BuildingEscape/Saved/Config/Windows/Engine.ini]
[2019.01.04-14.55.57:247][  0]LogInit: Computer: EPBYMINW1694
[2019.01.04-14.55.57:247][  0]LogInit: User: YauheniDasko
[2019.01.04-14.55.57:247][  0]LogInit: CPU Page size=4096, Cores=2
[2019.01.04-14.55.57:247][  0]LogInit: High frequency timer resolution =2.835939 MHz
[2019.01.04-14.55.57:247][  0]LogMemory: Memory total: Physical=15.9GB (16GB approx)
[2019.01.04-14.55.57:247][  0]LogMemory: Platform Memory Stats for Windows
[2019.01.04-14.55.57:247][  0]LogMemory: Process Physical Memory: 103.02 MB used, 103.02 MB peak
[2019.01.04-14.55.57:247][  0]LogMemory: Process Virtual Memory: 85.01 MB used, 85.01 MB peak
[2019.01.04-14.55.57:247][  0]LogMemory: Physical Memory: 7429.86 MB used,  8833.34 MB free, 16263.20 MB total
[2019.01.04-14.55.57:247][  0]LogMemory: Virtual Memory: 4624.69 MB used,  134213104.00 MB free, 134217728.00 MB total
[2019.01.04-14.55.57:267][  0]LogInit: Using OS detected language (en-US).
[2019.01.04-14.55.57:267][  0]LogInit: Using OS detected locale (en-US).
[2019.01.04-14.55.57:268][  0]LogTextLocalizationManager: No specific localization for 'en-US' exists, so the 'en' localization will be used.
[2019.01.04-14.55.57:653][  0]LogStreaming: Display: Took  0.387s to InitEngineTextLocalization.
[2019.01.04-14.55.57:654][  0]LogInit: Setting process to per monitor DPI aware
[2019.01.04-14.55.57:696][  0]LogSlate: New Slate User Created.  User Index 0, Is Virtual User: 0
[2019.01.04-14.55.57:696][  0]LogSlate: Slate User Registered.  User Index 0, Is Virtual User: 0
[2019.01.04-14.55.57:965][  0]LogHMD: Failed to initialize OpenVR with code 110
[2019.01.04-14.55.57:965][  0]LogD3D11RHI: D3D11 adapters:
[2019.01.04-14.55.57:973][  0]LogD3D11RHI:    0. 'Intel(R) HD Graphics 620' (Feature Level 11_0)
[2019.01.04-14.55.57:973][  0]LogD3D11RHI:       128/0/8131 MB DedicatedVideo/DedicatedSystem/SharedSystem, Outputs:1, VendorId:0x8086
[2019.01.04-14.55.57:975][  0]LogD3D11RHI:    1. 'Microsoft Basic Render Driver' (Feature Level 11_0)
[2019.01.04-14.55.57:975][  0]LogD3D11RHI:       0/0/8131 MB DedicatedVideo/DedicatedSystem/SharedSystem, Outputs:0, VendorId:0x1414
[2019.01.04-14.55.57:975][  0]LogD3D11RHI: Chosen D3D11 Adapter: 0
[2019.01.04-14.55.57:980][  0]LogD3D11RHI: Creating new Direct3DDevice
[2019.01.04-14.55.57:980][  0]LogD3D11RHI:     GPU DeviceId: 0x5916 (for the marketing name, search the web for "GPU Device Id")
[2019.01.04-14.55.57:980][  0]LogWindows: EnumDisplayDevices:
[2019.01.04-14.55.57:981][  0]LogWindows:    0. 'Intel(R) HD Graphics 620' (P:1 D:1)
[2019.01.04-14.55.57:981][  0]LogWindows:    1. 'Intel(R) HD Graphics 620' (P:0 D:0)
[2019.01.04-14.55.57:981][  0]LogWindows:    2. 'Intel(R) HD Graphics 620' (P:0 D:0)
[2019.01.04-14.55.57:981][  0]LogWindows: DebugString: FoundDriverCount:3 
[2019.01.04-14.55.57:981][  0]LogD3D11RHI:     Adapter Name: Intel(R) HD Graphics 620
[2019.01.04-14.55.57:981][  0]LogD3D11RHI:   Driver Version: 21.20.16.4590 (internal:21.20.16.4590, unified:21.20.16.4590)
[2019.01.04-14.55.57:981][  0]LogD3D11RHI:      Driver Date: 1-18-2017
[2019.01.04-14.55.57:981][  0]LogRHI: Texture pool is 1523 MB (70% of 2176 MB)
[2019.01.04-14.55.58:018][  0]LogD3D11RHI: [IntelMetricsDiscovery] Started
[2019.01.04-14.55.58:018][  0]LogD3D11RHI: Async texture creation enabled
[2019.01.04-14.55.58:031][  0]LogD3D11RHI: GPU Timing Frequency: 12.000000 (Debug: 2 0)
[2019.01.04-14.55.58:388][  0]LogTemp: Display: Loaded TP AllDesktopTargetPlatform
[2019.01.04-14.55.58:400][  0]LogTemp: Display: Loaded TP MacClientTargetPlatform
[2019.01.04-14.55.58:411][  0]LogTemp: Display: Loaded TP MacNoEditorTargetPlatform
[2019.01.04-14.55.58:422][  0]LogTemp: Display: Loaded TP MacServerTargetPlatform
[2019.01.04-14.55.58:434][  0]LogTemp: Display: Loaded TP MacTargetPlatform
[2019.01.04-14.55.58:446][  0]LogTemp: Display: Loaded TP WindowsClientTargetPlatform
[2019.01.04-14.55.58:457][  0]LogTemp: Display: Loaded TP WindowsNoEditorTargetPlatform
[2019.01.04-14.55.58:468][  0]LogTemp: Display: Loaded TP WindowsServerTargetPlatform
[2019.01.04-14.55.58:474][  0]LogTemp: Display: Loaded TP WindowsTargetPlatform
[2019.01.04-14.55.58:539][  0]LogTemp: Display: Loaded TP AndroidTargetPlatform
[2019.01.04-14.55.58:539][  0]LogTemp: Display: Loaded TP AndroidTargetPlatform
[2019.01.04-14.55.58:539][  0]LogTemp: Display: Loaded TP AndroidTargetPlatform
[2019.01.04-14.55.58:539][  0]LogTemp: Display: Loaded TP AndroidTargetPlatform
[2019.01.04-14.55.58:539][  0]LogTemp: Display: Loaded TP AndroidTargetPlatform
[2019.01.04-14.55.58:539][  0]LogTemp: Display: Loaded TP AndroidTargetPlatform
[2019.01.04-14.55.58:539][  0]LogTemp: Display: Loaded TP AndroidTargetPlatform
[2019.01.04-14.55.58:539][  0]LogTemp: Display: Loaded TP AndroidTargetPlatform
[2019.01.04-14.55.58:539][  0]LogTemp: Display: Loaded TP AndroidTargetPlatform
[2019.01.04-14.55.58:539][  0]LogTemp: Display: Loaded TP AndroidTargetPlatform
[2019.01.04-14.55.58:539][  0]LogTemp: Display: Loaded TP AndroidTargetPlatform
[2019.01.04-14.55.58:539][  0]LogTemp: Display: Loaded TP AndroidTargetPlatform
[2019.01.04-14.55.58:539][  0]LogTemp: Display: Loaded TP AndroidTargetPlatform
[2019.01.04-14.55.58:539][  0]LogTemp: Display: Loaded TP AndroidTargetPlatform
[2019.01.04-14.55.58:539][  0]LogTemp: Display: Loaded TP AndroidTargetPlatform
[2019.01.04-14.55.58:539][  0]LogTemp: Display: Loaded TP AndroidTargetPlatform
[2019.01.04-14.55.58:539][  0]LogTemp: Display: Loaded TP AndroidTargetPlatform
[2019.01.04-14.55.58:539][  0]LogTemp: Display: Loaded TP AndroidTargetPlatform
[2019.01.04-14.55.58:541][  0]LogTemp: Display: Loaded TP HTML5TargetPlatform
[2019.01.04-14.55.58:605][  0]LogTemp: Display: Loaded TP IOSTargetPlatform
[2019.01.04-14.55.58:605][  0]LogTemp: Display: Loaded TP IOSTargetPlatform
[2019.01.04-14.55.58:638][  0]LogTemp: Display: Loaded TP TVOSTargetPlatform
[2019.01.04-14.55.58:638][  0]LogTemp: Display: Loaded TP TVOSTargetPlatform
[2019.01.04-14.55.58:649][  0]LogTemp: Display: Loaded TP LinuxClientTargetPlatform
[2019.01.04-14.55.58:660][  0]LogTemp: Display: Loaded TP LinuxNoEditorTargetPlatform
[2019.01.04-14.55.58:670][  0]LogTemp: Display: Loaded TP LinuxServerTargetPlatform
[2019.01.04-14.55.58:682][  0]LogTemp: Display: Loaded TP LinuxTargetPlatform
[2019.01.04-14.55.58:720][  0]LogTemp: Display: Loaded TP LuminTargetPlatform
[2019.01.04-14.55.58:720][  0]LogTemp: Display: Loaded TP LuminTargetPlatform
[2019.01.04-14.55.58:720][  0]LogTargetPlatformManager: Display: Building Assets For Windows
[2019.01.04-14.55.58:775][  0]LogShaderCompilers: Guid format shader working directory is -28 characters bigger than the processId version (../../../../../../Users/Yauheni_Dasko/source/repos/Building_Escape/BuildingEscape/Intermediate/Shaders/WorkingDirectory/21440/).
[2019.01.04-14.55.58:776][  0]LogShaderCompilers: Cleaned the shader compiler working directory 'C:/Users/Yauheni_Dasko/AppData/Local/Temp/UnrealShaderWorkingDir/F8DA10FA4F4C3DFF6EE39C9D170790DA/'.
[2019.01.04-14.55.58:779][  0]LogXGEController: Cannot use XGE Controller as Incredibuild is not installed on this machine.
[2019.01.04-14.55.58:779][  0]LogShaderCompilers: Cannot use XGE Shader Compiler as Incredibuild is not installed on this machine.
[2019.01.04-14.55.58:779][  0]LogShaderCompilers: Display: Using Local Shader Compiler.
[2019.01.04-14.55.59:250][  0]LogDerivedDataCache: Display: Max Cache Size: 512 MB
[2019.01.04-14.55.59:301][  0]LogDerivedDataCache: Loaded boot cache 0.05s 71MB C:/Users/Yauheni_Dasko/AppData/Local/UnrealEngine/4.21/DerivedDataCache/Boot.ddc.
[2019.01.04-14.55.59:301][  0]LogDerivedDataCache: Display: Loaded Boot cache: C:/Users/Yauheni_Dasko/AppData/Local/UnrealEngine/4.21/DerivedDataCache/Boot.ddc
[2019.01.04-14.55.59:301][  0]LogDerivedDataCache: FDerivedDataBackendGraph:  Pak pak cache file ../../../../../../Users/Yauheni_Dasko/source/repos/Building_Escape/BuildingEscape/DerivedDataCache/DDC.ddp not found, will not use a pak cache.
[2019.01.04-14.55.59:301][  0]LogDerivedDataCache: Unable to find inner node Pak for hierarchical cache Hierarchy.
[2019.01.04-14.55.59:301][  0]LogDerivedDataCache: FDerivedDataBackendGraph:  CompressedPak pak cache file ../../../../../../Users/Yauheni_Dasko/source/repos/Building_Escape/BuildingEscape/DerivedDataCache/Compressed.ddp not found, will not use a pak cache.
[2019.01.04-14.55.59:301][  0]LogDerivedDataCache: Unable to find inner node CompressedPak for hierarchical cache Hierarchy.
[2019.01.04-14.55.59:313][  0]LogDerivedDataCache: Display: Pak cache opened for reading ../../../Engine/DerivedDataCache/Compressed.ddp.
[2019.01.04-14.55.59:316][  0]LogDerivedDataCache: Display: Pak cache opened for reading ../../../Enterprise/DerivedDataCache/Compressed.ddp.
[2019.01.04-14.55.59:332][  0]LogDerivedDataCache: Using Local data cache path C:/Users/Yauheni_Dasko/AppData/Local/UnrealEngine/Common/DerivedDataCache: Writable
[2019.01.04-14.55.59:332][  0]LogDerivedDataCache: Shared data cache path not found in *engine.ini, will not use an Shared cache.
[2019.01.04-14.55.59:332][  0]LogDerivedDataCache: Unable to find inner node Shared for hierarchical cache Hierarchy.
[2019.01.04-14.55.59:353][  0]LogMaterial: Verifying Global Shaders for PCD3D_SM5
[2019.01.04-14.55.59:354][  0]LogSlate: Using FreeType 2.6.0
[2019.01.04-14.55.59:355][  0]LogSlate: SlateFontServices - WITH_FREETYPE: 1, WITH_HARFBUZZ: 1
[2019.01.04-14.55.59:444][  0]LogAssetRegistry: FAssetRegistry took 0.0317 seconds to start up
[2019.01.04-14.55.59:738][  0]LogInit: Selected Device Profile: [Windows]
[2019.01.04-14.55.59:875][  0]LogSimplygon: Simplygon DLL not present - disabling.
[2019.01.04-14.55.59:879][  0]LogMeshReduction: Using SimplygonSwarm for distributed automatic mesh merging
[2019.01.04-14.55.59:879][  0]LogMeshReduction: Using ProxyLODMeshReduction for automatic mesh merging
[2019.01.04-14.55.59:879][  0]LogMeshReduction: Using QuadricMeshReduction for automatic static mesh reduction
[2019.01.04-14.55.59:879][  0]LogMeshReduction: No automatic skeletal mesh reduction module available
[2019.01.04-14.55.59:893][  0]LogNetVersion: BuildingEscape 1.0.0, NetCL: 4541578, EngineNetVer: 5, GameNetVer: 0 (Checksum: 3852057107)
[2019.01.04-14.56.00:431][  0]LogPackageLocalizationCache: Processed 14 localized package path(s) for 2 prioritized culture(s) in 0.109186 seconds
[2019.01.04-14.56.00:438][  0]LogUObjectArray: 39775 objects as part of root set at end of initial load.
[2019.01.04-14.56.00:438][  0]LogUObjectAllocator: 6914664 out of 0 bytes used by permanent object pool.
[2019.01.04-14.56.00:438][  0]LogUObjectArray: CloseDisregardForGC: 0/0 objects in disregard for GC pool
[2019.01.04-14.56.01:313][  0]LogTcpMessaging: Initializing TcpMessaging bridge
[2019.01.04-14.56.01:328][  0]LogUdpMessaging: Initializing bridge on interface 0.0.0.0:0 to multicast group 230.0.0.1:6666.
[2019.01.04-14.56.02:056][  0]SourceControl: Source control is disabled
[2019.01.04-14.56.02:056][  0]SourceControl: Source control is disabled
[2019.01.04-14.56.02:058][  0]SourceControl: Source control is disabled
[2019.01.04-14.56.02:059][  0]SourceControl: Source control is disabled
[2019.01.04-14.56.02:241][  0]LogAndroidPermission: UAndroidPermissionCallbackProxy::GetInstance
[2019.01.04-14.56.02:310][  0]LogOcInput: OculusInput pre-init called
[2019.01.04-14.56.03:747][  0]LogEngine: Initializing Engine...
[2019.01.04-14.56.03:748][  0]LogHMD: Failed to initialize OpenVR with code 110
[2019.01.04-14.56.03:749][  0]LogStats: UGameplayTagsManager::ConstructGameplayTagTree: ImportINI prefixes -  0.000 s
[2019.01.04-14.56.03:749][  0]LogStats: UGameplayTagsManager::ConstructGameplayTagTree: Construct from data asset -  0.000 s
[2019.01.04-14.56.03:749][  0]LogStats: UGameplayTagsManager::ConstructGameplayTagTree: ImportINI -  0.000 s
[2019.01.04-14.56.03:749][  0]LogStats: UGameplayTagsManager::ConstructGameplayTagTree: GameplayTagTreeChangedEvent.Broadcast -  0.000 s
[2019.01.04-14.56.03:981][  0]LogInit: Initializing FReadOnlyCVARCache
[2019.01.04-14.56.03:992][  0]LogAIModule: Creating AISystem for world Untitled
[2019.01.04-14.56.04:001][  0]LogInit: XAudio2 using 'Headset Earphone (Plantronics C320-M)' : 2 channels at 48 kHz using 16 bits per sample (channel mask 0x3)
[2019.01.04-14.56.04:013][  0]LogInit: FAudioDevice initialized.
[2019.01.04-14.56.04:013][  0]LogNetVersion: Set ProjectVersion to 1.0.0.0. Version Checksum will be recalculated on next use.
[2019.01.04-14.56.04:087][  0]LogDerivedDataCache: Saved boot cache 0.07s 71MB C:/Users/Yauheni_Dasko/AppData/Local/UnrealEngine/4.21/DerivedDataCache/Boot.ddc.
[2019.01.04-14.56.04:100][  0]LogInit: Texture streaming: Enabled
[2019.01.04-14.56.04:116][  0]LogEngineSessionManager: EngineSessionManager initialized
[2019.01.04-14.56.04:128][  0]LogInit: Transaction tracking system initialized
[2019.01.04-14.56.04:151][  0]BlueprintLog: New page: Editor Load
[2019.01.04-14.56.04:221][  0]LocalizationService: Localization service is disabled
[2019.01.04-14.56.04:671][  0]LogFileCache: Scanning file cache for directory 'C:/Users/Yauheni_Dasko/source/repos/Building_Escape/BuildingEscape/Content/' took 0.02s
[2019.01.04-14.56.04:671][  0]LogCook: Display: Max memory allowance for cook 16384mb min free memory 0mb
[2019.01.04-14.56.04:671][  0]LogCook: Display: Mobile HDR setting 1
[2019.01.04-14.56.04:671][  0]LogGameplayTags: Display: UGameplayTagsManager::DoneAddingNativeTags. DelegateIsBound: 0
[2019.01.04-14.56.04:671][  0]LogStats: UGameplayTagsManager::ConstructGameplayTagTree: ImportINI prefixes -  0.000 s
[2019.01.04-14.56.04:671][  0]LogStats: UGameplayTagsManager::ConstructGameplayTagTree: Construct from data asset -  0.000 s
[2019.01.04-14.56.04:671][  0]LogStats: UGameplayTagsManager::ConstructGameplayTagTree: ImportINI -  0.000 s
[2019.01.04-14.56.04:671][  0]LogStats: UGameplayTagsManager::ConstructGameplayTagTree: GameplayTagTreeChangedEvent.Broadcast -  0.000 s
[2019.01.04-14.56.05:997][  0]SourceControl: Source control is disabled
[2019.01.04-14.56.05:997][  0]Cmd: MAP LOAD FILE="../../../../../../Users/Yauheni_Dasko/source/repos/Building_Escape/BuildingEscape/Content/NewMap.umap" TEMPLATE=0 SHOWPROGRESS=1 FEATURELEVEL=3
[2019.01.04-14.56.05:997][  0]LightingResults: New page: Lighting Build
[2019.01.04-14.56.06:000][  0]MapCheck: New page: Map Check
[2019.01.04-14.56.06:000][  0]LightingResults: New page: Lighting Build
[2019.01.04-14.56.06:281][  0]LogAIModule: Creating AISystem for world NewMap
[2019.01.04-14.56.06:288][  0]LogEditorServer: Finished looking for orphan Actors (0.000 secs)
[2019.01.04-14.56.06:340][  0]Cmd: MAP CHECKDEP NOCLEARLOG
[2019.01.04-14.56.06:340][  0]MapCheck: Map check complete: 0 Error(s), 0 Warning(s), took 0.204ms to complete.
[2019.01.04-14.56.06:340][  0]LogFileHelpers: Loading map 'NewMap' took 0.343
[2019.01.04-14.56.06:486][  0]LogSlate: Updating window title bar state: overlay mode, drag disabled, window buttons hidden, title bar hidden
[2019.01.04-14.56.06:493][  0]LogSlate: Updating window title bar state: overlay mode, drag disabled, window buttons hidden, title bar hidden
[2019.01.04-14.56.06:495][  0]LogSlate: Updating window title bar state: overlay mode, drag disabled, window buttons hidden, title bar hidden
[2019.01.04-14.56.06:507][  0]LogSlate: Updating window title bar state: overlay mode, drag disabled, window buttons hidden, title bar hidden
[2019.01.04-14.56.06:514][  0]LogCollectionManager: Loaded 0 collections in 0.002395 seconds
[2019.01.04-14.56.06:576][  0]LogFileCache: Scanning file cache for directory 'C:/Users/Yauheni_Dasko/source/repos/Building_Escape/BuildingEscape/Saved/Collections/' took 0.01s
[2019.01.04-14.56.06:576][  0]LogFileCache: Scanning file cache for directory 'C:/Users/Yauheni_Dasko/source/repos/Building_Escape/BuildingEscape/Content/Developers/YauheniDasko/Collections/' took 0.01s
[2019.01.04-14.56.06:576][  0]LogFileCache: Scanning file cache for directory 'C:/Users/Yauheni_Dasko/source/repos/Building_Escape/BuildingEscape/Content/Collections/' took 0.01s
[2019.01.04-14.56.06:576][  0]LogCollectionManager: Rebuilt the GUID cache for 0 collections in 0.000001 seconds
[2019.01.04-14.56.06:589][  0]LogContentBrowser: Native class hierarchy populated in 0.0124 seconds. Added 2713 classes and 655 folders.
[2019.01.04-14.56.06:595][  0]LogContentBrowser: Native class hierarchy updated for 'WidgetCarousel' in 0.0004 seconds. Added 0 classes and 0 folders.
[2019.01.04-14.56.06:599][  0]LogPakFile: Registered encryption key '00000000000000000000000000000000': 0 pak files mounted, 0 remain pending
[2019.01.04-14.56.06:601][  0]LogPakFile: Registered encryption key '00000000000000000000000000000000': 0 pak files mounted, 0 remain pending
[2019.01.04-14.56.06:601][  0]LogPakFile: Registered encryption key '00000000000000000000000000000000': 0 pak files mounted, 0 remain pending
[2019.01.04-14.56.06:602][  0]LogPakFile: Registered encryption key '00000000000000000000000000000000': 0 pak files mounted, 0 remain pending
[2019.01.04-14.56.06:602][  0]LogPakFile: Registered encryption key '00000000000000000000000000000000': 0 pak files mounted, 0 remain pending
[2019.01.04-14.56.06:603][  0]LogPakFile: Registered encryption key '00000000000000000000000000000000': 0 pak files mounted, 0 remain pending
[2019.01.04-14.56.06:603][  0]LogPakFile: Registered encryption key '00000000000000000000000000000000': 0 pak files mounted, 0 remain pending
[2019.01.04-14.56.06:604][  0]LogPakFile: Registered encryption key '00000000000000000000000000000000': 0 pak files mounted, 0 remain pending
[2019.01.04-14.56.06:604][  0]LogPakFile: Registered encryption key '00000000000000000000000000000000': 0 pak files mounted, 0 remain pending
[2019.01.04-14.56.06:605][  0]LogPakFile: Registered encryption key '00000000000000000000000000000000': 0 pak files mounted, 0 remain pending
[2019.01.04-14.56.06:605][  0]LogPakFile: Registered encryption key '00000000000000000000000000000000': 0 pak files mounted, 0 remain pending
[2019.01.04-14.56.06:606][  0]LogPakFile: Registered encryption key '00000000000000000000000000000000': 0 pak files mounted, 0 remain pending
[2019.01.04-14.56.06:606][  0]LogPakFile: Registered encryption key '00000000000000000000000000000000': 0 pak files mounted, 0 remain pending
[2019.01.04-14.56.06:607][  0]LogPakFile: Registered encryption key '00000000000000000000000000000000': 0 pak files mounted, 0 remain pending
[2019.01.04-14.56.06:607][  0]LogPakFile: Registered encryption key '00000000000000000000000000000000': 0 pak files mounted, 0 remain pending
[2019.01.04-14.56.06:608][  0]LogPakFile: Registered encryption key '00000000000000000000000000000000': 0 pak files mounted, 0 remain pending
[2019.01.04-14.56.06:608][  0]LogPakFile: Registered encryption key '00000000000000000000000000000000': 0 pak files mounted, 0 remain pending
[2019.01.04-14.56.06:608][  0]LogPakFile: Registered encryption key '00000000000000000000000000000000': 0 pak files mounted, 0 remain pending
[2019.01.04-14.56.06:608][  0]LogPakFile: Registered encryption key '00000000000000000000000000000000': 0 pak files mounted, 0 remain pending
[2019.01.04-14.56.06:609][  0]LogPakFile: Registered encryption key '00000000000000000000000000000000': 0 pak files mounted, 0 remain pending
[2019.01.04-14.56.06:609][  0]LogPakFile: Registered encryption key '00000000000000000000000000000000': 0 pak files mounted, 0 remain pending
[2019.01.04-14.56.06:610][  0]LogPakFile: Registered encryption key '00000000000000000000000000000000': 0 pak files mounted, 0 remain pending
[2019.01.04-14.56.06:610][  0]LogPakFile: Registered encryption key '00000000000000000000000000000000': 0 pak files mounted, 0 remain pending
[2019.01.04-14.56.06:611][  0]LogPakFile: Registered encryption key '00000000000000000000000000000000': 0 pak files mounted, 0 remain pending
[2019.01.04-14.56.06:611][  0]LogPakFile: Registered encryption key '00000000000000000000000000000000': 0 pak files mounted, 0 remain pending
[2019.01.04-14.56.06:612][  0]LogPakFile: Registered encryption key '00000000000000000000000000000000': 0 pak files mounted, 0 remain pending
[2019.01.04-14.56.06:612][  0]LogPakFile: Registered encryption key '00000000000000000000000000000000': 0 pak files mounted, 0 remain pending
[2019.01.04-14.56.06:613][  0]LogPakFile: Registered encryption key '00000000000000000000000000000000': 0 pak files mounted, 0 remain pending
[2019.01.04-14.56.06:653][  0]LogContentBrowser: Native class hierarchy updated for 'AddContentDialog' in 0.0003 seconds. Added 0 classes and 0 folders.
[2019.01.04-14.56.06:659][  0]LogContentBrowser: Native class hierarchy updated for 'SceneOutliner' in 0.0004 seconds. Added 1 classes and 2 folders.
[2019.01.04-14.56.06:672][  0]LogSlate: Took 0.000250 seconds to synchronously load lazily loaded font '../../../Engine/Content/Slate/Fonts/Roboto-Regular.ttf' (155K)
[2019.01.04-14.56.06:675][  0]LogSlate: Took 0.000217 seconds to synchronously load lazily loaded font '../../../Engine/Content/Slate/Fonts/Roboto-Bold.ttf' (160K)
[2019.01.04-14.56.06:683][  0]LogSlate: Took 0.000382 seconds to synchronously load lazily loaded font '../../../Engine/Content/Editor/Slate/Fonts/FontAwesome.ttf' (139K)
[2019.01.04-14.56.06:684][  0]LogSlate: Took 0.000678 seconds to synchronously load lazily loaded font '../../../Engine/Content/Slate/Fonts/DroidSansMono.ttf' (77K)
[2019.01.04-14.56.06:802][  0]LogRenderer: Reallocating scene render targets to support 880x512 Format 10 NumSamples 1 (Frame:1).
[2019.01.04-14.56.07:530][  0]LogContentBrowser: Native class hierarchy updated for 'HierarchicalLODOutliner' in 0.0004 seconds. Added 0 classes and 0 folders.
[2019.01.04-14.56.07:530][  0]LogLoad: (Engine Initialization) Total time: 11.89 seconds
[2019.01.04-14.56.07:530][  0]LogLoad: (Engine Initialization) Total Blueprint compile time: 0.00 seconds
[2019.01.04-14.56.07:605][  0]LogContentStreaming: Texture pool size now 1000 MB
[2019.01.04-14.56.07:634][  1]LogAssetRegistry: Asset discovery search completed in 8.2127 seconds
[2019.01.04-14.56.07:636][  1]LogCollectionManager: Rebuilt the object cache for 0 collections in 0.000000 seconds (found 0 objects)
[2019.01.04-14.56.07:636][  1]LogCollectionManager: Fixed up redirectors for 0 collections in 0.000228 seconds (updated 0 objects)
[2019.01.04-14.56.47:542][419]LogSlate: FSceneViewport::OnFocusLost() reason 0
[2019.01.04-14.56.47:598][419]LogSlate: Took 0.000408 seconds to synchronously load lazily loaded font '../../../Engine/Content/Slate/Fonts/Roboto-Light.ttf' (167K)
[2019.01.04-14.57.04:070][844]LogSlate: Took 0.000276 seconds to synchronously load lazily loaded font '../../../Engine/Content/Slate/Fonts/Roboto-Light.ttf' (167K)
[2019.01.04-14.57.04:085][844]LogFactory: FactoryCreateFile: SoundWave with ReimportSoundFactory (0 0 ../../../../../../Users/Yauheni_Dasko/Downloads/door-lock.wav)
[2019.01.04-14.57.13:654][171]LogAudioDerivedData: Display: Building compressed audio format OGG hash OGG wave door-lock...
[2019.01.04-14.57.13:734][171]LogAudioDerivedData: Display: Updated SoundWave->RawPCMDataSize from 0 to 100464 while cooking SoundWave /Game/Audio/door-lock.door-lock.
[2019.01.04-14.59.13:332][ 22]LogEditorViewport: Clicking on Actor (LMB): BP_Sky_Sphere_C (Sky Sphere)
[2019.01.04-14.59.14:008][ 41]LogEditorViewport: Clicking on Actor (LMB): Openable_Door_BP_C (Openable_Door_BP)
[2019.01.04-14.59.16:122][ 98]LogSlate: FSceneViewport::OnFocusLost() reason 0
[2019.01.04-14.59.16:183][ 99]LogAssetEditorManager: Opening Asset editor for Blueprint /Game/Openable_Door_BP.Openable_Door_BP
[2019.01.04-14.59.16:596][ 99]LogContentBrowser: Native class hierarchy updated for 'BlueprintGraph' in 0.0006 seconds. Added 117 classes and 0 folders.
[2019.01.04-14.59.20:105][187]LogSlate: Took 0.000456 seconds to synchronously load lazily loaded font '../../../Engine/Content/Slate/Fonts/Roboto-BoldCondensed.ttf' (158K)
[2019.01.04-14.59.20:174][188]LogSlate: Took 0.000507 seconds to synchronously load lazily loaded font '../../../Engine/Content/Slate/Fonts/Roboto-Italic.ttf' (157K)
[2019.01.04-15.00.13:889][642]LogSlate: Window 'Openable_Door_BP*' being destroyed
[2019.01.04-15.00.13:908][642]LogSlate: Window 'Openable_Door_BP*' being destroyed
[2019.01.04-15.00.17:856][801]LogSlate: FSceneViewport::OnFocusLost() reason 2
[2019.01.04-15.00.23:547][992]LogEditorViewport: Clicking on Actor (LMB): StaticMeshActor (Floor)
[2019.01.04-15.00.26:089][ 72]LogTemp: Repeating last play command: Selected Viewport
[2019.01.04-15.00.26:120][ 72]LogBlueprintUserMessages: Early PlayInEditor Detection: Level '/Game/NewMap.NewMap:PersistentLevel' has LevelScriptBlueprint '/Game/NewMap.NewMap:PersistentLevel.NewMap' with GeneratedClass '/Game/NewMap.NewMap_C' with ClassGeneratedBy '/Game/NewMap.NewMap:PersistentLevel.NewMap'
[2019.01.04-15.00.26:121][ 72]BlueprintLog: New page: Pre-Play auto-recompile
[2019.01.04-15.00.26:131][ 72]LogPlayLevel: [PlayLevel] Compiling Openable_Door_BP before play...
[2019.01.04-15.00.26:389][ 72]LogPlayLevel: PlayLevel: Blueprint regeneration took 268 ms (1 blueprints)
[2019.01.04-15.00.26:390][ 72]PIE: New page: PIE session: NewMap (Jan 4, 2019, 9:00:26 PM)
[2019.01.04-15.00.26:403][ 72]LogPlayLevel: Creating play world package: /Game/UEDPIE_0_NewMap
[2019.01.04-15.00.26:411][ 72]LogPlayLevel: PIE: StaticDuplicateObject took: (0.007057s)
[2019.01.04-15.00.26:412][ 72]LogAIModule: Creating AISystem for world NewMap
[2019.01.04-15.00.26:413][ 72]LogPlayLevel: PIE: World Init took: (0.001084s)
[2019.01.04-15.00.26:413][ 72]LogPlayLevel: PIE: Created PIE world by copying editor world from /Game/NewMap.NewMap to /Game/UEDPIE_0_NewMap.NewMap (0.009449s)
[2019.01.04-15.00.26:455][ 72]LogInit: XAudio2 using 'Headset Earphone (Plantronics C320-M)' : 2 channels at 48 kHz using 16 bits per sample (channel mask 0x3)
[2019.01.04-15.00.26:468][ 72]LogInit: FAudioDevice initialized.
[2019.01.04-15.00.26:468][ 72]LogSlate: FSceneViewport::OnFocusLost() reason 2
[2019.01.04-15.00.26:542][ 72]LogLoad: Game class is 'BuildingEscapeGameModeBase_BP_C'
[2019.01.04-15.00.26:544][ 72]LogWorld: Bringing World /Game/UEDPIE_0_NewMap.NewMap up for play (max tick rate 60) at 2019.01.04-18.00.26
[2019.01.04-15.00.26:545][ 72]LogWorld: Bringing up level for play took: 0.001476
[2019.01.04-15.00.26:563][ 72]LogContentBrowser: Native class hierarchy updated for 'MovieSceneCapture' in 0.0005 seconds. Added 20 classes and 0 folders.
[2019.01.04-15.00.26:565][ 72]PIE: Play in editor start time for /Game/UEDPIE_0_NewMap -0.383
[2019.01.04-15.00.26:565][ 72]LogBlueprintUserMessages: Late PlayInEditor Detection: Level '/Game/NewMap.NewMap:PersistentLevel' has LevelScriptBlueprint '/Game/NewMap.NewMap:PersistentLevel.NewMap' with GeneratedClass '/Game/NewMap.NewMap_C' with ClassGeneratedBy '/Game/NewMap.NewMap:PersistentLevel.NewMap'
[2019.01.04-15.00.32:181][287]LogBlueprintUserMessages: Early EndPlayMap Detection: Level '/Game/NewMap.NewMap:PersistentLevel' has LevelScriptBlueprint '/Game/NewMap.NewMap:PersistentLevel.NewMap' with GeneratedClass '/Game/NewMap.NewMap_C' with ClassGeneratedBy '/Game/NewMap.NewMap:PersistentLevel.NewMap'
[2019.01.04-15.00.32:183][287]LogSlate: Updating window title bar state: overlay mode, drag disabled, window buttons hidden, title bar hidden
[2019.01.04-15.00.32:248][287]LogPlayLevel: Display: Shutting down PIE online subsystems
[2019.01.04-15.00.32:250][287]LogBlueprintUserMessages: Late EndPlayMap Detection: Level '/Game/NewMap.NewMap:PersistentLevel' has LevelScriptBlueprint '/Game/NewMap.NewMap:PersistentLevel.NewMap' with GeneratedClass '/Game/NewMap.NewMap_C' with ClassGeneratedBy '/Game/NewMap.NewMap:PersistentLevel.NewMap'
[2019.01.04-15.00.32:307][287]LogSlate: Updating window title bar state: overlay mode, drag disabled, window buttons hidden, title bar hidden
[2019.01.04-15.00.32:356][288]LogPlayLevel: Display: Destroying online subsystem :Context_5
[2019.01.04-15.00.33:273][321]LogEditorViewport: Clicking on Actor (LMB): AmbientSound (door-lock)
[2019.01.04-15.00.48:423][738]LogEditorViewport: Clicking on Actor (LMB): AmbientSound (door-lock)
[2019.01.04-15.00.52:417][885]Cmd: DELETE
[2019.01.04-15.00.52:417][885]Cmd: ACTOR DELETE
[2019.01.04-15.00.52:434][885]LogEditorActor: Deleted Actor: AmbientSound
[2019.01.04-15.00.52:497][885]LogEditorActor: Deleted 1 Actors (0.074 secs)
[2019.01.04-15.00.53:295][913]LogEditorViewport: Clicking on Actor (LMB): Openable_Door_BP_C (Openable_Door_BP)
[2019.01.04-15.00.55:243][962]LogSlate: FSceneViewport::OnFocusLost() reason 0
[2019.01.04-15.01.49:018][605]LogAssetEditorManager: Opening Asset editor for Blueprint /Game/Openable_Door_BP.Openable_Door_BP
[2019.01.04-15.02.47:753][266]BlueprintLog: New page: Compile Openable_Door_BP
[2019.01.04-15.02.51:669][366]LogTemp: Repeating last play command: Selected Viewport
[2019.01.04-15.02.51:718][366]LogBlueprintUserMessages: Early PlayInEditor Detection: Level '/Game/NewMap.NewMap:PersistentLevel' has LevelScriptBlueprint '/Game/NewMap.NewMap:PersistentLevel.NewMap' with GeneratedClass '/Game/NewMap.NewMap_C' with ClassGeneratedBy '/Game/NewMap.NewMap:PersistentLevel.NewMap'
[2019.01.04-15.02.51:720][366]LogPlayLevel: PlayLevel: No blueprints needed recompiling
[2019.01.04-15.02.51:721][366]PIE: New page: PIE session: NewMap (Jan 4, 2019, 9:02:51 PM)
[2019.01.04-15.02.51:721][366]LogPlayLevel: Creating play world package: /Game/UEDPIE_0_NewMap
[2019.01.04-15.02.51:735][366]LogPlayLevel: PIE: StaticDuplicateObject took: (0.013298s)
[2019.01.04-15.02.51:737][366]LogAIModule: Creating AISystem for world NewMap
[2019.01.04-15.02.51:737][366]LogPlayLevel: PIE: World Init took: (0.001712s)
[2019.01.04-15.02.51:738][366]LogPlayLevel: PIE: Created PIE world by copying editor world from /Game/NewMap.NewMap to /Game/UEDPIE_0_NewMap.NewMap (0.016228s)
[2019.01.04-15.02.51:800][366]LogInit: XAudio2 using 'Headset Earphone (Plantronics C320-M)' : 2 channels at 48 kHz using 16 bits per sample (channel mask 0x3)
[2019.01.04-15.02.51:817][366]LogInit: FAudioDevice initialized.
[2019.01.04-15.02.51:862][366]LogLoad: Game class is 'BuildingEscapeGameModeBase_BP_C'
[2019.01.04-15.02.51:868][366]LogWorld: Bringing World /Game/UEDPIE_0_NewMap.NewMap up for play (max tick rate 60) at 2019.01.04-18.02.51
[2019.01.04-15.02.51:869][366]LogWorld: Bringing up level for play took: 0.004869
[2019.01.04-15.02.51:887][366]PIE: Play in editor start time for /Game/UEDPIE_0_NewMap 0.939
[2019.01.04-15.02.51:888][366]LogBlueprintUserMessages: Late PlayInEditor Detection: Level '/Game/NewMap.NewMap:PersistentLevel' has LevelScriptBlueprint '/Game/NewMap.NewMap:PersistentLevel.NewMap' with GeneratedClass '/Game/NewMap.NewMap_C' with ClassGeneratedBy '/Game/NewMap.NewMap:PersistentLevel.NewMap'
[2019.01.04-15.02.53:336][419]LogBlueprintUserMessages: Early EndPlayMap Detection: Level '/Game/NewMap.NewMap:PersistentLevel' has LevelScriptBlueprint '/Game/NewMap.NewMap:PersistentLevel.NewMap' with GeneratedClass '/Game/NewMap.NewMap_C' with ClassGeneratedBy '/Game/NewMap.NewMap:PersistentLevel.NewMap'
[2019.01.04-15.02.53:337][419]LogSlate: Updating window title bar state: overlay mode, drag disabled, window buttons hidden, title bar hidden
[2019.01.04-15.02.53:402][419]LogPlayLevel: Display: Shutting down PIE online subsystems
[2019.01.04-15.02.53:403][419]LogBlueprintUserMessages: Late EndPlayMap Detection: Level '/Game/NewMap.NewMap:PersistentLevel' has LevelScriptBlueprint '/Game/NewMap.NewMap:PersistentLevel.NewMap' with GeneratedClass '/Game/NewMap.NewMap_C' with ClassGeneratedBy '/Game/NewMap.NewMap:PersistentLevel.NewMap'
[2019.01.04-15.02.53:469][419]LogSlate: Updating window title bar state: overlay mode, drag disabled, window buttons hidden, title bar hidden
[2019.01.04-15.02.53:480][419]LogActorComponent: ReregisterComponent: (/Game/NewMap.NewMap:PersistentLevel.door-lock_2.AudioComponent0) Not currently registered. Aborting.
[2019.01.04-15.02.53:495][420]LogPlayLevel: Display: Destroying online subsystem :Context_7
[2019.01.04-15.02.56:852][516]LogEditorTransaction: Undo Move Node
[2019.01.04-15.02.57:514][545]LogEditorTransaction: Undo Create Pin Link
[2019.01.04-15.02.58:242][575]LogEditorTransaction: Undo Create Pin Link
[2019.01.04-15.04.46:607][101]LogEditorTransaction: Undo Add Key(s)
[2019.01.04-15.04.47:091][123]LogEditorTransaction: Undo Add new track
[2019.01.04-15.05.49:067][304]LogEditorViewport: Clicking on Actor (LMB): StaticMeshActor (Floor)
[2019.01.04-15.05.59:344][385]LogSlate: FSceneViewport::OnFocusLost() reason 2
[2019.01.04-15.06.01:510][449]BlueprintLog: New page: Compile Openable_Door_BP
[2019.01.04-15.06.56:941][435]BlueprintLog: New page: Compile Openable_Door_BP
[2019.01.04-15.07.23:103][551]LogSavePackage: Moving '../../../../../../Users/Yauheni_Dasko/source/repos/Building_Escape/BuildingEscape/Saved/NewMap_Auto18AF10E444D370717A8ABF686906D0891.tmp' to '../../../../../../Users/Yauheni_Dasko/source/repos/Building_Escape/BuildingEscape/Saved/Autosaves/Game/NewMap_Auto1.umap'
[2019.01.04-15.07.23:112][551]LogFileHelpers: Editor autosave (incl. sublevels) for '/Game/NewMap' took 0.217
[2019.01.04-15.07.23:112][551]LogFileHelpers: Editor autosave (incl. sublevels) for all levels took 0.217
[2019.01.04-15.07.23:115][551]OBJ SavePackage: Generating thumbnails for [1] asset(s) in package [/Game/Openable_Door_BP] ([1] browsable assets)...
[2019.01.04-15.07.23:145][551]OBJ SavePackage:     Rendered thumbnail for [Blueprint /Game/Openable_Door_BP.Openable_Door_BP]
[2019.01.04-15.07.23:146][551]OBJ SavePackage: Finished generating thumbnails for package [/Game/Openable_Door_BP]
[2019.01.04-15.07.23:181][551]LogSavePackage: Moving '../../../../../../Users/Yauheni_Dasko/source/repos/Building_Escape/BuildingEscape/Saved/Openable_Door_BP_Auto1C22F1D884B528C1152B61AB01CAA2A22.tmp' to '../../../../../../Users/Yauheni_Dasko/source/repos/Building_Escape/BuildingEscape/Saved/Autosaves/Game/Openable_Door_BP_Auto1.uasset'
[2019.01.04-15.07.23:185][551]OBJ SavePackage: Generating thumbnails for [1] asset(s) in package [/Game/Audio/door-lock] ([1] browsable assets)...
[2019.01.04-15.07.23:190][551]OBJ SavePackage:     Rendered thumbnail for [SoundWave /Game/Audio/door-lock.door-lock]
[2019.01.04-15.07.23:191][551]OBJ SavePackage: Finished generating thumbnails for package [/Game/Audio/door-lock]
[2019.01.04-15.07.23:198][551]LogSavePackage: Moving '../../../../../../Users/Yauheni_Dasko/source/repos/Building_Escape/BuildingEscape/Saved/door-lock_Auto1166DBDE94785962C1B896781684E58D4.tmp' to '../../../../../../Users/Yauheni_Dasko/source/repos/Building_Escape/BuildingEscape/Saved/Autosaves/Game/Audio/door-lock_Auto1.uasset'
[2019.01.04-15.07.23:201][551]LogFileHelpers: Auto-saving content packages took 0.087
[2019.01.04-15.08.42:128][597]Cmd: OBJ SAVEPACKAGE PACKAGE="/Game/NewMap" FILE="../../../../../../Users/Yauheni_Dasko/source/repos/Building_Escape/BuildingEscape/Content/NewMap.umap" SILENT=true AUTOSAVING=false KEEPDIRTY=false
[2019.01.04-15.08.42:466][597]LogSavePackage: Moving '../../../../../../Users/Yauheni_Dasko/source/repos/Building_Escape/BuildingEscape/Saved/NewMap326B49924D386A96AC8883A4D08FA0AE.tmp' to '../../../../../../Users/Yauheni_Dasko/source/repos/Building_Escape/BuildingEscape/Content/NewMap.umap'
[2019.01.04-15.08.42:504][597]LogFileHelpers: Saving map 'NewMap' took 0.377
[2019.01.04-15.08.42:544][597]Cmd: OBJ SAVEPACKAGE PACKAGE="/Game/Openable_Door_BP" FILE="../../../../../../Users/Yauheni_Dasko/source/repos/Building_Escape/BuildingEscape/Content/Openable_Door_BP.uasset" SILENT=true
[2019.01.04-15.08.42:590][597]LogSavePackage: Moving '../../../../../../Users/Yauheni_Dasko/source/repos/Building_Escape/BuildingEscape/Saved/Openable_Door_BP7257ACD94949187F53FF929CC7CAECF6.tmp' to '../../../../../../Users/Yauheni_Dasko/source/repos/Building_Escape/BuildingEscape/Content/Openable_Door_BP.uasset'
[2019.01.04-15.08.42:598][597]Cmd: OBJ SAVEPACKAGE PACKAGE="/Game/Audio/door-lock" FILE="../../../../../../Users/Yauheni_Dasko/source/repos/Building_Escape/BuildingEscape/Content/Audio/door-lock.uasset" SILENT=true
[2019.01.04-15.08.42:604][597]LogSavePackage: Moving '../../../../../../Users/Yauheni_Dasko/source/repos/Building_Escape/BuildingEscape/Saved/door-lockFD1D3E4B47391013A6942A99EA1398C6.tmp' to '../../../../../../Users/Yauheni_Dasko/source/repos/Building_Escape/BuildingEscape/Content/Audio/door-lock.uasset'
[2019.01.04-15.09.04:906][760]BlueprintLog: New page: Compile Openable_Door_BP
[2019.01.04-15.09.19:349][316]LogTemp: Repeating last play command: Selected Viewport
[2019.01.04-15.09.19:404][316]LogBlueprintUserMessages: Early PlayInEditor Detection: Level '/Game/NewMap.NewMap:PersistentLevel' has LevelScriptBlueprint '/Game/NewMap.NewMap:PersistentLevel.NewMap' with GeneratedClass '/Game/NewMap.NewMap_C' with ClassGeneratedBy '/Game/NewMap.NewMap:PersistentLevel.NewMap'
[2019.01.04-15.09.19:405][316]LogPlayLevel: PlayLevel: No blueprints needed recompiling
[2019.01.04-15.09.19:406][316]PIE: New page: PIE session: NewMap (Jan 4, 2019, 9:09:19 PM)
[2019.01.04-15.09.19:406][316]LogPlayLevel: Creating play world package: /Game/UEDPIE_0_NewMap
[2019.01.04-15.09.19:415][316]LogPlayLevel: PIE: StaticDuplicateObject took: (0.007880s)
[2019.01.04-15.09.19:416][316]LogAIModule: Creating AISystem for world NewMap
[2019.01.04-15.09.19:417][316]LogPlayLevel: PIE: World Init took: (0.001243s)
[2019.01.04-15.09.19:417][316]LogPlayLevel: PIE: Created PIE world by copying editor world from /Game/NewMap.NewMap to /Game/UEDPIE_0_NewMap.NewMap (0.010457s)
[2019.01.04-15.09.19:477][316]LogInit: XAudio2 using 'Headset Earphone (Plantronics C320-M)' : 2 channels at 48 kHz using 16 bits per sample (channel mask 0x3)
[2019.01.04-15.09.19:494][316]LogInit: FAudioDevice initialized.
[2019.01.04-15.09.19:534][316]LogLoad: Game class is 'BuildingEscapeGameModeBase_BP_C'
[2019.01.04-15.09.19:541][316]LogWorld: Bringing World /Game/UEDPIE_0_NewMap.NewMap up for play (max tick rate 60) at 2019.01.04-18.09.19
[2019.01.04-15.09.19:543][316]LogWorld: Bringing up level for play took: 0.005920
[2019.01.04-15.09.19:561][316]PIE: Play in editor start time for /Game/UEDPIE_0_NewMap 0.615
[2019.01.04-15.09.19:562][316]LogBlueprintUserMessages: Late PlayInEditor Detection: Level '/Game/NewMap.NewMap:PersistentLevel' has LevelScriptBlueprint '/Game/NewMap.NewMap:PersistentLevel.NewMap' with GeneratedClass '/Game/NewMap.NewMap_C' with ClassGeneratedBy '/Game/NewMap.NewMap:PersistentLevel.NewMap'
[2019.01.04-15.09.40:783][144]LogBlueprintUserMessages: Early EndPlayMap Detection: Level '/Game/NewMap.NewMap:PersistentLevel' has LevelScriptBlueprint '/Game/NewMap.NewMap:PersistentLevel.NewMap' with GeneratedClass '/Game/NewMap.NewMap_C' with ClassGeneratedBy '/Game/NewMap.NewMap:PersistentLevel.NewMap'
[2019.01.04-15.09.40:786][144]LogSlate: Updating window title bar state: overlay mode, drag disabled, window buttons hidden, title bar hidden
[2019.01.04-15.09.40:850][144]LogPlayLevel: Display: Shutting down PIE online subsystems
[2019.01.04-15.09.40:850][144]LogBlueprintUserMessages: Late EndPlayMap Detection: Level '/Game/NewMap.NewMap:PersistentLevel' has LevelScriptBlueprint '/Game/NewMap.NewMap:PersistentLevel.NewMap' with GeneratedClass '/Game/NewMap.NewMap_C' with ClassGeneratedBy '/Game/NewMap.NewMap:PersistentLevel.NewMap'
[2019.01.04-15.09.40:902][144]LogSlate: Updating window title bar state: overlay mode, drag disabled, window buttons hidden, title bar hidden
[2019.01.04-15.09.40:946][145]LogPlayLevel: Display: Destroying online subsystem :Context_8
[2019.01.04-15.10.12:932][279]LogSlate: FSceneViewport::OnFocusLost() reason 2
[2019.01.04-15.15.04:089][757]Cmd: OBJ SAVEPACKAGE PACKAGE="/Game/NewMap" FILE="../../../../../../Users/Yauheni_Dasko/source/repos/Building_Escape/BuildingEscape/Content/NewMap.umap" SILENT=true AUTOSAVING=false KEEPDIRTY=false
[2019.01.04-15.15.04:412][757]LogSavePackage: Moving '../../../../../../Users/Yauheni_Dasko/source/repos/Building_Escape/BuildingEscape/Saved/NewMap01EE8B23462363F100D628BDF6DA75E2.tmp' to '../../../../../../Users/Yauheni_Dasko/source/repos/Building_Escape/BuildingEscape/Content/NewMap.umap'
[2019.01.04-15.15.04:447][757]LogFileHelpers: Saving map 'NewMap' took 0.360
[2019.01.04-15.15.04:490][757]Cmd: OBJ SAVEPACKAGE PACKAGE="/Game/Openable_Door_BP" FILE="../../../../../../Users/Yauheni_Dasko/source/repos/Building_Escape/BuildingEscape/Content/Openable_Door_BP.uasset" SILENT=true
[2019.01.04-15.15.04:532][757]LogSavePackage: Moving '../../../../../../Users/Yauheni_Dasko/source/repos/Building_Escape/BuildingEscape/Saved/Openable_Door_BP6A332C0F4269CBEC00B6E89E6057C1BD.tmp' to '../../../../../../Users/Yauheni_Dasko/source/repos/Building_Escape/BuildingEscape/Content/Openable_Door_BP.uasset'
[2019.01.04-15.15.05:949][801]BlueprintLog: New page: Compile Openable_Door_BP
[2019.01.04-15.15.08:932][879]LogSlate: Window 'Openable_Door_BP' being destroyed
[2019.01.04-15.15.08:967][879]LogSlate: Window 'Openable_Door_BP' being destroyed
[2019.01.04-15.15.11:141][948]LogEditorViewport: Clicking on Actor (LMB): StaticMeshActor (Floor)
[2019.01.04-15.15.12:734][996]LogTemp: Repeating last play command: Selected Viewport
[2019.01.04-15.15.12:766][996]LogBlueprintUserMessages: Early PlayInEditor Detection: Level '/Game/NewMap.NewMap:PersistentLevel' has LevelScriptBlueprint '/Game/NewMap.NewMap:PersistentLevel.NewMap' with GeneratedClass '/Game/NewMap.NewMap_C' with ClassGeneratedBy '/Game/NewMap.NewMap:PersistentLevel.NewMap'
[2019.01.04-15.15.12:767][996]LogPlayLevel: PlayLevel: No blueprints needed recompiling
[2019.01.04-15.15.12:768][996]PIE: New page: PIE session: NewMap (Jan 4, 2019, 9:15:12 PM)
[2019.01.04-15.15.12:769][996]LogPlayLevel: Creating play world package: /Game/UEDPIE_0_NewMap
[2019.01.04-15.15.12:779][996]LogPlayLevel: PIE: StaticDuplicateObject took: (0.010153s)
[2019.01.04-15.15.12:781][996]LogAIModule: Creating AISystem for world NewMap
[2019.01.04-15.15.12:783][996]LogPlayLevel: PIE: World Init took: (0.002598s)
[2019.01.04-15.15.12:783][996]LogPlayLevel: PIE: Created PIE world by copying editor world from /Game/NewMap.NewMap to /Game/UEDPIE_0_NewMap.NewMap (0.014214s)
[2019.01.04-15.15.12:851][996]LogInit: XAudio2 using 'Headset Earphone (Plantronics C320-M)' : 2 channels at 48 kHz using 16 bits per sample (channel mask 0x3)
[2019.01.04-15.15.12:870][996]LogInit: FAudioDevice initialized.
[2019.01.04-15.15.12:871][996]LogSlate: FSceneViewport::OnFocusLost() reason 2
[2019.01.04-15.15.12:911][996]LogLoad: Game class is 'BuildingEscapeGameModeBase_BP_C'
[2019.01.04-15.15.12:917][996]LogWorld: Bringing World /Game/UEDPIE_0_NewMap.NewMap up for play (max tick rate 60) at 2019.01.04-18.15.12
[2019.01.04-15.15.12:919][996]LogWorld: Bringing up level for play took: 0.005904
[2019.01.04-15.15.12:938][996]PIE: Play in editor start time for /Game/UEDPIE_0_NewMap -0.007
[2019.01.04-15.15.12:940][996]LogBlueprintUserMessages: Late PlayInEditor Detection: Level '/Game/NewMap.NewMap:PersistentLevel' has LevelScriptBlueprint '/Game/NewMap.NewMap:PersistentLevel.NewMap' with GeneratedClass '/Game/NewMap.NewMap_C' with ClassGeneratedBy '/Game/NewMap.NewMap:PersistentLevel.NewMap'
[2019.01.04-15.16.03:715][988]LogBlueprintUserMessages: Early EndPlayMap Detection: Level '/Game/NewMap.NewMap:PersistentLevel' has LevelScriptBlueprint '/Game/NewMap.NewMap:PersistentLevel.NewMap' with GeneratedClass '/Game/NewMap.NewMap_C' with ClassGeneratedBy '/Game/NewMap.NewMap:PersistentLevel.NewMap'
[2019.01.04-15.16.03:717][988]LogSlate: Updating window title bar state: overlay mode, drag disabled, window buttons hidden, title bar hidden
[2019.01.04-15.16.03:780][988]LogPlayLevel: Display: Shutting down PIE online subsystems
[2019.01.04-15.16.03:780][988]LogBlueprintUserMessages: Late EndPlayMap Detection: Level '/Game/NewMap.NewMap:PersistentLevel' has LevelScriptBlueprint '/Game/NewMap.NewMap:PersistentLevel.NewMap' with GeneratedClass '/Game/NewMap.NewMap_C' with ClassGeneratedBy '/Game/NewMap.NewMap:PersistentLevel.NewMap'
[2019.01.04-15.16.03:830][988]LogSlate: Updating window title bar state: overlay mode, drag disabled, window buttons hidden, title bar hidden
[2019.01.04-15.16.03:865][989]LogPlayLevel: Display: Destroying online subsystem :Context_9
[2019.01.04-15.16.04:759][ 25]LogTemp: Repeating last play command: Selected Viewport
[2019.01.04-15.16.04:797][ 25]LogBlueprintUserMessages: Early PlayInEditor Detection: Level '/Game/NewMap.NewMap:PersistentLevel' has LevelScriptBlueprint '/Game/NewMap.NewMap:PersistentLevel.NewMap' with GeneratedClass '/Game/NewMap.NewMap_C' with ClassGeneratedBy '/Game/NewMap.NewMap:PersistentLevel.NewMap'
[2019.01.04-15.16.04:798][ 25]LogPlayLevel: PlayLevel: No blueprints needed recompiling
[2019.01.04-15.16.04:798][ 25]PIE: New page: PIE session: NewMap (Jan 4, 2019, 9:16:04 PM)
[2019.01.04-15.16.04:799][ 25]LogPlayLevel: Creating play world package: /Game/UEDPIE_0_NewMap
[2019.01.04-15.16.04:811][ 25]LogPlayLevel: PIE: StaticDuplicateObject took: (0.010943s)
[2019.01.04-15.16.04:812][ 25]LogAIModule: Creating AISystem for world NewMap
[2019.01.04-15.16.04:812][ 25]LogPlayLevel: PIE: World Init took: (0.000987s)
[2019.01.04-15.16.04:812][ 25]LogPlayLevel: PIE: Created PIE world by copying editor world from /Game/NewMap.NewMap to /Game/UEDPIE_0_NewMap.NewMap (0.012943s)
[2019.01.04-15.16.04:868][ 25]LogInit: XAudio2 using 'Headset Earphone (Plantronics C320-M)' : 2 channels at 48 kHz using 16 bits per sample (channel mask 0x3)
[2019.01.04-15.16.04:885][ 25]LogInit: FAudioDevice initialized.
[2019.01.04-15.16.04:886][ 25]LogSlate: FSceneViewport::OnFocusLost() reason 2
[2019.01.04-15.16.04:921][ 25]LogLoad: Game class is 'BuildingEscapeGameModeBase_BP_C'
[2019.01.04-15.16.04:923][ 25]LogWorld: Bringing World /Game/UEDPIE_0_NewMap.NewMap up for play (max tick rate 60) at 2019.01.04-18.16.04
[2019.01.04-15.16.04:924][ 25]LogWorld: Bringing up level for play took: 0.001823
[2019.01.04-15.16.04:939][ 25]PIE: Play in editor start time for /Game/UEDPIE_0_NewMap -0.006
[2019.01.04-15.16.04:939][ 25]LogBlueprintUserMessages: Late PlayInEditor Detection: Level '/Game/NewMap.NewMap:PersistentLevel' has LevelScriptBlueprint '/Game/NewMap.NewMap:PersistentLevel.NewMap' with GeneratedClass '/Game/NewMap.NewMap_C' with ClassGeneratedBy '/Game/NewMap.NewMap:PersistentLevel.NewMap'
[2019.01.04-15.16.05:935][ 61]LogBlueprintUserMessages: Early EndPlayMap Detection: Level '/Game/NewMap.NewMap:PersistentLevel' has LevelScriptBlueprint '/Game/NewMap.NewMap:PersistentLevel.NewMap' with GeneratedClass '/Game/NewMap.NewMap_C' with ClassGeneratedBy '/Game/NewMap.NewMap:PersistentLevel.NewMap'
[2019.01.04-15.16.05:936][ 61]LogSlate: Updating window title bar state: overlay mode, drag disabled, window buttons hidden, title bar hidden
[2019.01.04-15.16.06:004][ 61]LogPlayLevel: Display: Shutting down PIE online subsystems
[2019.01.04-15.16.06:006][ 61]LogBlueprintUserMessages: Late EndPlayMap Detection: Level '/Game/NewMap.NewMap:PersistentLevel' has LevelScriptBlueprint '/Game/NewMap.NewMap:PersistentLevel.NewMap' with GeneratedClass '/Game/NewMap.NewMap_C' with ClassGeneratedBy '/Game/NewMap.NewMap:PersistentLevel.NewMap'
[2019.01.04-15.16.06:064][ 61]LogSlate: Updating window title bar state: overlay mode, drag disabled, window buttons hidden, title bar hidden
[2019.01.04-15.16.06:086][ 62]LogPlayLevel: Display: Destroying online subsystem :Context_10
